{"/Users/admin/HackReactor/Front-End-Capstone/Atelier/client/src/components/App.jsx": {"path":"/Users/admin/HackReactor/Front-End-Capstone/Atelier/client/src/components/App.jsx","statementMap":{"0":{"start":{"line":10,"column":18},"end":{"line":10,"column":74}},"1":{"start":{"line":13,"column":19},"end":{"line":13,"column":64}},"2":{"start":{"line":13,"column":42},"end":{"line":13,"column":63}},"3":{"start":{"line":14,"column":2},"end":{"line":52,"column":4}}},"fnMap":{"0":{"name":"App","decl":{"start":{"line":12,"column":9},"end":{"line":12,"column":12}},"loc":{"start":{"line":12,"column":15},"end":{"line":53,"column":1}},"line":12},"1":{"name":"(anonymous_1)","decl":{"start":{"line":13,"column":31},"end":{"line":13,"column":32}},"loc":{"start":{"line":13,"column":42},"end":{"line":13,"column":63}},"line":13}},"branchMap":{"0":{"loc":{"start":{"line":50,"column":7},"end":{"line":50,"column":34}},"type":"cond-expr","locations":[{"start":{"line":50,"column":18},"end":{"line":50,"column":27}},{"start":{"line":50,"column":30},"end":{"line":50,"column":34}}],"line":50}},"s":{"0":1,"1":1,"2":6,"3":1},"f":{"0":1,"1":6},"b":{"0":[0,1]},"_coverageSchema":"1a1c01bbd47fc00a2c39e90264f33305004495a9","hash":"1be4bdab0d9aa4c33df94a30cba05e3d08071431"}
,"/Users/admin/HackReactor/Front-End-Capstone/Atelier/client/src/components/headerBar/index.jsx": {"path":"/Users/admin/HackReactor/Front-End-Capstone/Atelier/client/src/components/headerBar/index.jsx","statementMap":{"0":{"start":{"line":16,"column":19},"end":{"line":16,"column":32}},"1":{"start":{"line":17,"column":26},"end":{"line":17,"column":75}},"2":{"start":{"line":17,"column":49},"end":{"line":17,"column":74}},"3":{"start":{"line":19,"column":2},"end":{"line":24,"column":9}},"4":{"start":{"line":20,"column":4},"end":{"line":20,"column":36}},"5":{"start":{"line":21,"column":4},"end":{"line":21,"column":38}},"6":{"start":{"line":22,"column":4},"end":{"line":22,"column":33}},"7":{"start":{"line":23,"column":4},"end":{"line":23,"column":15}},"8":{"start":{"line":27,"column":4},"end":{"line":27,"column":57}},"9":{"start":{"line":31,"column":24},"end":{"line":33,"column":6}},"10":{"start":{"line":32,"column":6},"end":{"line":32,"column":73}},"11":{"start":{"line":34,"column":4},"end":{"line":38,"column":6}},"12":{"start":{"line":39,"column":4},"end":{"line":39,"column":23}},"13":{"start":{"line":43,"column":4},"end":{"line":47,"column":10}},"14":{"start":{"line":50,"column":2},"end":{"line":66,"column":4}}},"fnMap":{"0":{"name":"HeaderBar","decl":{"start":{"line":15,"column":9},"end":{"line":15,"column":18}},"loc":{"start":{"line":15,"column":21},"end":{"line":67,"column":1}},"line":15},"1":{"name":"(anonymous_1)","decl":{"start":{"line":17,"column":38},"end":{"line":17,"column":39}},"loc":{"start":{"line":17,"column":49},"end":{"line":17,"column":74}},"line":17},"2":{"name":"(anonymous_2)","decl":{"start":{"line":19,"column":12},"end":{"line":19,"column":13}},"loc":{"start":{"line":19,"column":18},"end":{"line":24,"column":3}},"line":19},"3":{"name":"productChangeHandler","decl":{"start":{"line":26,"column":11},"end":{"line":26,"column":31}},"loc":{"start":{"line":26,"column":39},"end":{"line":28,"column":3}},"line":26},"4":{"name":"renderProductList","decl":{"start":{"line":30,"column":11},"end":{"line":30,"column":28}},"loc":{"start":{"line":30,"column":31},"end":{"line":40,"column":3}},"line":30},"5":{"name":"(anonymous_5)","decl":{"start":{"line":31,"column":44},"end":{"line":31,"column":45}},"loc":{"start":{"line":32,"column":6},"end":{"line":32,"column":73}},"line":32}},"branchMap":{},"s":{"0":2,"1":2,"2":7,"3":2,"4":1,"5":1,"6":1,"7":1,"8":0,"9":2,"10":3,"11":2,"12":2,"13":2,"14":2},"f":{"0":2,"1":7,"2":1,"3":0,"4":2,"5":3},"b":{},"_coverageSchema":"1a1c01bbd47fc00a2c39e90264f33305004495a9","hash":"2b50976cecdcbdc484d1dba9c0dff9481772d5c1"}
,"/Users/admin/HackReactor/Front-End-Capstone/Atelier/client/src/components/headerBar/subComponents/cartDisplay.jsx": {"path":"/Users/admin/HackReactor/Front-End-Capstone/Atelier/client/src/components/headerBar/subComponents/cartDisplay.jsx","statementMap":{"0":{"start":{"line":6,"column":19},"end":{"line":6,"column":59}},"1":{"start":{"line":6,"column":42},"end":{"line":6,"column":58}},"2":{"start":{"line":7,"column":25},"end":{"line":7,"column":68}},"3":{"start":{"line":7,"column":48},"end":{"line":7,"column":67}},"4":{"start":{"line":9,"column":19},"end":{"line":18,"column":4}},"5":{"start":{"line":10,"column":17},"end":{"line":10,"column":54}},"6":{"start":{"line":11,"column":4},"end":{"line":11,"column":36}},"7":{"start":{"line":12,"column":4},"end":{"line":12,"column":54}},"8":{"start":{"line":13,"column":4},"end":{"line":13,"column":46}},"9":{"start":{"line":14,"column":4},"end":{"line":16,"column":5}},"10":{"start":{"line":15,"column":6},"end":{"line":15,"column":56}},"11":{"start":{"line":17,"column":4},"end":{"line":17,"column":16}},"12":{"start":{"line":20,"column":2},"end":{"line":27,"column":4}}},"fnMap":{"0":{"name":"CartDisplay","decl":{"start":{"line":5,"column":24},"end":{"line":5,"column":35}},"loc":{"start":{"line":5,"column":38},"end":{"line":28,"column":1}},"line":5},"1":{"name":"(anonymous_1)","decl":{"start":{"line":6,"column":31},"end":{"line":6,"column":32}},"loc":{"start":{"line":6,"column":42},"end":{"line":6,"column":58}},"line":6},"2":{"name":"(anonymous_2)","decl":{"start":{"line":7,"column":37},"end":{"line":7,"column":38}},"loc":{"start":{"line":7,"column":48},"end":{"line":7,"column":67}},"line":7},"3":{"name":"(anonymous_3)","decl":{"start":{"line":9,"column":32},"end":{"line":9,"column":33}},"loc":{"start":{"line":9,"column":39},"end":{"line":18,"column":3}},"line":9}},"branchMap":{"0":{"loc":{"start":{"line":14,"column":4},"end":{"line":16,"column":5}},"type":"if","locations":[{"start":{"line":14,"column":4},"end":{"line":16,"column":5}},{"start":{},"end":{}}],"line":14}},"s":{"0":2,"1":7,"2":2,"3":7,"4":2,"5":0,"6":0,"7":0,"8":0,"9":0,"10":0,"11":0,"12":2},"f":{"0":2,"1":7,"2":7,"3":0},"b":{"0":[0,0]},"_coverageSchema":"1a1c01bbd47fc00a2c39e90264f33305004495a9","hash":"8de678aba6c9a87da3e0fd7995f6cc47e9a6d297"}
,"/Users/admin/HackReactor/Front-End-Capstone/Atelier/client/src/components/headerBar/subComponents/cartItem.jsx": {"path":"/Users/admin/HackReactor/Front-End-Capstone/Atelier/client/src/components/headerBar/subComponents/cartItem.jsx","statementMap":{"0":{"start":{"line":4,"column":26},"end":{"line":8,"column":2}},"1":{"start":{"line":11,"column":21},"end":{"line":13,"column":4}},"2":{"start":{"line":14,"column":2},"end":{"line":31,"column":4}},"3":{"start":{"line":34,"column":0},"end":{"line":43,"column":2}}},"fnMap":{"0":{"name":"CartItem","decl":{"start":{"line":10,"column":24},"end":{"line":10,"column":32}},"loc":{"start":{"line":10,"column":43},"end":{"line":32,"column":1}},"line":10}},"branchMap":{"0":{"loc":{"start":{"line":12,"column":4},"end":{"line":12,"column":59}},"type":"cond-expr","locations":[{"start":{"line":12,"column":22},"end":{"line":12,"column":37}},{"start":{"line":12,"column":40},"end":{"line":12,"column":59}}],"line":12}},"s":{"0":1,"1":0,"2":0,"3":1},"f":{"0":0},"b":{"0":[0,0]},"_coverageSchema":"1a1c01bbd47fc00a2c39e90264f33305004495a9","hash":"2cb4d1dc806d0426622db964969744745c3d1239"}
,"/Users/admin/HackReactor/Front-End-Capstone/Atelier/client/src/components/productOverview/index.jsx": {"path":"/Users/admin/HackReactor/Front-End-Capstone/Atelier/client/src/components/productOverview/index.jsx","statementMap":{"0":{"start":{"line":11,"column":29},"end":{"line":11,"column":44}},"1":{"start":{"line":14,"column":19},"end":{"line":14,"column":32}},"2":{"start":{"line":15,"column":20},"end":{"line":15,"column":60}},"3":{"start":{"line":15,"column":43},"end":{"line":15,"column":59}},"4":{"start":{"line":18,"column":2},"end":{"line":20,"column":18}},"5":{"start":{"line":19,"column":4},"end":{"line":19,"column":48}},"6":{"start":{"line":22,"column":2},"end":{"line":34,"column":4}}},"fnMap":{"0":{"name":"ProductOverview","decl":{"start":{"line":13,"column":9},"end":{"line":13,"column":24}},"loc":{"start":{"line":13,"column":27},"end":{"line":35,"column":1}},"line":13},"1":{"name":"(anonymous_1)","decl":{"start":{"line":15,"column":32},"end":{"line":15,"column":33}},"loc":{"start":{"line":15,"column":43},"end":{"line":15,"column":59}},"line":15},"2":{"name":"(anonymous_2)","decl":{"start":{"line":18,"column":12},"end":{"line":18,"column":13}},"loc":{"start":{"line":18,"column":18},"end":{"line":20,"column":3}},"line":18}},"branchMap":{},"s":{"0":1,"1":1,"2":1,"3":6,"4":1,"5":1,"6":1},"f":{"0":1,"1":6,"2":1},"b":{},"_coverageSchema":"1a1c01bbd47fc00a2c39e90264f33305004495a9","hash":"52d00ff9fd1429775484af9deb804b6b80cbffdd"}
,"/Users/admin/HackReactor/Front-End-Capstone/Atelier/client/src/components/productOverview/scripts/checkExpandedView.js": {"path":"/Users/admin/HackReactor/Front-End-Capstone/Atelier/client/src/components/productOverview/scripts/checkExpandedView.js","statementMap":{"0":{"start":{"line":4,"column":25},"end":{"line":4,"column":77}},"1":{"start":{"line":4,"column":48},"end":{"line":4,"column":76}},"2":{"start":{"line":6,"column":2},"end":{"line":12,"column":3}},"3":{"start":{"line":7,"column":4},"end":{"line":7,"column":66}},"4":{"start":{"line":8,"column":4},"end":{"line":11,"column":5}},"5":{"start":{"line":9,"column":28},"end":{"line":9,"column":86}},"6":{"start":{"line":10,"column":6},"end":{"line":10,"column":82}}},"fnMap":{"0":{"name":"checkExpandedView","decl":{"start":{"line":3,"column":24},"end":{"line":3,"column":41}},"loc":{"start":{"line":3,"column":44},"end":{"line":13,"column":1}},"line":3},"1":{"name":"(anonymous_1)","decl":{"start":{"line":4,"column":37},"end":{"line":4,"column":38}},"loc":{"start":{"line":4,"column":48},"end":{"line":4,"column":76}},"line":4}},"branchMap":{"0":{"loc":{"start":{"line":6,"column":2},"end":{"line":12,"column":3}},"type":"if","locations":[{"start":{"line":6,"column":2},"end":{"line":12,"column":3}},{"start":{},"end":{}}],"line":6},"1":{"loc":{"start":{"line":8,"column":4},"end":{"line":11,"column":5}},"type":"if","locations":[{"start":{"line":8,"column":4},"end":{"line":11,"column":5}},{"start":{},"end":{}}],"line":8}},"s":{"0":2,"1":7,"2":2,"3":1,"4":1,"5":0,"6":0},"f":{"0":2,"1":7},"b":{"0":[1,1],"1":[0,1]},"_coverageSchema":"1a1c01bbd47fc00a2c39e90264f33305004495a9","hash":"0d6e1df87f626690652d1184c36586ae9a0091e1"}
,"/Users/admin/HackReactor/Front-End-Capstone/Atelier/client/src/components/productOverview/scripts/checkValidImage.js": {"path":"/Users/admin/HackReactor/Front-End-Capstone/Atelier/client/src/components/productOverview/scripts/checkValidImage.js","statementMap":{"0":{"start":{"line":2,"column":16},"end":{"line":2,"column":27}},"1":{"start":{"line":3,"column":2},"end":{"line":7,"column":4}},"2":{"start":{"line":4,"column":4},"end":{"line":6,"column":5}},"3":{"start":{"line":5,"column":6},"end":{"line":5,"column":21}},"4":{"start":{"line":8,"column":2},"end":{"line":10,"column":4}},"5":{"start":{"line":9,"column":4},"end":{"line":9,"column":20}},"6":{"start":{"line":11,"column":2},"end":{"line":11,"column":18}}},"fnMap":{"0":{"name":"checkImage","decl":{"start":{"line":1,"column":24},"end":{"line":1,"column":34}},"loc":{"start":{"line":1,"column":50},"end":{"line":12,"column":1}},"line":1},"1":{"name":"(anonymous_1)","decl":{"start":{"line":3,"column":17},"end":{"line":3,"column":18}},"loc":{"start":{"line":3,"column":23},"end":{"line":7,"column":3}},"line":3},"2":{"name":"(anonymous_2)","decl":{"start":{"line":8,"column":18},"end":{"line":8,"column":19}},"loc":{"start":{"line":8,"column":24},"end":{"line":10,"column":3}},"line":8}},"branchMap":{"0":{"loc":{"start":{"line":4,"column":4},"end":{"line":6,"column":5}},"type":"if","locations":[{"start":{"line":4,"column":4},"end":{"line":6,"column":5}},{"start":{},"end":{}}],"line":4}},"s":{"0":2,"1":2,"2":0,"3":0,"4":2,"5":0,"6":2},"f":{"0":2,"1":0,"2":0},"b":{"0":[0,0]},"_coverageSchema":"1a1c01bbd47fc00a2c39e90264f33305004495a9","hash":"e19a75a5a8a4e88fba7a18631de2b559eebdbb1b"}
,"/Users/admin/HackReactor/Front-End-Capstone/Atelier/client/src/components/productOverview/scripts/redirectionLink.js": {"path":"/Users/admin/HackReactor/Front-End-Capstone/Atelier/client/src/components/productOverview/scripts/redirectionLink.js","statementMap":{"0":{"start":{"line":2,"column":17},"end":{"line":2,"column":44}},"1":{"start":{"line":3,"column":2},"end":{"line":3,"column":27}},"2":{"start":{"line":4,"column":2},"end":{"line":4,"column":20}},"3":{"start":{"line":5,"column":2},"end":{"line":5,"column":17}}},"fnMap":{"0":{"name":"redirectionLink","decl":{"start":{"line":1,"column":24},"end":{"line":1,"column":39}},"loc":{"start":{"line":1,"column":45},"end":{"line":6,"column":1}},"line":1}},"branchMap":{},"s":{"0":0,"1":0,"2":0,"3":0},"f":{"0":0},"b":{},"_coverageSchema":"1a1c01bbd47fc00a2c39e90264f33305004495a9","hash":"7f659b8b99c84aafb716ac41e543789d995d50bc"}
,"/Users/admin/HackReactor/Front-End-Capstone/Atelier/client/src/components/productOverview/scripts/scrollCarousel.js": {"path":"/Users/admin/HackReactor/Front-End-Capstone/Atelier/client/src/components/productOverview/scripts/scrollCarousel.js","statementMap":{"0":{"start":{"line":2,"column":21},"end":{"line":2,"column":26}},"1":{"start":{"line":3,"column":19},"end":{"line":3,"column":59}},"2":{"start":{"line":5,"column":23},"end":{"line":5,"column":58}},"3":{"start":{"line":6,"column":2},"end":{"line":6,"column":39}},"4":{"start":{"line":7,"column":2},"end":{"line":9,"column":3}},"5":{"start":{"line":8,"column":4},"end":{"line":8,"column":43}},"6":{"start":{"line":10,"column":2},"end":{"line":12,"column":3}},"7":{"start":{"line":11,"column":4},"end":{"line":11,"column":23}},"8":{"start":{"line":14,"column":2},"end":{"line":14,"column":65}}},"fnMap":{"0":{"name":"scrollCarousel","decl":{"start":{"line":1,"column":24},"end":{"line":1,"column":38}},"loc":{"start":{"line":1,"column":58},"end":{"line":15,"column":1}},"line":1}},"branchMap":{"0":{"loc":{"start":{"line":5,"column":23},"end":{"line":5,"column":58}},"type":"cond-expr","locations":[{"start":{"line":5,"column":36},"end":{"line":5,"column":37}},{"start":{"line":5,"column":40},"end":{"line":5,"column":58}}],"line":5},"1":{"loc":{"start":{"line":7,"column":2},"end":{"line":9,"column":3}},"type":"if","locations":[{"start":{"line":7,"column":2},"end":{"line":9,"column":3}},{"start":{},"end":{}}],"line":7},"2":{"loc":{"start":{"line":10,"column":2},"end":{"line":12,"column":3}},"type":"if","locations":[{"start":{"line":10,"column":2},"end":{"line":12,"column":3}},{"start":{},"end":{}}],"line":10}},"s":{"0":1,"1":1,"2":1,"3":1,"4":1,"5":0,"6":1,"7":1,"8":1},"f":{"0":1},"b":{"0":[1,0],"1":[0,1],"2":[1,0]},"_coverageSchema":"1a1c01bbd47fc00a2c39e90264f33305004495a9","hash":"5b090999ef4f048a78f367dfa727a6449a4184d4"}
,"/Users/admin/HackReactor/Front-End-Capstone/Atelier/client/src/components/productOverview/scripts/zoomPanning.js": {"path":"/Users/admin/HackReactor/Front-End-Capstone/Atelier/client/src/components/productOverview/scripts/zoomPanning.js","statementMap":{"0":{"start":{"line":2,"column":20},"end":{"line":2,"column":67}},"1":{"start":{"line":3,"column":16},"end":{"line":3,"column":53}},"2":{"start":{"line":4,"column":19},"end":{"line":4,"column":89}},"3":{"start":{"line":7,"column":16},"end":{"line":7,"column":27}},"4":{"start":{"line":8,"column":4},"end":{"line":8,"column":37}},"5":{"start":{"line":8,"column":23},"end":{"line":8,"column":36}},"6":{"start":{"line":9,"column":4},"end":{"line":9,"column":35}},"7":{"start":{"line":9,"column":27},"end":{"line":9,"column":34}},"8":{"start":{"line":10,"column":4},"end":{"line":10,"column":18}},"9":{"start":{"line":14,"column":17},"end":{"line":14,"column":29}},"10":{"start":{"line":15,"column":4},"end":{"line":15,"column":42}},"11":{"start":{"line":16,"column":4},"end":{"line":16,"column":44}},"12":{"start":{"line":17,"column":4},"end":{"line":17,"column":43}},"13":{"start":{"line":18,"column":4},"end":{"line":18,"column":18}},"14":{"start":{"line":21,"column":2},"end":{"line":50,"column":5}},"15":{"start":{"line":22,"column":4},"end":{"line":22,"column":20}},"16":{"start":{"line":22,"column":13},"end":{"line":22,"column":20}},"17":{"start":{"line":23,"column":28},"end":{"line":26,"column":5}},"18":{"start":{"line":28,"column":28},"end":{"line":31,"column":5}},"19":{"start":{"line":33,"column":24},"end":{"line":36,"column":5}},"20":{"start":{"line":38,"column":20},"end":{"line":42,"column":5}},"21":{"start":{"line":43,"column":20},"end":{"line":47,"column":5}},"22":{"start":{"line":49,"column":4},"end":{"line":49,"column":80}}},"fnMap":{"0":{"name":"ZoomPanning","decl":{"start":{"line":1,"column":24},"end":{"line":1,"column":35}},"loc":{"start":{"line":1,"column":43},"end":{"line":51,"column":1}},"line":1},"1":{"name":"getPhotoDimensions","decl":{"start":{"line":6,"column":11},"end":{"line":6,"column":29}},"loc":{"start":{"line":6,"column":39},"end":{"line":11,"column":3}},"line":6},"2":{"name":"(anonymous_2)","decl":{"start":{"line":8,"column":17},"end":{"line":8,"column":18}},"loc":{"start":{"line":8,"column":23},"end":{"line":8,"column":36}},"line":8},"3":{"name":"(anonymous_3)","decl":{"start":{"line":9,"column":18},"end":{"line":9,"column":19}},"loc":{"start":{"line":9,"column":27},"end":{"line":9,"column":34}},"line":9},"4":{"name":"boundScroll","decl":{"start":{"line":13,"column":11},"end":{"line":13,"column":22}},"loc":{"start":{"line":13,"column":38},"end":{"line":19,"column":3}},"line":13},"5":{"name":"(anonymous_5)","decl":{"start":{"line":21,"column":31},"end":{"line":21,"column":32}},"loc":{"start":{"line":21,"column":45},"end":{"line":50,"column":3}},"line":21}},"branchMap":{"0":{"loc":{"start":{"line":22,"column":4},"end":{"line":22,"column":20}},"type":"if","locations":[{"start":{"line":22,"column":4},"end":{"line":22,"column":20}},{"start":{},"end":{}}],"line":22}},"s":{"0":0,"1":0,"2":0,"3":0,"4":0,"5":0,"6":0,"7":0,"8":0,"9":0,"10":0,"11":0,"12":0,"13":0,"14":0,"15":0,"16":0,"17":0,"18":0,"19":0,"20":0,"21":0,"22":0},"f":{"0":0,"1":0,"2":0,"3":0,"4":0,"5":0},"b":{"0":[0,0]},"_coverageSchema":"1a1c01bbd47fc00a2c39e90264f33305004495a9","hash":"fddeceee14aa9a37d4980262bf50bb70562053d4"}
,"/Users/admin/HackReactor/Front-End-Capstone/Atelier/client/src/components/productOverview/subComponents/addToCart.jsx": {"path":"/Users/admin/HackReactor/Front-End-Capstone/Atelier/client/src/components/productOverview/subComponents/addToCart.jsx","statementMap":{"0":{"start":{"line":7,"column":23},"end":{"line":7,"column":41}},"1":{"start":{"line":10,"column":19},"end":{"line":10,"column":32}},"2":{"start":{"line":11,"column":20},"end":{"line":11,"column":60}},"3":{"start":{"line":11,"column":43},"end":{"line":11,"column":59}},"4":{"start":{"line":12,"column":22},"end":{"line":12,"column":71}},"5":{"start":{"line":12,"column":45},"end":{"line":12,"column":70}},"6":{"start":{"line":13,"column":17},"end":{"line":13,"column":61}},"7":{"start":{"line":13,"column":40},"end":{"line":13,"column":60}},"8":{"start":{"line":14,"column":26},"end":{"line":14,"column":79}},"9":{"start":{"line":14,"column":49},"end":{"line":14,"column":78}},"10":{"start":{"line":15,"column":22},"end":{"line":15,"column":71}},"11":{"start":{"line":15,"column":45},"end":{"line":15,"column":70}},"12":{"start":{"line":16,"column":24},"end":{"line":16,"column":82}},"13":{"start":{"line":16,"column":47},"end":{"line":16,"column":81}},"14":{"start":{"line":18,"column":17},"end":{"line":18,"column":19}},"15":{"start":{"line":19,"column":18},"end":{"line":19,"column":20}},"16":{"start":{"line":20,"column":2},"end":{"line":23,"column":3}},"17":{"start":{"line":21,"column":4},"end":{"line":21,"column":47}},"18":{"start":{"line":22,"column":4},"end":{"line":22,"column":98}},"19":{"start":{"line":22,"column":91},"end":{"line":22,"column":96}},"20":{"start":{"line":26,"column":4},"end":{"line":26,"column":45}},"21":{"start":{"line":29,"column":21},"end":{"line":29,"column":79}},"22":{"start":{"line":30,"column":4},"end":{"line":30,"column":68}},"23":{"start":{"line":31,"column":4},"end":{"line":31,"column":33}},"24":{"start":{"line":32,"column":4},"end":{"line":32,"column":17}},"25":{"start":{"line":33,"column":4},"end":{"line":33,"column":31}},"26":{"start":{"line":36,"column":4},"end":{"line":36,"column":31}},"27":{"start":{"line":39,"column":21},"end":{"line":39,"column":73}},"28":{"start":{"line":40,"column":23},"end":{"line":40,"column":128}},"29":{"start":{"line":41,"column":2},"end":{"line":44,"column":3}},"30":{"start":{"line":42,"column":4},"end":{"line":42,"column":64}},"31":{"start":{"line":43,"column":4},"end":{"line":43,"column":136}},"32":{"start":{"line":47,"column":4},"end":{"line":56,"column":10}},"33":{"start":{"line":52,"column":12},"end":{"line":52,"column":96}},"34":{"start":{"line":60,"column":4},"end":{"line":69,"column":10}},"35":{"start":{"line":65,"column":12},"end":{"line":65,"column":71}},"36":{"start":{"line":72,"column":2},"end":{"line":92,"column":4}}},"fnMap":{"0":{"name":"AddToCart","decl":{"start":{"line":9,"column":9},"end":{"line":9,"column":18}},"loc":{"start":{"line":9,"column":21},"end":{"line":93,"column":1}},"line":9},"1":{"name":"(anonymous_1)","decl":{"start":{"line":11,"column":32},"end":{"line":11,"column":33}},"loc":{"start":{"line":11,"column":43},"end":{"line":11,"column":59}},"line":11},"2":{"name":"(anonymous_2)","decl":{"start":{"line":12,"column":34},"end":{"line":12,"column":35}},"loc":{"start":{"line":12,"column":45},"end":{"line":12,"column":70}},"line":12},"3":{"name":"(anonymous_3)","decl":{"start":{"line":13,"column":29},"end":{"line":13,"column":30}},"loc":{"start":{"line":13,"column":40},"end":{"line":13,"column":60}},"line":13},"4":{"name":"(anonymous_4)","decl":{"start":{"line":14,"column":38},"end":{"line":14,"column":39}},"loc":{"start":{"line":14,"column":49},"end":{"line":14,"column":78}},"line":14},"5":{"name":"(anonymous_5)","decl":{"start":{"line":15,"column":34},"end":{"line":15,"column":35}},"loc":{"start":{"line":15,"column":45},"end":{"line":15,"column":70}},"line":15},"6":{"name":"(anonymous_6)","decl":{"start":{"line":16,"column":36},"end":{"line":16,"column":37}},"loc":{"start":{"line":16,"column":47},"end":{"line":16,"column":81}},"line":16},"7":{"name":"(anonymous_7)","decl":{"start":{"line":22,"column":81},"end":{"line":22,"column":82}},"loc":{"start":{"line":22,"column":91},"end":{"line":22,"column":96}},"line":22},"8":{"name":"sizeChangeHandler","decl":{"start":{"line":25,"column":11},"end":{"line":25,"column":28}},"loc":{"start":{"line":25,"column":36},"end":{"line":27,"column":3}},"line":25},"9":{"name":"addToCartHandler","decl":{"start":{"line":28,"column":11},"end":{"line":28,"column":27}},"loc":{"start":{"line":28,"column":30},"end":{"line":34,"column":3}},"line":28},"10":{"name":"favoriteHandler","decl":{"start":{"line":35,"column":11},"end":{"line":35,"column":26}},"loc":{"start":{"line":35,"column":29},"end":{"line":37,"column":3}},"line":35},"11":{"name":"(anonymous_11)","decl":{"start":{"line":51,"column":24},"end":{"line":51,"column":25}},"loc":{"start":{"line":52,"column":12},"end":{"line":52,"column":96}},"line":52},"12":{"name":"(anonymous_12)","decl":{"start":{"line":64,"column":25},"end":{"line":64,"column":26}},"loc":{"start":{"line":65,"column":12},"end":{"line":65,"column":71}},"line":65}},"branchMap":{"0":{"loc":{"start":{"line":20,"column":2},"end":{"line":23,"column":3}},"type":"if","locations":[{"start":{"line":20,"column":2},"end":{"line":23,"column":3}},{"start":{},"end":{}}],"line":20},"1":{"loc":{"start":{"line":41,"column":2},"end":{"line":44,"column":3}},"type":"if","locations":[{"start":{"line":41,"column":2},"end":{"line":44,"column":3}},{"start":{},"end":{}}],"line":41}},"s":{"0":1,"1":2,"2":2,"3":7,"4":2,"5":7,"6":2,"7":7,"8":2,"9":7,"10":2,"11":7,"12":2,"13":1,"14":2,"15":2,"16":2,"17":1,"18":1,"19":8,"20":0,"21":0,"22":0,"23":0,"24":0,"25":0,"26":0,"27":2,"28":2,"29":2,"30":0,"31":0,"32":2,"33":3,"34":2,"35":8,"36":2},"f":{"0":2,"1":7,"2":7,"3":7,"4":7,"5":7,"6":1,"7":8,"8":0,"9":0,"10":0,"11":3,"12":8},"b":{"0":[1,1],"1":[0,2]},"_coverageSchema":"1a1c01bbd47fc00a2c39e90264f33305004495a9","hash":"42a8de8407c7d6412502ba8859ce363f4f21e376"}
,"/Users/admin/HackReactor/Front-End-Capstone/Atelier/client/src/components/productOverview/subComponents/imageGallery.jsx": {"path":"/Users/admin/HackReactor/Front-End-Capstone/Atelier/client/src/components/productOverview/subComponents/imageGallery.jsx","statementMap":{"0":{"start":{"line":11,"column":26},"end":{"line":11,"column":113}},"1":{"start":{"line":12,"column":24},"end":{"line":12,"column":122}},"2":{"start":{"line":15,"column":19},"end":{"line":15,"column":32}},"3":{"start":{"line":16,"column":19},"end":{"line":16,"column":24}},"4":{"start":{"line":18,"column":17},"end":{"line":21,"column":4}},"5":{"start":{"line":19,"column":4},"end":{"line":19,"column":53}},"6":{"start":{"line":19,"column":43},"end":{"line":19,"column":53}},"7":{"start":{"line":20,"column":4},"end":{"line":20,"column":42}},"8":{"start":{"line":23,"column":4},"end":{"line":23,"column":32}},"9":{"start":{"line":26,"column":4},"end":{"line":29,"column":5}},"10":{"start":{"line":27,"column":6},"end":{"line":27,"column":31}},"11":{"start":{"line":28,"column":6},"end":{"line":28,"column":75}},"12":{"start":{"line":30,"column":4},"end":{"line":32,"column":5}},"13":{"start":{"line":31,"column":6},"end":{"line":31,"column":25}},"14":{"start":{"line":33,"column":4},"end":{"line":39,"column":5}},"15":{"start":{"line":34,"column":6},"end":{"line":36,"column":7}},"16":{"start":{"line":35,"column":8},"end":{"line":35,"column":27}},"17":{"start":{"line":38,"column":6},"end":{"line":38,"column":65}},"18":{"start":{"line":42,"column":2},"end":{"line":42,"column":22}},"19":{"start":{"line":43,"column":2},"end":{"line":48,"column":5}},"20":{"start":{"line":44,"column":4},"end":{"line":44,"column":46}},"21":{"start":{"line":44,"column":20},"end":{"line":44,"column":44}},"22":{"start":{"line":45,"column":4},"end":{"line":47,"column":5}},"23":{"start":{"line":46,"column":6},"end":{"line":46,"column":89}},"24":{"start":{"line":51,"column":4},"end":{"line":53,"column":10}},"25":{"start":{"line":56,"column":2},"end":{"line":60,"column":5}},"26":{"start":{"line":57,"column":4},"end":{"line":59,"column":5}},"27":{"start":{"line":58,"column":6},"end":{"line":58,"column":38}},"28":{"start":{"line":62,"column":23},"end":{"line":62,"column":143}},"29":{"start":{"line":64,"column":2},"end":{"line":70,"column":4}}},"fnMap":{"0":{"name":"ImageGallery","decl":{"start":{"line":14,"column":9},"end":{"line":14,"column":21}},"loc":{"start":{"line":14,"column":24},"end":{"line":71,"column":1}},"line":14},"1":{"name":"(anonymous_1)","decl":{"start":{"line":18,"column":29},"end":{"line":18,"column":30}},"loc":{"start":{"line":18,"column":40},"end":{"line":21,"column":3}},"line":18},"2":{"name":"viewStateHandler","decl":{"start":{"line":22,"column":11},"end":{"line":22,"column":27}},"loc":{"start":{"line":22,"column":30},"end":{"line":24,"column":3}},"line":22},"3":{"name":"zoomHandler","decl":{"start":{"line":25,"column":11},"end":{"line":25,"column":22}},"loc":{"start":{"line":25,"column":30},"end":{"line":40,"column":3}},"line":25},"4":{"name":"(anonymous_4)","decl":{"start":{"line":43,"column":28},"end":{"line":43,"column":29}},"loc":{"start":{"line":43,"column":41},"end":{"line":48,"column":3}},"line":43},"5":{"name":"(anonymous_5)","decl":{"start":{"line":56,"column":21},"end":{"line":56,"column":22}},"loc":{"start":{"line":56,"column":35},"end":{"line":60,"column":3}},"line":56}},"branchMap":{"0":{"loc":{"start":{"line":19,"column":4},"end":{"line":19,"column":53}},"type":"if","locations":[{"start":{"line":19,"column":4},"end":{"line":19,"column":53}},{"start":{},"end":{}}],"line":19},"1":{"loc":{"start":{"line":26,"column":4},"end":{"line":29,"column":5}},"type":"if","locations":[{"start":{"line":26,"column":4},"end":{"line":29,"column":5}},{"start":{},"end":{}}],"line":26},"2":{"loc":{"start":{"line":30,"column":4},"end":{"line":32,"column":5}},"type":"if","locations":[{"start":{"line":30,"column":4},"end":{"line":32,"column":5}},{"start":{},"end":{}}],"line":30},"3":{"loc":{"start":{"line":33,"column":4},"end":{"line":39,"column":5}},"type":"if","locations":[{"start":{"line":33,"column":4},"end":{"line":39,"column":5}},{"start":{"line":37,"column":11},"end":{"line":39,"column":5}}],"line":33},"4":{"loc":{"start":{"line":34,"column":6},"end":{"line":36,"column":7}},"type":"if","locations":[{"start":{"line":34,"column":6},"end":{"line":36,"column":7}},{"start":{},"end":{}}],"line":34},"5":{"loc":{"start":{"line":44,"column":4},"end":{"line":44,"column":46}},"type":"if","locations":[{"start":{"line":44,"column":4},"end":{"line":44,"column":46}},{"start":{},"end":{}}],"line":44},"6":{"loc":{"start":{"line":45,"column":4},"end":{"line":47,"column":5}},"type":"if","locations":[{"start":{"line":45,"column":4},"end":{"line":47,"column":5}},{"start":{},"end":{}}],"line":45},"7":{"loc":{"start":{"line":57,"column":4},"end":{"line":59,"column":5}},"type":"if","locations":[{"start":{"line":57,"column":4},"end":{"line":59,"column":5}},{"start":{},"end":{}}],"line":57}},"s":{"0":1,"1":1,"2":2,"3":2,"4":2,"5":7,"6":4,"7":3,"8":0,"9":0,"10":0,"11":0,"12":0,"13":0,"14":0,"15":0,"16":0,"17":0,"18":2,"19":2,"20":0,"21":0,"22":0,"23":0,"24":2,"25":2,"26":2,"27":0,"28":2,"29":2},"f":{"0":2,"1":7,"2":0,"3":0,"4":0,"5":2},"b":{"0":[4,3],"1":[0,0],"2":[0,0],"3":[0,0],"4":[0,0],"5":[0,0],"6":[0,0],"7":[0,2]},"_coverageSchema":"1a1c01bbd47fc00a2c39e90264f33305004495a9","hash":"8f58265bff6caa0cbcf107595808f565b5427599"}
,"/Users/admin/HackReactor/Front-End-Capstone/Atelier/client/src/components/productOverview/subComponents/productDetails.jsx": {"path":"/Users/admin/HackReactor/Front-End-Capstone/Atelier/client/src/components/productOverview/subComponents/productDetails.jsx","statementMap":{"0":{"start":{"line":5,"column":28},"end":{"line":5,"column":43}},"1":{"start":{"line":8,"column":17},"end":{"line":8,"column":61}},"2":{"start":{"line":8,"column":40},"end":{"line":8,"column":60}},"3":{"start":{"line":9,"column":22},"end":{"line":9,"column":71}},"4":{"start":{"line":9,"column":45},"end":{"line":9,"column":70}},"5":{"start":{"line":10,"column":19},"end":{"line":10,"column":65}},"6":{"start":{"line":10,"column":42},"end":{"line":10,"column":64}},"7":{"start":{"line":11,"column":26},"end":{"line":13,"column":4}},"8":{"start":{"line":12,"column":4},"end":{"line":12,"column":62}},"9":{"start":{"line":15,"column":2},"end":{"line":25,"column":4}}},"fnMap":{"0":{"name":"ProductDetails","decl":{"start":{"line":7,"column":9},"end":{"line":7,"column":23}},"loc":{"start":{"line":7,"column":26},"end":{"line":26,"column":1}},"line":7},"1":{"name":"(anonymous_1)","decl":{"start":{"line":8,"column":29},"end":{"line":8,"column":30}},"loc":{"start":{"line":8,"column":40},"end":{"line":8,"column":60}},"line":8},"2":{"name":"(anonymous_2)","decl":{"start":{"line":9,"column":34},"end":{"line":9,"column":35}},"loc":{"start":{"line":9,"column":45},"end":{"line":9,"column":70}},"line":9},"3":{"name":"(anonymous_3)","decl":{"start":{"line":10,"column":31},"end":{"line":10,"column":32}},"loc":{"start":{"line":10,"column":42},"end":{"line":10,"column":64}},"line":10},"4":{"name":"(anonymous_4)","decl":{"start":{"line":11,"column":39},"end":{"line":11,"column":40}},"loc":{"start":{"line":12,"column":4},"end":{"line":12,"column":62}},"line":12}},"branchMap":{},"s":{"0":1,"1":2,"2":7,"3":2,"4":7,"5":2,"6":7,"7":2,"8":2,"9":2},"f":{"0":2,"1":7,"2":7,"3":7,"4":2},"b":{},"_coverageSchema":"1a1c01bbd47fc00a2c39e90264f33305004495a9","hash":"7a23c3be6a0ca232a6faf0187939cb525e820e92"}
,"/Users/admin/HackReactor/Front-End-Capstone/Atelier/client/src/components/productOverview/subComponents/productFeature.jsx": {"path":"/Users/admin/HackReactor/Front-End-Capstone/Atelier/client/src/components/productOverview/subComponents/productFeature.jsx","statementMap":{"0":{"start":{"line":4,"column":29},"end":{"line":4,"column":60}},"1":{"start":{"line":7,"column":23},"end":{"line":7,"column":42}},"2":{"start":{"line":9,"column":2},"end":{"line":14,"column":4}},"3":{"start":{"line":19,"column":0},"end":{"line":24,"column":2}}},"fnMap":{"0":{"name":"ProductFeatures","decl":{"start":{"line":6,"column":9},"end":{"line":6,"column":24}},"loc":{"start":{"line":6,"column":38},"end":{"line":15,"column":1}},"line":6}},"branchMap":{"0":{"loc":{"start":{"line":7,"column":23},"end":{"line":7,"column":42}},"type":"binary-expr","locations":[{"start":{"line":7,"column":23},"end":{"line":7,"column":36}},{"start":{"line":7,"column":40},"end":{"line":7,"column":42}}],"line":7}},"s":{"0":1,"1":2,"2":2,"3":1},"f":{"0":2},"b":{"0":[2,0]},"_coverageSchema":"1a1c01bbd47fc00a2c39e90264f33305004495a9","hash":"24859c0be1c6af1aafa0cc98f8d6e02d6fa3d9a2"}
,"/Users/admin/HackReactor/Front-End-Capstone/Atelier/client/src/components/productOverview/subComponents/productShopper.jsx": {"path":"/Users/admin/HackReactor/Front-End-Capstone/Atelier/client/src/components/productOverview/subComponents/productShopper.jsx","statementMap":{"0":{"start":{"line":8,"column":26},"end":{"line":12,"column":2}},"1":{"start":{"line":14,"column":28},"end":{"line":14,"column":58}},"2":{"start":{"line":19,"column":17},"end":{"line":19,"column":61}},"3":{"start":{"line":19,"column":40},"end":{"line":19,"column":60}},"4":{"start":{"line":20,"column":15},"end":{"line":20,"column":57}},"5":{"start":{"line":20,"column":38},"end":{"line":20,"column":56}},"6":{"start":{"line":21,"column":19},"end":{"line":21,"column":65}},"7":{"start":{"line":21,"column":42},"end":{"line":21,"column":64}},"8":{"start":{"line":22,"column":23},"end":{"line":22,"column":74}},"9":{"start":{"line":22,"column":46},"end":{"line":22,"column":73}},"10":{"start":{"line":23,"column":20},"end":{"line":23,"column":68}},"11":{"start":{"line":23,"column":43},"end":{"line":23,"column":67}},"12":{"start":{"line":24,"column":24},"end":{"line":24,"column":77}},"13":{"start":{"line":24,"column":47},"end":{"line":24,"column":76}},"14":{"start":{"line":25,"column":18},"end":{"line":25,"column":22}},"15":{"start":{"line":27,"column":28},"end":{"line":32,"column":4}},"16":{"start":{"line":28,"column":4},"end":{"line":30,"column":5}},"17":{"start":{"line":29,"column":6},"end":{"line":29,"column":29}},"18":{"start":{"line":31,"column":4},"end":{"line":31,"column":64}},"19":{"start":{"line":34,"column":26},"end":{"line":34,"column":28}},"20":{"start":{"line":35,"column":23},"end":{"line":35,"column":34}},"21":{"start":{"line":37,"column":2},"end":{"line":40,"column":3}},"22":{"start":{"line":38,"column":4},"end":{"line":38,"column":39}},"23":{"start":{"line":39,"column":4},"end":{"line":39,"column":54}},"24":{"start":{"line":43,"column":4},"end":{"line":47,"column":7}},"25":{"start":{"line":50,"column":2},"end":{"line":82,"column":4}}},"fnMap":{"0":{"name":"ProductShopper","decl":{"start":{"line":16,"column":9},"end":{"line":16,"column":23}},"loc":{"start":{"line":16,"column":26},"end":{"line":83,"column":1}},"line":16},"1":{"name":"(anonymous_1)","decl":{"start":{"line":19,"column":29},"end":{"line":19,"column":30}},"loc":{"start":{"line":19,"column":40},"end":{"line":19,"column":60}},"line":19},"2":{"name":"(anonymous_2)","decl":{"start":{"line":20,"column":27},"end":{"line":20,"column":28}},"loc":{"start":{"line":20,"column":38},"end":{"line":20,"column":56}},"line":20},"3":{"name":"(anonymous_3)","decl":{"start":{"line":21,"column":31},"end":{"line":21,"column":32}},"loc":{"start":{"line":21,"column":42},"end":{"line":21,"column":64}},"line":21},"4":{"name":"(anonymous_4)","decl":{"start":{"line":22,"column":35},"end":{"line":22,"column":36}},"loc":{"start":{"line":22,"column":46},"end":{"line":22,"column":73}},"line":22},"5":{"name":"(anonymous_5)","decl":{"start":{"line":23,"column":32},"end":{"line":23,"column":33}},"loc":{"start":{"line":23,"column":43},"end":{"line":23,"column":67}},"line":23},"6":{"name":"(anonymous_6)","decl":{"start":{"line":24,"column":36},"end":{"line":24,"column":37}},"loc":{"start":{"line":24,"column":47},"end":{"line":24,"column":76}},"line":24},"7":{"name":"(anonymous_7)","decl":{"start":{"line":27,"column":39},"end":{"line":27,"column":40}},"loc":{"start":{"line":27,"column":50},"end":{"line":32,"column":3}},"line":27}},"branchMap":{"0":{"loc":{"start":{"line":28,"column":4},"end":{"line":30,"column":5}},"type":"if","locations":[{"start":{"line":28,"column":4},"end":{"line":30,"column":5}},{"start":{},"end":{}}],"line":28},"1":{"loc":{"start":{"line":37,"column":2},"end":{"line":40,"column":3}},"type":"if","locations":[{"start":{"line":37,"column":2},"end":{"line":40,"column":3}},{"start":{},"end":{}}],"line":37},"2":{"loc":{"start":{"line":58,"column":10},"end":{"line":58,"column":32}},"type":"binary-expr","locations":[{"start":{"line":58,"column":10},"end":{"line":58,"column":18}},{"start":{"line":58,"column":22},"end":{"line":58,"column":32}}],"line":58}},"s":{"0":1,"1":1,"2":2,"3":7,"4":2,"5":7,"6":2,"7":7,"8":2,"9":7,"10":2,"11":7,"12":2,"13":7,"14":2,"15":2,"16":2,"17":1,"18":2,"19":2,"20":2,"21":2,"22":1,"23":1,"24":2,"25":2},"f":{"0":2,"1":7,"2":7,"3":7,"4":7,"5":7,"6":7,"7":2},"b":{"0":[1,1],"1":[1,1],"2":[2,0]},"_coverageSchema":"1a1c01bbd47fc00a2c39e90264f33305004495a9","hash":"ec7b5e852aabfe103885bb4eb1bb3da3245260b8"}
,"/Users/admin/HackReactor/Front-End-Capstone/Atelier/client/src/components/productOverview/subComponents/socialMedia.jsx": {"path":"/Users/admin/HackReactor/Front-End-Capstone/Atelier/client/src/components/productOverview/subComponents/socialMedia.jsx","statementMap":{"0":{"start":{"line":5,"column":27},"end":{"line":5,"column":32}},"1":{"start":{"line":6,"column":21},"end":{"line":6,"column":85}},"2":{"start":{"line":8,"column":19},"end":{"line":8,"column":127}},"3":{"start":{"line":9,"column":23},"end":{"line":12,"column":35}},"4":{"start":{"line":13,"column":21},"end":{"line":15,"column":26}},"5":{"start":{"line":17,"column":2},"end":{"line":23,"column":4}},"6":{"start":{"line":19,"column":101},"end":{"line":19,"column":126}},"7":{"start":{"line":20,"column":105},"end":{"line":20,"column":134}},"8":{"start":{"line":21,"column":103},"end":{"line":21,"column":130}}},"fnMap":{"0":{"name":"SocialMedia","decl":{"start":{"line":4,"column":9},"end":{"line":4,"column":20}},"loc":{"start":{"line":4,"column":23},"end":{"line":24,"column":1}},"line":4},"1":{"name":"(anonymous_1)","decl":{"start":{"line":19,"column":95},"end":{"line":19,"column":96}},"loc":{"start":{"line":19,"column":101},"end":{"line":19,"column":126}},"line":19},"2":{"name":"(anonymous_2)","decl":{"start":{"line":20,"column":99},"end":{"line":20,"column":100}},"loc":{"start":{"line":20,"column":105},"end":{"line":20,"column":134}},"line":20},"3":{"name":"(anonymous_3)","decl":{"start":{"line":21,"column":97},"end":{"line":21,"column":98}},"loc":{"start":{"line":21,"column":103},"end":{"line":21,"column":130}},"line":21}},"branchMap":{},"s":{"0":2,"1":2,"2":2,"3":2,"4":2,"5":2,"6":0,"7":0,"8":0},"f":{"0":2,"1":0,"2":0,"3":0},"b":{},"_coverageSchema":"1a1c01bbd47fc00a2c39e90264f33305004495a9","hash":"49aa4e442c9ca4cf286f19bcccdd3453dfeda823"}
,"/Users/admin/HackReactor/Front-End-Capstone/Atelier/client/src/components/productOverview/subComponents/styleSelector.jsx": {"path":"/Users/admin/HackReactor/Front-End-Capstone/Atelier/client/src/components/productOverview/subComponents/styleSelector.jsx","statementMap":{"0":{"start":{"line":7,"column":19},"end":{"line":7,"column":32}},"1":{"start":{"line":8,"column":24},"end":{"line":8,"column":77}},"2":{"start":{"line":8,"column":47},"end":{"line":8,"column":76}},"3":{"start":{"line":9,"column":23},"end":{"line":9,"column":52}},"4":{"start":{"line":10,"column":27},"end":{"line":10,"column":93}},"5":{"start":{"line":11,"column":23},"end":{"line":11,"column":34}},"6":{"start":{"line":13,"column":2},"end":{"line":16,"column":3}},"7":{"start":{"line":14,"column":4},"end":{"line":14,"column":90}},"8":{"start":{"line":15,"column":4},"end":{"line":15,"column":112}},"9":{"start":{"line":19,"column":4},"end":{"line":19,"column":42}},"10":{"start":{"line":20,"column":4},"end":{"line":25,"column":8}},"11":{"start":{"line":28,"column":26},"end":{"line":28,"column":90}},"12":{"start":{"line":30,"column":2},"end":{"line":37,"column":4}},"13":{"start":{"line":42,"column":0},"end":{"line":50,"column":2}}},"fnMap":{"0":{"name":"StyleSelector","decl":{"start":{"line":6,"column":9},"end":{"line":6,"column":22}},"loc":{"start":{"line":6,"column":34},"end":{"line":38,"column":1}},"line":6},"1":{"name":"(anonymous_1)","decl":{"start":{"line":8,"column":36},"end":{"line":8,"column":37}},"loc":{"start":{"line":8,"column":47},"end":{"line":8,"column":76}},"line":8},"2":{"name":"selectStyleHandler","decl":{"start":{"line":18,"column":11},"end":{"line":18,"column":29}},"loc":{"start":{"line":18,"column":32},"end":{"line":26,"column":3}},"line":18}},"branchMap":{"0":{"loc":{"start":{"line":13,"column":2},"end":{"line":16,"column":3}},"type":"if","locations":[{"start":{"line":13,"column":2},"end":{"line":16,"column":3}},{"start":{},"end":{}}],"line":13}},"s":{"0":2,"1":2,"2":2,"3":2,"4":2,"5":2,"6":2,"7":1,"8":1,"9":0,"10":0,"11":2,"12":2,"13":1},"f":{"0":2,"1":2,"2":0},"b":{"0":[1,1]},"_coverageSchema":"1a1c01bbd47fc00a2c39e90264f33305004495a9","hash":"e078997d892e5a232b2950d89cf2eea62c04c737"}
,"/Users/admin/HackReactor/Front-End-Capstone/Atelier/client/src/components/productOverview/subComponents/thumbnailCard.jsx": {"path":"/Users/admin/HackReactor/Front-End-Capstone/Atelier/client/src/components/productOverview/subComponents/thumbnailCard.jsx","statementMap":{"0":{"start":{"line":8,"column":19},"end":{"line":8,"column":32}},"1":{"start":{"line":9,"column":23},"end":{"line":9,"column":35}},"2":{"start":{"line":10,"column":24},"end":{"line":10,"column":75}},"3":{"start":{"line":10,"column":47},"end":{"line":10,"column":74}},"4":{"start":{"line":12,"column":27},"end":{"line":12,"column":74}},"5":{"start":{"line":13,"column":2},"end":{"line":16,"column":3}},"6":{"start":{"line":14,"column":4},"end":{"line":14,"column":44}},"7":{"start":{"line":15,"column":4},"end":{"line":15,"column":36}},"8":{"start":{"line":18,"column":26},"end":{"line":18,"column":90}},"9":{"start":{"line":21,"column":4},"end":{"line":21,"column":37}},"10":{"start":{"line":24,"column":2},"end":{"line":30,"column":4}},"11":{"start":{"line":35,"column":0},"end":{"line":41,"column":2}}},"fnMap":{"0":{"name":"ThumbnailCard","decl":{"start":{"line":7,"column":9},"end":{"line":7,"column":22}},"loc":{"start":{"line":7,"column":45},"end":{"line":31,"column":1}},"line":7},"1":{"name":"(anonymous_1)","decl":{"start":{"line":10,"column":36},"end":{"line":10,"column":37}},"loc":{"start":{"line":10,"column":47},"end":{"line":10,"column":74}},"line":10},"2":{"name":"selectImageHandler","decl":{"start":{"line":20,"column":11},"end":{"line":20,"column":29}},"loc":{"start":{"line":20,"column":32},"end":{"line":22,"column":3}},"line":20}},"branchMap":{"0":{"loc":{"start":{"line":13,"column":2},"end":{"line":16,"column":3}},"type":"if","locations":[{"start":{"line":13,"column":2},"end":{"line":16,"column":3}},{"start":{},"end":{}}],"line":13},"1":{"loc":{"start":{"line":13,"column":6},"end":{"line":13,"column":76}},"type":"binary-expr","locations":[{"start":{"line":13,"column":6},"end":{"line":13,"column":39}},{"start":{"line":13,"column":43},"end":{"line":13,"column":76}}],"line":13}},"s":{"0":3,"1":3,"2":3,"3":3,"4":3,"5":3,"6":1,"7":1,"8":3,"9":0,"10":3,"11":1},"f":{"0":3,"1":3,"2":0},"b":{"0":[1,2],"1":[3,2]},"_coverageSchema":"1a1c01bbd47fc00a2c39e90264f33305004495a9","hash":"9a61d1bcf4aefd6c87ec56aec7175a7b2c229d6e"}
,"/Users/admin/HackReactor/Front-End-Capstone/Atelier/client/src/components/productOverview/subComponents/thumbnailCarousel.jsx": {"path":"/Users/admin/HackReactor/Front-End-Capstone/Atelier/client/src/components/productOverview/subComponents/thumbnailCarousel.jsx","statementMap":{"0":{"start":{"line":7,"column":22},"end":{"line":7,"column":24}},"1":{"start":{"line":8,"column":33},"end":{"line":8,"column":56}},"2":{"start":{"line":9,"column":2},"end":{"line":12,"column":5}},"3":{"start":{"line":9,"column":25},"end":{"line":9,"column":45}},"4":{"start":{"line":10,"column":4},"end":{"line":11,"column":65}},"5":{"start":{"line":11,"column":6},"end":{"line":11,"column":61}},"6":{"start":{"line":13,"column":23},"end":{"line":13,"column":68}},"7":{"start":{"line":15,"column":31},"end":{"line":15,"column":57}},"8":{"start":{"line":16,"column":33},"end":{"line":16,"column":58}},"9":{"start":{"line":18,"column":25},"end":{"line":28,"column":6}},"10":{"start":{"line":20,"column":18},"end":{"line":20,"column":60}},"11":{"start":{"line":21,"column":6},"end":{"line":27,"column":8}},"12":{"start":{"line":30,"column":2},"end":{"line":38,"column":4}}},"fnMap":{"0":{"name":"ThumbnailCarousel","decl":{"start":{"line":6,"column":9},"end":{"line":6,"column":26}},"loc":{"start":{"line":6,"column":29},"end":{"line":39,"column":1}},"line":6},"1":{"name":"(anonymous_1)","decl":{"start":{"line":9,"column":14},"end":{"line":9,"column":15}},"loc":{"start":{"line":9,"column":25},"end":{"line":9,"column":45}},"line":9},"2":{"name":"(anonymous_2)","decl":{"start":{"line":9,"column":55},"end":{"line":9,"column":56}},"loc":{"start":{"line":9,"column":66},"end":{"line":12,"column":3}},"line":9},"3":{"name":"(anonymous_3)","decl":{"start":{"line":10,"column":58},"end":{"line":10,"column":59}},"loc":{"start":{"line":11,"column":6},"end":{"line":11,"column":61}},"line":11},"4":{"name":"scrollUpHandler","decl":{"start":{"line":15,"column":11},"end":{"line":15,"column":26}},"loc":{"start":{"line":15,"column":29},"end":{"line":15,"column":59}},"line":15},"5":{"name":"scrollDownHandler","decl":{"start":{"line":16,"column":11},"end":{"line":16,"column":28}},"loc":{"start":{"line":16,"column":31},"end":{"line":16,"column":60}},"line":16},"6":{"name":"(anonymous_6)","decl":{"start":{"line":19,"column":9},"end":{"line":19,"column":10}},"loc":{"start":{"line":19,"column":31},"end":{"line":28,"column":5}},"line":19}},"branchMap":{"0":{"loc":{"start":{"line":32,"column":7},"end":{"line":32,"column":229}},"type":"cond-expr","locations":[{"start":{"line":32,"column":34},"end":{"line":32,"column":222}},{"start":{"line":32,"column":225},"end":{"line":32,"column":229}}],"line":32},"1":{"loc":{"start":{"line":36,"column":7},"end":{"line":36,"column":233}},"type":"cond-expr","locations":[{"start":{"line":36,"column":34},"end":{"line":36,"column":226}},{"start":{"line":36,"column":229},"end":{"line":36,"column":233}}],"line":36}},"s":{"0":2,"1":2,"2":2,"3":7,"4":2,"5":3,"6":2,"7":0,"8":0,"9":2,"10":3,"11":3,"12":2},"f":{"0":2,"1":7,"2":2,"3":3,"4":0,"5":0,"6":3},"b":{"0":[0,2],"1":[0,2]},"_coverageSchema":"1a1c01bbd47fc00a2c39e90264f33305004495a9","hash":"b062bb7d8f1464b715f9579b8ced56afe9f92d34"}
,"/Users/admin/HackReactor/Front-End-Capstone/Atelier/client/src/components/questionsAnswers/index.jsx": {"path":"/Users/admin/HackReactor/Front-End-Capstone/Atelier/client/src/components/questionsAnswers/index.jsx","statementMap":{"0":{"start":{"line":9,"column":14},"end":{"line":9,"column":30}},"1":{"start":{"line":12,"column":19},"end":{"line":12,"column":32}},"2":{"start":{"line":13,"column":17},"end":{"line":13,"column":54}},"3":{"start":{"line":13,"column":40},"end":{"line":13,"column":53}},"4":{"start":{"line":14,"column":22},"end":{"line":18,"column":3}},"5":{"start":{"line":15,"column":4},"end":{"line":15,"column":32}},"6":{"start":{"line":16,"column":4},"end":{"line":16,"column":46}},"7":{"start":{"line":17,"column":4},"end":{"line":17,"column":23}},"8":{"start":{"line":20,"column":18},"end":{"line":20,"column":85}},"9":{"start":{"line":21,"column":21},"end":{"line":30,"column":3}},"10":{"start":{"line":32,"column":2},"end":{"line":40,"column":9}},"11":{"start":{"line":33,"column":4},"end":{"line":39,"column":9}},"12":{"start":{"line":35,"column":8},"end":{"line":35,"column":43}},"13":{"start":{"line":38,"column":8},"end":{"line":38,"column":29}},"14":{"start":{"line":42,"column":2},"end":{"line":52,"column":4}}},"fnMap":{"0":{"name":"QuestionsAnswers","decl":{"start":{"line":11,"column":9},"end":{"line":11,"column":25}},"loc":{"start":{"line":11,"column":28},"end":{"line":53,"column":1}},"line":11},"1":{"name":"(anonymous_1)","decl":{"start":{"line":13,"column":29},"end":{"line":13,"column":30}},"loc":{"start":{"line":13,"column":40},"end":{"line":13,"column":53}},"line":13},"2":{"name":"(anonymous_2)","decl":{"start":{"line":14,"column":22},"end":{"line":14,"column":23}},"loc":{"start":{"line":14,"column":28},"end":{"line":18,"column":3}},"line":14},"3":{"name":"(anonymous_3)","decl":{"start":{"line":32,"column":12},"end":{"line":32,"column":13}},"loc":{"start":{"line":32,"column":18},"end":{"line":40,"column":3}},"line":32},"4":{"name":"(anonymous_4)","decl":{"start":{"line":34,"column":12},"end":{"line":34,"column":13}},"loc":{"start":{"line":34,"column":21},"end":{"line":36,"column":7}},"line":34},"5":{"name":"(anonymous_5)","decl":{"start":{"line":37,"column":13},"end":{"line":37,"column":14}},"loc":{"start":{"line":37,"column":22},"end":{"line":39,"column":7}},"line":37}},"branchMap":{},"s":{"0":1,"1":2,"2":2,"3":7,"4":2,"5":0,"6":0,"7":0,"8":2,"9":2,"10":2,"11":1,"12":1,"13":0,"14":2},"f":{"0":2,"1":7,"2":0,"3":1,"4":1,"5":0},"b":{},"_coverageSchema":"1a1c01bbd47fc00a2c39e90264f33305004495a9","hash":"026940b039ffcfb874bf33cc0915cc808a5b0661"}
,"/Users/admin/HackReactor/Front-End-Capstone/Atelier/client/src/components/questionsAnswers/subComponents/AddAnswerForm.jsx": {"path":"/Users/admin/HackReactor/Front-End-Capstone/Atelier/client/src/components/questionsAnswers/subComponents/AddAnswerForm.jsx","statementMap":{"0":{"start":{"line":6,"column":14},"end":{"line":6,"column":30}},"1":{"start":{"line":9,"column":19},"end":{"line":9,"column":56}},"2":{"start":{"line":9,"column":42},"end":{"line":9,"column":55}},"3":{"start":{"line":10,"column":19},"end":{"line":10,"column":32}},"4":{"start":{"line":11,"column":18},"end":{"line":11,"column":20}},"5":{"start":{"line":13,"column":23},"end":{"line":15,"column":3}},"6":{"start":{"line":17,"column":24},"end":{"line":51,"column":3}},"7":{"start":{"line":18,"column":4},"end":{"line":18,"column":23}},"8":{"start":{"line":20,"column":20},"end":{"line":20,"column":109}},"9":{"start":{"line":21,"column":23},"end":{"line":28,"column":5}},"10":{"start":{"line":29,"column":21},"end":{"line":34,"column":5}},"11":{"start":{"line":36,"column":20},"end":{"line":40,"column":5}},"12":{"start":{"line":42,"column":4},"end":{"line":50,"column":9}},"13":{"start":{"line":44,"column":8},"end":{"line":44,"column":43}},"14":{"start":{"line":49,"column":8},"end":{"line":49,"column":36}},"15":{"start":{"line":53,"column":2},"end":{"line":110,"column":4}},"16":{"start":{"line":113,"column":0},"end":{"line":118,"column":2}}},"fnMap":{"0":{"name":"AddAnswerForm","decl":{"start":{"line":8,"column":9},"end":{"line":8,"column":22}},"loc":{"start":{"line":8,"column":36},"end":{"line":111,"column":1}},"line":8},"1":{"name":"(anonymous_1)","decl":{"start":{"line":9,"column":31},"end":{"line":9,"column":32}},"loc":{"start":{"line":9,"column":42},"end":{"line":9,"column":55}},"line":9},"2":{"name":"(anonymous_2)","decl":{"start":{"line":13,"column":23},"end":{"line":13,"column":24}},"loc":{"start":{"line":13,"column":29},"end":{"line":15,"column":3}},"line":13},"3":{"name":"(anonymous_3)","decl":{"start":{"line":17,"column":24},"end":{"line":17,"column":25}},"loc":{"start":{"line":17,"column":31},"end":{"line":51,"column":3}},"line":17},"4":{"name":"(anonymous_4)","decl":{"start":{"line":43,"column":12},"end":{"line":43,"column":13}},"loc":{"start":{"line":43,"column":25},"end":{"line":47,"column":7}},"line":43},"5":{"name":"(anonymous_5)","decl":{"start":{"line":48,"column":13},"end":{"line":48,"column":14}},"loc":{"start":{"line":48,"column":22},"end":{"line":50,"column":7}},"line":48}},"branchMap":{},"s":{"0":1,"1":0,"2":0,"3":0,"4":0,"5":0,"6":0,"7":0,"8":0,"9":0,"10":0,"11":0,"12":0,"13":0,"14":0,"15":0,"16":1},"f":{"0":0,"1":0,"2":0,"3":0,"4":0,"5":0},"b":{},"_coverageSchema":"1a1c01bbd47fc00a2c39e90264f33305004495a9","hash":"77bc73b91c732614c4f938ea5f5947573e7d6cd4"}
,"/Users/admin/HackReactor/Front-End-Capstone/Atelier/client/src/components/questionsAnswers/subComponents/AddQuestionForm.jsx": {"path":"/Users/admin/HackReactor/Front-End-Capstone/Atelier/client/src/components/questionsAnswers/subComponents/AddQuestionForm.jsx","statementMap":{"0":{"start":{"line":4,"column":14},"end":{"line":4,"column":30}},"1":{"start":{"line":7,"column":23},"end":{"line":7,"column":60}},"2":{"start":{"line":7,"column":46},"end":{"line":7,"column":59}},"3":{"start":{"line":9,"column":24},"end":{"line":32,"column":3}},"4":{"start":{"line":10,"column":4},"end":{"line":10,"column":23}},"5":{"start":{"line":12,"column":20},"end":{"line":12,"column":87}},"6":{"start":{"line":13,"column":23},"end":{"line":17,"column":5}},"7":{"start":{"line":18,"column":21},"end":{"line":23,"column":5}},"8":{"start":{"line":25,"column":4},"end":{"line":31,"column":9}},"9":{"start":{"line":27,"column":8},"end":{"line":27,"column":39}},"10":{"start":{"line":30,"column":8},"end":{"line":30,"column":40}},"11":{"start":{"line":34,"column":2},"end":{"line":76,"column":4}}},"fnMap":{"0":{"name":"AddQuestionForm","decl":{"start":{"line":6,"column":9},"end":{"line":6,"column":24}},"loc":{"start":{"line":6,"column":27},"end":{"line":77,"column":1}},"line":6},"1":{"name":"(anonymous_1)","decl":{"start":{"line":7,"column":35},"end":{"line":7,"column":36}},"loc":{"start":{"line":7,"column":46},"end":{"line":7,"column":59}},"line":7},"2":{"name":"(anonymous_2)","decl":{"start":{"line":9,"column":24},"end":{"line":9,"column":25}},"loc":{"start":{"line":9,"column":31},"end":{"line":32,"column":3}},"line":9},"3":{"name":"(anonymous_3)","decl":{"start":{"line":26,"column":12},"end":{"line":26,"column":13}},"loc":{"start":{"line":26,"column":21},"end":{"line":28,"column":7}},"line":26},"4":{"name":"(anonymous_4)","decl":{"start":{"line":29,"column":13},"end":{"line":29,"column":14}},"loc":{"start":{"line":29,"column":22},"end":{"line":31,"column":7}},"line":29}},"branchMap":{},"s":{"0":1,"1":0,"2":0,"3":0,"4":0,"5":0,"6":0,"7":0,"8":0,"9":0,"10":0,"11":0},"f":{"0":0,"1":0,"2":0,"3":0,"4":0},"b":{},"_coverageSchema":"1a1c01bbd47fc00a2c39e90264f33305004495a9","hash":"e53b14f5834b214298b1c63d4d9788c91bdabbfb"}
,"/Users/admin/HackReactor/Front-End-Capstone/Atelier/client/src/components/questionsAnswers/subComponents/AnswerEntry.jsx": {"path":"/Users/admin/HackReactor/Front-End-Capstone/Atelier/client/src/components/questionsAnswers/subComponents/AnswerEntry.jsx","statementMap":{"0":{"start":{"line":5,"column":23},"end":{"line":7,"column":71}},"1":{"start":{"line":9,"column":15},"end":{"line":9,"column":40}},"2":{"start":{"line":10,"column":24},"end":{"line":10,"column":119}},"3":{"start":{"line":12,"column":22},"end":{"line":14,"column":3}},"4":{"start":{"line":16,"column":23},"end":{"line":18,"column":3}},"5":{"start":{"line":20,"column":2},"end":{"line":50,"column":4}},"6":{"start":{"line":53,"column":0},"end":{"line":61,"column":2}}},"fnMap":{"0":{"name":"AnswerEntry","decl":{"start":{"line":4,"column":9},"end":{"line":4,"column":20}},"loc":{"start":{"line":4,"column":37},"end":{"line":51,"column":1}},"line":4},"1":{"name":"(anonymous_1)","decl":{"start":{"line":12,"column":22},"end":{"line":12,"column":23}},"loc":{"start":{"line":12,"column":28},"end":{"line":14,"column":3}},"line":12},"2":{"name":"(anonymous_2)","decl":{"start":{"line":16,"column":23},"end":{"line":16,"column":24}},"loc":{"start":{"line":16,"column":29},"end":{"line":18,"column":3}},"line":16}},"branchMap":{"0":{"loc":{"start":{"line":5,"column":23},"end":{"line":7,"column":71}},"type":"cond-expr","locations":[{"start":{"line":6,"column":6},"end":{"line":6,"column":67}},{"start":{"line":7,"column":6},"end":{"line":7,"column":71}}],"line":5}},"s":{"0":3,"1":3,"2":3,"3":3,"4":3,"5":3,"6":1},"f":{"0":3,"1":0,"2":0},"b":{"0":[0,3]},"_coverageSchema":"1a1c01bbd47fc00a2c39e90264f33305004495a9","hash":"fcc4a923da8ac40d3949d02864aa374ae2733b27"}
,"/Users/admin/HackReactor/Front-End-Capstone/Atelier/client/src/components/questionsAnswers/subComponents/AnswersList.jsx": {"path":"/Users/admin/HackReactor/Front-End-Capstone/Atelier/client/src/components/questionsAnswers/subComponents/AnswersList.jsx","statementMap":{"0":{"start":{"line":8,"column":28},"end":{"line":8,"column":61}},"1":{"start":{"line":8,"column":51},"end":{"line":8,"column":60}},"2":{"start":{"line":9,"column":19},"end":{"line":9,"column":32}},"3":{"start":{"line":11,"column":15},"end":{"line":11,"column":42}},"4":{"start":{"line":12,"column":21},"end":{"line":12,"column":82}},"5":{"start":{"line":14,"column":21},"end":{"line":14,"column":44}},"6":{"start":{"line":15,"column":21},"end":{"line":15,"column":23}},"7":{"start":{"line":16,"column":2},"end":{"line":18,"column":3}},"8":{"start":{"line":16,"column":15},"end":{"line":16,"column":16}},"9":{"start":{"line":17,"column":4},"end":{"line":17,"column":47}},"10":{"start":{"line":19,"column":24},"end":{"line":23,"column":4}},"11":{"start":{"line":20,"column":4},"end":{"line":20,"column":112}},"12":{"start":{"line":20,"column":100},"end":{"line":20,"column":110}},"13":{"start":{"line":21,"column":4},"end":{"line":21,"column":111}},"14":{"start":{"line":21,"column":100},"end":{"line":21,"column":109}},"15":{"start":{"line":22,"column":4},"end":{"line":22,"column":41}},"16":{"start":{"line":25,"column":22},"end":{"line":25,"column":24}},"17":{"start":{"line":26,"column":2},"end":{"line":34,"column":3}},"18":{"start":{"line":27,"column":22},"end":{"line":27,"column":23}},"19":{"start":{"line":28,"column":4},"end":{"line":30,"column":5}},"20":{"start":{"line":29,"column":6},"end":{"line":29,"column":51}},"21":{"start":{"line":31,"column":4},"end":{"line":33,"column":5}},"22":{"start":{"line":31,"column":17},"end":{"line":31,"column":18}},"23":{"start":{"line":32,"column":6},"end":{"line":32,"column":41}},"24":{"start":{"line":37,"column":4},"end":{"line":37,"column":23}},"25":{"start":{"line":38,"column":4},"end":{"line":38,"column":23}},"26":{"start":{"line":39,"column":20},"end":{"line":42,"column":5}},"27":{"start":{"line":43,"column":4},"end":{"line":43,"column":37}},"28":{"start":{"line":46,"column":2},"end":{"line":53,"column":4}},"29":{"start":{"line":49,"column":32},"end":{"line":49,"column":97}},"30":{"start":{"line":56,"column":0},"end":{"line":65,"column":2}}},"fnMap":{"0":{"name":"AnswersList","decl":{"start":{"line":7,"column":9},"end":{"line":7,"column":20}},"loc":{"start":{"line":7,"column":42},"end":{"line":54,"column":1}},"line":7},"1":{"name":"(anonymous_1)","decl":{"start":{"line":8,"column":40},"end":{"line":8,"column":41}},"loc":{"start":{"line":8,"column":51},"end":{"line":8,"column":60}},"line":8},"2":{"name":"(anonymous_2)","decl":{"start":{"line":19,"column":40},"end":{"line":19,"column":41}},"loc":{"start":{"line":19,"column":50},"end":{"line":23,"column":3}},"line":19},"3":{"name":"handleClick","decl":{"start":{"line":36,"column":11},"end":{"line":36,"column":22}},"loc":{"start":{"line":36,"column":26},"end":{"line":44,"column":3}},"line":36},"4":{"name":"(anonymous_4)","decl":{"start":{"line":49,"column":25},"end":{"line":49,"column":26}},"loc":{"start":{"line":49,"column":32},"end":{"line":49,"column":97}},"line":49}},"branchMap":{"0":{"loc":{"start":{"line":11,"column":15},"end":{"line":11,"column":42}},"type":"binary-expr","locations":[{"start":{"line":11,"column":15},"end":{"line":11,"column":33}},{"start":{"line":11,"column":37},"end":{"line":11,"column":42}}],"line":11},"1":{"loc":{"start":{"line":12,"column":21},"end":{"line":12,"column":82}},"type":"cond-expr","locations":[{"start":{"line":12,"column":42},"end":{"line":12,"column":60}},{"start":{"line":12,"column":63},"end":{"line":12,"column":82}}],"line":12},"2":{"loc":{"start":{"line":20,"column":4},"end":{"line":20,"column":112}},"type":"if","locations":[{"start":{"line":20,"column":4},"end":{"line":20,"column":112}},{"start":{},"end":{}}],"line":20},"3":{"loc":{"start":{"line":20,"column":8},"end":{"line":20,"column":96}},"type":"binary-expr","locations":[{"start":{"line":20,"column":8},"end":{"line":20,"column":50}},{"start":{"line":20,"column":54},"end":{"line":20,"column":96}}],"line":20},"4":{"loc":{"start":{"line":21,"column":4},"end":{"line":21,"column":111}},"type":"if","locations":[{"start":{"line":21,"column":4},"end":{"line":21,"column":111}},{"start":{},"end":{}}],"line":21},"5":{"loc":{"start":{"line":21,"column":8},"end":{"line":21,"column":96}},"type":"binary-expr","locations":[{"start":{"line":21,"column":8},"end":{"line":21,"column":50}},{"start":{"line":21,"column":54},"end":{"line":21,"column":96}}],"line":21},"6":{"loc":{"start":{"line":26,"column":2},"end":{"line":34,"column":3}},"type":"if","locations":[{"start":{"line":26,"column":2},"end":{"line":34,"column":3}},{"start":{},"end":{}}],"line":26},"7":{"loc":{"start":{"line":28,"column":4},"end":{"line":30,"column":5}},"type":"if","locations":[{"start":{"line":28,"column":4},"end":{"line":30,"column":5}},{"start":{},"end":{}}],"line":28},"8":{"loc":{"start":{"line":29,"column":20},"end":{"line":29,"column":50}},"type":"cond-expr","locations":[{"start":{"line":29,"column":29},"end":{"line":29,"column":46}},{"start":{"line":29,"column":49},"end":{"line":29,"column":50}}],"line":29},"9":{"loc":{"start":{"line":51,"column":7},"end":{"line":51,"column":188}},"type":"cond-expr","locations":[{"start":{"line":51,"column":31},"end":{"line":51,"column":181}},{"start":{"line":51,"column":184},"end":{"line":51,"column":188}}],"line":51}},"s":{"0":2,"1":2,"2":2,"3":2,"4":2,"5":2,"6":2,"7":2,"8":2,"9":3,"10":2,"11":1,"12":0,"13":1,"14":0,"15":1,"16":2,"17":2,"18":2,"19":2,"20":1,"21":2,"22":2,"23":3,"24":0,"25":0,"26":0,"27":0,"28":2,"29":3,"30":1},"f":{"0":2,"1":2,"2":1,"3":0,"4":3},"b":{"0":[2,2],"1":[0,2],"2":[0,1],"3":[1,0],"4":[0,1],"5":[1,0],"6":[2,0],"7":[1,1],"8":[0,1],"9":[0,2]},"_coverageSchema":"1a1c01bbd47fc00a2c39e90264f33305004495a9","hash":"66d0cbd9e87272a672f1e6f35a87a769dde9f88c"}
,"/Users/admin/HackReactor/Front-End-Capstone/Atelier/client/src/components/questionsAnswers/subComponents/MoreAnsweredQuestions.jsx": {"path":"/Users/admin/HackReactor/Front-End-Capstone/Atelier/client/src/components/questionsAnswers/subComponents/MoreAnsweredQuestions.jsx","statementMap":{"0":{"start":{"line":6,"column":42},"end":{"line":6,"column":75}},"1":{"start":{"line":6,"column":65},"end":{"line":6,"column":74}},"2":{"start":{"line":7,"column":19},"end":{"line":7,"column":32}},"3":{"start":{"line":9,"column":22},"end":{"line":12,"column":3}},"4":{"start":{"line":10,"column":4},"end":{"line":10,"column":23}},"5":{"start":{"line":11,"column":4},"end":{"line":11,"column":34}},"6":{"start":{"line":14,"column":2},"end":{"line":16,"column":3}},"7":{"start":{"line":15,"column":4},"end":{"line":15,"column":203}}},"fnMap":{"0":{"name":"MoreAnsweredQuestions","decl":{"start":{"line":5,"column":9},"end":{"line":5,"column":30}},"loc":{"start":{"line":5,"column":33},"end":{"line":17,"column":1}},"line":5},"1":{"name":"(anonymous_1)","decl":{"start":{"line":6,"column":54},"end":{"line":6,"column":55}},"loc":{"start":{"line":6,"column":65},"end":{"line":6,"column":74}},"line":6},"2":{"name":"(anonymous_2)","decl":{"start":{"line":9,"column":22},"end":{"line":9,"column":23}},"loc":{"start":{"line":9,"column":29},"end":{"line":12,"column":3}},"line":9}},"branchMap":{"0":{"loc":{"start":{"line":14,"column":2},"end":{"line":16,"column":3}},"type":"if","locations":[{"start":{"line":14,"column":2},"end":{"line":16,"column":3}},{"start":{},"end":{}}],"line":14}},"s":{"0":2,"1":7,"2":2,"3":2,"4":0,"5":0,"6":2,"7":0},"f":{"0":2,"1":7,"2":0},"b":{"0":[0,2]},"_coverageSchema":"1a1c01bbd47fc00a2c39e90264f33305004495a9","hash":"958094050f6ebc892bc486dd055fd43b8f6b77bf"}
,"/Users/admin/HackReactor/Front-End-Capstone/Atelier/client/src/components/questionsAnswers/subComponents/QuestionEntry.jsx": {"path":"/Users/admin/HackReactor/Front-End-Capstone/Atelier/client/src/components/questionsAnswers/subComponents/QuestionEntry.jsx","statementMap":{"0":{"start":{"line":7,"column":14},"end":{"line":7,"column":30}},"1":{"start":{"line":10,"column":18},"end":{"line":10,"column":105}},"2":{"start":{"line":11,"column":21},"end":{"line":18,"column":3}},"3":{"start":{"line":21,"column":22},"end":{"line":29,"column":3}},"4":{"start":{"line":31,"column":18},"end":{"line":34,"column":3}},"5":{"start":{"line":36,"column":19},"end":{"line":36,"column":32}},"6":{"start":{"line":37,"column":22},"end":{"line":41,"column":3}},"7":{"start":{"line":38,"column":4},"end":{"line":38,"column":41}},"8":{"start":{"line":39,"column":4},"end":{"line":39,"column":44}},"9":{"start":{"line":40,"column":4},"end":{"line":40,"column":23}},"10":{"start":{"line":43,"column":2},"end":{"line":73,"column":4}},"11":{"start":{"line":76,"column":0},"end":{"line":91,"column":2}}},"fnMap":{"0":{"name":"QuestionEntry","decl":{"start":{"line":9,"column":9},"end":{"line":9,"column":22}},"loc":{"start":{"line":9,"column":30},"end":{"line":74,"column":1}},"line":9},"1":{"name":"(anonymous_1)","decl":{"start":{"line":21,"column":22},"end":{"line":21,"column":23}},"loc":{"start":{"line":21,"column":28},"end":{"line":29,"column":3}},"line":21},"2":{"name":"(anonymous_2)","decl":{"start":{"line":37,"column":22},"end":{"line":37,"column":23}},"loc":{"start":{"line":37,"column":28},"end":{"line":41,"column":3}},"line":37}},"branchMap":{},"s":{"0":1,"1":2,"2":2,"3":2,"4":2,"5":2,"6":2,"7":0,"8":0,"9":0,"10":2,"11":1},"f":{"0":2,"1":0,"2":0},"b":{},"_coverageSchema":"1a1c01bbd47fc00a2c39e90264f33305004495a9","hash":"dd7a02c4256b8315ea918429c46d7d800d96db7c"}
,"/Users/admin/HackReactor/Front-End-Capstone/Atelier/client/src/components/questionsAnswers/subComponents/QuestionsList.jsx": {"path":"/Users/admin/HackReactor/Front-End-Capstone/Atelier/client/src/components/questionsAnswers/subComponents/QuestionsList.jsx","statementMap":{"0":{"start":{"line":6,"column":28},"end":{"line":6,"column":61}},"1":{"start":{"line":6,"column":51},"end":{"line":6,"column":60}},"2":{"start":{"line":8,"column":2},"end":{"line":24,"column":4}},"3":{"start":{"line":19,"column":14},"end":{"line":19,"column":57}}},"fnMap":{"0":{"name":"QuestionsList","decl":{"start":{"line":5,"column":9},"end":{"line":5,"column":22}},"loc":{"start":{"line":5,"column":25},"end":{"line":25,"column":1}},"line":5},"1":{"name":"(anonymous_1)","decl":{"start":{"line":6,"column":40},"end":{"line":6,"column":41}},"loc":{"start":{"line":6,"column":51},"end":{"line":6,"column":60}},"line":6},"2":{"name":"(anonymous_2)","decl":{"start":{"line":18,"column":31},"end":{"line":18,"column":32}},"loc":{"start":{"line":19,"column":14},"end":{"line":19,"column":57}},"line":19}},"branchMap":{"0":{"loc":{"start":{"line":10,"column":7},"end":{"line":22,"column":9}},"type":"cond-expr","locations":[{"start":{"line":12,"column":10},"end":{"line":14,"column":16}},{"start":{"line":17,"column":10},"end":{"line":21,"column":16}}],"line":10}},"s":{"0":2,"1":7,"2":2,"3":2},"f":{"0":2,"1":7,"2":2},"b":{"0":[1,1]},"_coverageSchema":"1a1c01bbd47fc00a2c39e90264f33305004495a9","hash":"61b5901202165ec69a63356de90fd360b2ab1b6a"}
,"/Users/admin/HackReactor/Front-End-Capstone/Atelier/client/src/components/questionsAnswers/subComponents/Search.jsx": {"path":"/Users/admin/HackReactor/Front-End-Capstone/Atelier/client/src/components/questionsAnswers/subComponents/Search.jsx","statementMap":{"0":{"start":{"line":6,"column":19},"end":{"line":6,"column":32}},"1":{"start":{"line":8,"column":23},"end":{"line":11,"column":3}},"2":{"start":{"line":9,"column":4},"end":{"line":9,"column":23}},"3":{"start":{"line":10,"column":4},"end":{"line":10,"column":37}},"4":{"start":{"line":13,"column":2},"end":{"line":22,"column":4}}},"fnMap":{"0":{"name":"Search","decl":{"start":{"line":5,"column":9},"end":{"line":5,"column":15}},"loc":{"start":{"line":5,"column":18},"end":{"line":23,"column":1}},"line":5},"1":{"name":"(anonymous_1)","decl":{"start":{"line":8,"column":23},"end":{"line":8,"column":24}},"loc":{"start":{"line":8,"column":30},"end":{"line":11,"column":3}},"line":8}},"branchMap":{},"s":{"0":2,"1":2,"2":0,"3":0,"4":2},"f":{"0":2,"1":0},"b":{},"_coverageSchema":"1a1c01bbd47fc00a2c39e90264f33305004495a9","hash":"0f6150c2499bc59e70fc8a44316393fe44c3a345"}
,"/Users/admin/HackReactor/Front-End-Capstone/Atelier/client/src/components/ratingsReviews/index.jsx": {"path":"/Users/admin/HackReactor/Front-End-Capstone/Atelier/client/src/components/ratingsReviews/index.jsx","statementMap":{"0":{"start":{"line":10,"column":19},"end":{"line":10,"column":32}},"1":{"start":{"line":11,"column":2},"end":{"line":13,"column":9}},"2":{"start":{"line":12,"column":4},"end":{"line":12,"column":32}},"3":{"start":{"line":15,"column":2},"end":{"line":32,"column":4}}},"fnMap":{"0":{"name":"RatingsReviews","decl":{"start":{"line":9,"column":9},"end":{"line":9,"column":23}},"loc":{"start":{"line":9,"column":26},"end":{"line":33,"column":1}},"line":9},"1":{"name":"(anonymous_1)","decl":{"start":{"line":11,"column":12},"end":{"line":11,"column":13}},"loc":{"start":{"line":11,"column":18},"end":{"line":13,"column":3}},"line":11}},"branchMap":{},"s":{"0":1,"1":1,"2":1,"3":1},"f":{"0":1,"1":1},"b":{},"_coverageSchema":"1a1c01bbd47fc00a2c39e90264f33305004495a9","hash":"c18d50a263824823ba291a80e73a6e290226bbce"}
,"/Users/admin/HackReactor/Front-End-Capstone/Atelier/client/src/components/ratingsReviews/scripts/API_Helper.js": {"path":"/Users/admin/HackReactor/Front-End-Capstone/Atelier/client/src/components/ratingsReviews/scripts/API_Helper.js","statementMap":{"0":{"start":{"line":1,"column":14},"end":{"line":1,"column":30}},"1":{"start":{"line":3,"column":16},"end":{"line":3,"column":77}},"2":{"start":{"line":4,"column":19},"end":{"line":8,"column":1}},"3":{"start":{"line":11,"column":19},"end":{"line":11,"column":84}},"4":{"start":{"line":12,"column":2},"end":{"line":12,"column":31}},"5":{"start":{"line":16,"column":19},"end":{"line":16,"column":72}},"6":{"start":{"line":17,"column":2},"end":{"line":17,"column":31}}},"fnMap":{"0":{"name":"markAsHelpful","decl":{"start":{"line":10,"column":30},"end":{"line":10,"column":43}},"loc":{"start":{"line":10,"column":54},"end":{"line":13,"column":1}},"line":10},"1":{"name":"postReview","decl":{"start":{"line":15,"column":22},"end":{"line":15,"column":32}},"loc":{"start":{"line":15,"column":44},"end":{"line":18,"column":1}},"line":15}},"branchMap":{},"s":{"0":1,"1":1,"2":1,"3":0,"4":0,"5":0,"6":0},"f":{"0":0,"1":0},"b":{},"_coverageSchema":"1a1c01bbd47fc00a2c39e90264f33305004495a9","hash":"9d2c71dbbaefbb668b1312e8e50ef7604a09c5fe"}
,"/Users/admin/HackReactor/Front-End-Capstone/Atelier/client/src/components/ratingsReviews/scripts/characteristicsMeaning.js": {"path":"/Users/admin/HackReactor/Front-End-Capstone/Atelier/client/src/components/ratingsReviews/scripts/characteristicsMeaning.js","statementMap":{"0":{"start":{"line":1,"column":31},"end":{"line":44,"column":1}}},"fnMap":{},"branchMap":{},"s":{"0":1},"f":{},"b":{},"_coverageSchema":"1a1c01bbd47fc00a2c39e90264f33305004495a9","hash":"755bcc0f8e563cd676864e01b0eb0c8013035308"}
,"/Users/admin/HackReactor/Front-End-Capstone/Atelier/client/src/components/ratingsReviews/subComponents/NewReviewModal.jsx": {"path":"/Users/admin/HackReactor/Front-End-Capstone/Atelier/client/src/components/ratingsReviews/subComponents/NewReviewModal.jsx","statementMap":{"0":{"start":{"line":16,"column":17},"end":{"line":16,"column":57}},"1":{"start":{"line":16,"column":40},"end":{"line":16,"column":56}},"2":{"start":{"line":17,"column":19},"end":{"line":17,"column":61}},"3":{"start":{"line":17,"column":42},"end":{"line":17,"column":60}},"4":{"start":{"line":18,"column":30},"end":{"line":18,"column":76}},"5":{"start":{"line":18,"column":53},"end":{"line":18,"column":75}},"6":{"start":{"line":19,"column":62},"end":{"line":19,"column":74}},"7":{"start":{"line":20,"column":36},"end":{"line":20,"column":51}},"8":{"start":{"line":21,"column":34},"end":{"line":21,"column":46}},"9":{"start":{"line":22,"column":32},"end":{"line":22,"column":44}},"10":{"start":{"line":23,"column":30},"end":{"line":23,"column":43}},"11":{"start":{"line":24,"column":30},"end":{"line":24,"column":41}},"12":{"start":{"line":25,"column":28},"end":{"line":25,"column":40}},"13":{"start":{"line":26,"column":26},"end":{"line":26,"column":38}},"14":{"start":{"line":28,"column":37},"end":{"line":33,"column":3}},"15":{"start":{"line":29,"column":4},"end":{"line":32,"column":7}},"16":{"start":{"line":35,"column":28},"end":{"line":41,"column":3}},"17":{"start":{"line":36,"column":4},"end":{"line":36,"column":23}},"18":{"start":{"line":37,"column":4},"end":{"line":37,"column":33}},"19":{"start":{"line":38,"column":4},"end":{"line":40,"column":5}},"20":{"start":{"line":39,"column":6},"end":{"line":39,"column":69}},"21":{"start":{"line":43,"column":2},"end":{"line":51,"column":9}},"22":{"start":{"line":45,"column":18},"end":{"line":45,"column":52}},"23":{"start":{"line":46,"column":4},"end":{"line":50,"column":7}},"24":{"start":{"line":47,"column":6},"end":{"line":49,"column":9}},"25":{"start":{"line":48,"column":8},"end":{"line":48,"column":29}},"26":{"start":{"line":53,"column":19},"end":{"line":63,"column":3}},"27":{"start":{"line":54,"column":19},"end":{"line":54,"column":35}},"28":{"start":{"line":55,"column":4},"end":{"line":61,"column":6}},"29":{"start":{"line":56,"column":6},"end":{"line":60,"column":7}},"30":{"start":{"line":57,"column":8},"end":{"line":57,"column":41}},"31":{"start":{"line":57,"column":24},"end":{"line":57,"column":39}},"32":{"start":{"line":59,"column":8},"end":{"line":59,"column":60}},"33":{"start":{"line":59,"column":31},"end":{"line":59,"column":58}},"34":{"start":{"line":62,"column":4},"end":{"line":62,"column":44}},"35":{"start":{"line":65,"column":24},"end":{"line":67,"column":3}},"36":{"start":{"line":66,"column":4},"end":{"line":66,"column":26}},"37":{"start":{"line":69,"column":28},"end":{"line":84,"column":3}},"38":{"start":{"line":70,"column":4},"end":{"line":83,"column":5}},"39":{"start":{"line":72,"column":8},"end":{"line":72,"column":22}},"40":{"start":{"line":74,"column":8},"end":{"line":74,"column":22}},"41":{"start":{"line":76,"column":8},"end":{"line":76,"column":25}},"42":{"start":{"line":78,"column":8},"end":{"line":78,"column":22}},"43":{"start":{"line":80,"column":8},"end":{"line":80,"column":23}},"44":{"start":{"line":82,"column":8},"end":{"line":82,"column":18}},"45":{"start":{"line":86,"column":2},"end":{"line":289,"column":4}},"46":{"start":{"line":88,"column":31},"end":{"line":88,"column":50}},"47":{"start":{"line":88,"column":51},"end":{"line":88,"column":66}},"48":{"start":{"line":115,"column":34},"end":{"line":115,"column":52}},"49":{"start":{"line":126,"column":34},"end":{"line":126,"column":53}},"50":{"start":{"line":147,"column":12},"end":{"line":174,"column":18}},"51":{"start":{"line":154,"column":18},"end":{"line":164,"column":24}},"52":{"start":{"line":161,"column":38},"end":{"line":161,"column":85}},"53":{"start":{"line":168,"column":20},"end":{"line":170,"column":26}},"54":{"start":{"line":191,"column":16},"end":{"line":191,"column":53}},"55":{"start":{"line":216,"column":16},"end":{"line":216,"column":52}},"56":{"start":{"line":229,"column":14},"end":{"line":229,"column":228}},"57":{"start":{"line":229,"column":135},"end":{"line":229,"column":163}},"58":{"start":{"line":248,"column":16},"end":{"line":248,"column":54}},"59":{"start":{"line":272,"column":16},"end":{"line":272,"column":51}}},"fnMap":{"0":{"name":"NewReviewModal","decl":{"start":{"line":15,"column":9},"end":{"line":15,"column":23}},"loc":{"start":{"line":15,"column":26},"end":{"line":290,"column":1}},"line":15},"1":{"name":"(anonymous_1)","decl":{"start":{"line":16,"column":29},"end":{"line":16,"column":30}},"loc":{"start":{"line":16,"column":40},"end":{"line":16,"column":56}},"line":16},"2":{"name":"(anonymous_2)","decl":{"start":{"line":17,"column":31},"end":{"line":17,"column":32}},"loc":{"start":{"line":17,"column":42},"end":{"line":17,"column":60}},"line":17},"3":{"name":"(anonymous_3)","decl":{"start":{"line":18,"column":42},"end":{"line":18,"column":43}},"loc":{"start":{"line":18,"column":53},"end":{"line":18,"column":75}},"line":18},"4":{"name":"(anonymous_4)","decl":{"start":{"line":28,"column":37},"end":{"line":28,"column":38}},"loc":{"start":{"line":28,"column":64},"end":{"line":33,"column":3}},"line":28},"5":{"name":"(anonymous_5)","decl":{"start":{"line":35,"column":28},"end":{"line":35,"column":29}},"loc":{"start":{"line":35,"column":60},"end":{"line":41,"column":3}},"line":35},"6":{"name":"(anonymous_6)","decl":{"start":{"line":43,"column":12},"end":{"line":43,"column":13}},"loc":{"start":{"line":43,"column":18},"end":{"line":51,"column":3}},"line":43},"7":{"name":"(anonymous_7)","decl":{"start":{"line":46,"column":18},"end":{"line":46,"column":19}},"loc":{"start":{"line":46,"column":35},"end":{"line":50,"column":5}},"line":46},"8":{"name":"(anonymous_8)","decl":{"start":{"line":47,"column":37},"end":{"line":47,"column":38}},"loc":{"start":{"line":47,"column":43},"end":{"line":49,"column":7}},"line":47},"9":{"name":"(anonymous_9)","decl":{"start":{"line":53,"column":19},"end":{"line":53,"column":20}},"loc":{"start":{"line":53,"column":26},"end":{"line":63,"column":3}},"line":53},"10":{"name":"(anonymous_10)","decl":{"start":{"line":55,"column":20},"end":{"line":55,"column":21}},"loc":{"start":{"line":55,"column":26},"end":{"line":61,"column":5}},"line":55},"11":{"name":"(anonymous_11)","decl":{"start":{"line":57,"column":18},"end":{"line":57,"column":19}},"loc":{"start":{"line":57,"column":24},"end":{"line":57,"column":39}},"line":57},"12":{"name":"(anonymous_12)","decl":{"start":{"line":59,"column":18},"end":{"line":59,"column":19}},"loc":{"start":{"line":59,"column":31},"end":{"line":59,"column":58}},"line":59},"13":{"name":"(anonymous_13)","decl":{"start":{"line":65,"column":24},"end":{"line":65,"column":25}},"loc":{"start":{"line":65,"column":39},"end":{"line":67,"column":3}},"line":65},"14":{"name":"(anonymous_14)","decl":{"start":{"line":69,"column":28},"end":{"line":69,"column":29}},"loc":{"start":{"line":69,"column":34},"end":{"line":84,"column":3}},"line":69},"15":{"name":"(anonymous_15)","decl":{"start":{"line":88,"column":22},"end":{"line":88,"column":23}},"loc":{"start":{"line":88,"column":29},"end":{"line":88,"column":68}},"line":88},"16":{"name":"(anonymous_16)","decl":{"start":{"line":115,"column":28},"end":{"line":115,"column":29}},"loc":{"start":{"line":115,"column":34},"end":{"line":115,"column":52}},"line":115},"17":{"name":"(anonymous_17)","decl":{"start":{"line":126,"column":28},"end":{"line":126,"column":29}},"loc":{"start":{"line":126,"column":34},"end":{"line":126,"column":53}},"line":126},"18":{"name":"(anonymous_18)","decl":{"start":{"line":146,"column":47},"end":{"line":146,"column":48}},"loc":{"start":{"line":147,"column":12},"end":{"line":174,"column":18}},"line":147},"19":{"name":"(anonymous_19)","decl":{"start":{"line":153,"column":37},"end":{"line":153,"column":38}},"loc":{"start":{"line":154,"column":18},"end":{"line":164,"column":24}},"line":154},"20":{"name":"(anonymous_20)","decl":{"start":{"line":161,"column":32},"end":{"line":161,"column":33}},"loc":{"start":{"line":161,"column":38},"end":{"line":161,"column":85}},"line":161},"21":{"name":"(anonymous_21)","decl":{"start":{"line":167,"column":39},"end":{"line":167,"column":40}},"loc":{"start":{"line":168,"column":20},"end":{"line":170,"column":26}},"line":168},"22":{"name"
[...]
"8":{"start":{"line":36,"column":6},"end":{"line":36,"column":53}},"9":{"start":{"line":37,"column":6},"end":{"line":37,"column":47}},"10":{"start":{"line":38,"column":6},"end":{"line":38,"column":44}},"11":{"start":{"line":39,"column":6},"end":{"line":39,"column":55}},"12":{"start":{"line":40,"column":6},"end":{"line":40,"column":63}},"13":{"start":{"line":41,"column":6},"end":{"line":41,"column":52}},"14":{"start":{"line":42,"column":20},"end":{"line":42,"column":45}},"15":{"start":{"line":43,"column":6},"end":{"line":43,"column":87}},"16":{"start":{"line":46,"column":28},"end":{"line":47,"column":66}},"17":{"start":{"line":47,"column":25},"end":{"line":47,"column":65}},"18":{"start":{"line":49,"column":27},"end":{"line":49,"column":69}},"19":{"start":{"line":50,"column":6},"end":{"line":50,"column":45}},"20":{"start":{"line":51,"column":24},"end":{"line":52,"column":66}},"21":{"start":{"line":52,"column":25},"end":{"line":52,"column":65}},"22":{"start":{"line":53,"column":6},"end":{"line":55,"column":42}},"23":{"start":{"line":54,"column":23},"end":{"line":54,"column":64}},"24":{"start":{"line":56,"column":6},"end":{"line":56,"column":46}},"25":{"start":{"line":59,"column":6},"end":{"line":59,"column":41}},"26":{"start":{"line":62,"column":6},"end":{"line":62,"column":43}},"27":{"start":{"line":65,"column":6},"end":{"line":65,"column":51}},"28":{"start":{"line":68,"column":6},"end":{"line":68,"column":45}},"29":{"start":{"line":73,"column":38},"end":{"line":76,"column":1}},"30":{"start":{"line":73,"column":53},"end":{"line":76,"column":1}},"31":{"start":{"line":74,"column":23},"end":{"line":74,"column":66}},"32":{"start":{"line":75,"column":2},"end":{"line":75,"column":58}},"33":{"start":{"line":78,"column":35},"end":{"line":81,"column":1}},"34":{"start":{"line":78,"column":41},"end":{"line":81,"column":1}},"35":{"start":{"line":79,"column":23},"end":{"line":79,"column":52}},"36":{"start":{"line":80,"column":2},"end":{"line":80,"column":62}},"37":{"start":{"line":93,"column":4},"end":{"line":93,"column":24}}},"fnMap":{"0":{"name":"(anonymous_0)","decl":{"start":{"line":27,"column":4},"end":{"line":27,"column":5}},"loc":{"start":{"line":27,"column":34},"end":{"line":29,"column":5}},"line":27},"1":{"name":"(anonymous_1)","decl":{"start":{"line":30,"column":4},"end":{"line":30,"column":5}},"loc":{"start":{"line":30,"column":30},"end":{"line":44,"column":5}},"line":30},"2":{"name":"(anonymous_2)","decl":{"start":{"line":45,"column":4},"end":{"line":45,"column":5}},"loc":{"start":{"line":45,"column":31},"end":{"line":57,"column":5}},"line":45},"3":{"name":"(anonymous_3)","decl":{"start":{"line":47,"column":14},"end":{"line":47,"column":15}},"loc":{"start":{"line":47,"column":25},"end":{"line":47,"column":65}},"line":47},"4":{"name":"(anonymous_4)","decl":{"start":{"line":52,"column":14},"end":{"line":52,"column":15}},"loc":{"start":{"line":52,"column":25},"end":{"line":52,"column":65}},"line":52},"5":{"name":"(anonymous_5)","decl":{"start":{"line":54,"column":14},"end":{"line":54,"column":15}},"loc":{"start":{"line":54,"column":23},"end":{"line":54,"column":64}},"line":54},"6":{"name":"(anonymous_6)","decl":{"start":{"line":58,"column":4},"end":{"line":58,"column":5}},"loc":{"start":{"line":58,"column":30},"end":{"line":60,"column":5}},"line":58},"7":{"name":"(anonymous_7)","decl":{"start":{"line":61,"column":4},"end":{"line":61,"column":5}},"loc":{"start":{"line":61,"column":31},"end":{"line":63,"column":5}},"line":61},"8":{"name":"(anonymous_8)","decl":{"start":{"line":64,"column":4},"end":{"line":64,"column":5}},"loc":{"start":{"line":64,"column":27},"end":{"line":66,"column":5}},"line":64},"9":{"name":"(anonymous_9)","decl":{"start":{"line":67,"column":4},"end":{"line":67,"column":5}},"loc":{"start":{"line":67,"column":26},"end":{"line":69,"column":5}},"line":67},"10":{"name":"(anonymous_10)","decl":{"start":{"line":73,"column":38},"end":{"line":73,"column":39}},"loc":{"start":{"line":73,"column":53},"end":{"line":76,"column":1}},"line":73},"11":{"name":"(anonymous_11)","decl":{"start":{"line":73,"column":53},"end":{"line":73,"column":54}},"loc":{"start":{"line":73,"column":73},"end":{"line":76,"column":1}},"line":73},"12":{"name":"(anonymous_12)","decl":{"start":{"line":78,"column":35},"end":{"line":78,"column":36}},"loc":{"start":{"line":78,"column":41},"end":{"line":81,"column":1}},"line":78},"13":{"name":"(anonymous_13)","decl":{"start":{"line":78,"column":41},"end":{"line":78,"column":42}},"loc":{"start":{"line":78,"column":61},"end":{"line":81,"column":1}},"line":78}},"branchMap":{"0":{"loc":{"start":{"line":53,"column":26},"end":{"line":55,"column":41}},"type":"binary-expr","locations":[{"start":{"line":53,"column":26},"end":{"line":54,"column":65}},{"start":{"line":55,"column":11},"end":{"line":55,"column":41}}],"line":53}},"s":{"0":1,"1":1,"2":1,"3":1,"4":1,"5":1,"6":1,"7":1,"8":1,"9":1,"10":1,"11":1,"12":1,"13":1,"14":1,"15":1,"16":0,"17":0,"18":0,"19":0,"20":0,"21":0,"22":0,"23":0,"24":0,"25":0,"26":0,"27":0,"28":0,"29":1,"30":1,"31":1,"32":1,"33":1,"34":1,"35":1,"36":1,"37":1},"f":{"0":1,"1":1,"2":0,"3":0,"4":0,"5":0,"6":0,"7":0,"8":0,"9":0,"10":1,"11":1,"12":1,"13":1},"b":{"0":[0,0]},"_coverageSchema":"1a1c01bbd47fc00a2c39e90264f33305004495a9","hash":"d5a78116b8adadb4ccaabc1c4efe5078ce48d7aa"}
,"/Users/admin/HackReactor/Front-End-Capstone/Atelier/client/src/reducers/qnaSlice.js": {"path":"/Users/admin/HackReactor/Front-End-Capstone/Atelier/client/src/reducers/qnaSlice.js","statementMap":{"0":{"start":{"line":3,"column":21},"end":{"line":11,"column":1}},"1":{"start":{"line":13,"column":24},"end":{"line":51,"column":2}},"2":{"start":{"line":18,"column":19},"end":{"line":18,"column":33}},"3":{"start":{"line":19,"column":6},"end":{"line":19,"column":43}},"4":{"start":{"line":20,"column":6},"end":{"line":20,"column":40}},"5":{"start":{"line":22,"column":30},"end":{"line":24,"column":7}},"6":{"start":{"line":23,"column":18},"end":{"line":23,"column":65}},"7":{"start":{"line":26,"column":6},"end":{"line":26,"column":72}},"8":{"start":{"line":29,"column":20},"end":{"line":29,"column":48}},"9":{"start":{"line":30,"column":6},"end":{"line":36,"column":7}},"10":{"start":{"line":31,"column":8},"end":{"line":31,"column":77}},"11":{"start":{"line":33,"column":8},"end":{"line":35,"column":10}},"12":{"start":{"line":34,"column":17},"end":{"line":34,"column":64}},"13":{"start":{"line":39,"column":6},"end":{"line":39,"column":29}},"14":{"start":{"line":40,"column":6},"end":{"line":40,"column":75}},"15":{"start":{"line":43,"column":6},"end":{"line":43,"column":70}},"16":{"start":{"line":46,"column":6},"end":{"line":46,"column":47}},"17":{"start":{"line":47,"column":6},"end":{"line":47,"column":72}},"18":{"start":{"line":48,"column":6},"end":{"line":48,"column":56}},"19":{"start":{"line":56,"column":4},"end":{"line":56,"column":20}}},"fnMap":{"0":{"name":"(anonymous_0)","decl":{"start":{"line":17,"column":20},"end":{"line":17,"column":21}},"loc":{"start":{"line":17,"column":39},"end":{"line":27,"column":5}},"line":17},"1":{"name":"(anonymous_1)","decl":{"start":{"line":23,"column":8},"end":{"line":23,"column":9}},"loc":{"start":{"line":23,"column":18},"end":{"line":23,"column":65}},"line":23},"2":{"name":"(anonymous_2)","decl":{"start":{"line":28,"column":12},"end":{"line":28,"column":13}},"loc":{"start":{"line":28,"column":31},"end":{"line":37,"column":5}},"line":28},"3":{"name":"(anonymous_3)","decl":{"start":{"line":34,"column":10},"end":{"line":34,"column":11}},"loc":{"start":{"line":34,"column":17},"end":{"line":34,"column":64}},"line":34},"4":{"name":"(anonymous_4)","decl":{"start":{"line":38,"column":23},"end":{"line":38,"column":24}},"loc":{"start":{"line":38,"column":34},"end":{"line":41,"column":5}},"line":38},"5":{"name":"(anonymous_5)","decl":{"start":{"line":42,"column":19},"end":{"line":42,"column":20}},"loc":{"start":{"line":42,"column":38},"end":{"line":44,"column":5}},"line":42},"6":{"name":"(anonymous_6)","decl":{"start":{"line":45,"column":17},"end":{"line":45,"column":18}},"loc":{"start":{"line":45,"column":36},"end":{"line":49,"column":5}},"line":45}},"branchMap":{"0":{"loc":{"start":{"line":30,"column":6},"end":{"line":36,"column":7}},"type":"if","locations":[{"start":{"line":30,"column":6},"end":{"line":36,"column":7}},{"start":{"line":32,"column":13},"end":{"line":36,"column":7}}],"line":30}},"s":{"0":1,"1":1,"2":1,"3":1,"4":1,"5":1,"6":1,"7":1,"8":0,"9":0,"10":0,"11":0,"12":0,"13":0,"14":0,"15":0,"16":0,"17":0,"18":0,"19":1},"f":{"0":1,"1":1,"2":0,"3":0,"4":0,"5":0,"6":0},"b":{"0":[0,0]},"_coverageSchema":"1a1c01bbd47fc00a2c39e90264f33305004495a9","hash":"81688deee33d54eddce2abc550c18d2a1f5fe71a"}
,"/Users/admin/HackReactor/Front-End-Capstone/Atelier/client/src/reducers/reviewSlice.js": {"path":"/Users/admin/HackReactor/Front-End-Capstone/Atelier/client/src/reducers/reviewSlice.js","statementMap":{"0":{"start":{"line":4,"column":14},"end":{"line":4,"column":30}},"1":{"start":{"line":6,"column":16},"end":{"line":6,"column":77}},"2":{"start":{"line":7,"column":19},"end":{"line":11,"column":1}},"3":{"start":{"line":13,"column":27},"end":{"line":24,"column":2}},"4":{"start":{"line":21,"column":6},"end":{"line":21,"column":52}},"5":{"start":{"line":26,"column":30},"end":{"line":26,"column":49}},"6":{"start":{"line":28,"column":31},"end":{"line":53,"column":1}},"7":{"start":{"line":28,"column":37},"end":{"line":53,"column":1}},"8":{"start":{"line":29,"column":2},"end":{"line":52,"column":3}},"9":{"start":{"line":30,"column":18},"end":{"line":30,"column":28}},"10":{"start":{"line":31,"column":19},"end":{"line":31,"column":24}},"11":{"start":{"line":33,"column":25},"end":{"line":33,"column":94}},"12":{"start":{"line":34,"column":24},"end":{"line":36,"column":5}},"13":{"start":{"line":35,"column":25},"end":{"line":35,"column":55}},"14":{"start":{"line":37,"column":54},"end":{"line":37,"column":71}},"15":{"start":{"line":39,"column":27},"end":{"line":40,"column":74}},"16":{"start":{"line":40,"column":37},"end":{"line":40,"column":70}},"17":{"start":{"line":41,"column":24},"end":{"line":42,"column":53}},"18":{"start":{"line":42,"column":30},"end":{"line":42,"column":49}},"19":{"start":{"line":43,"column":26},"end":{"line":43,"column":54}},"20":{"start":{"line":45,"column":27},"end":{"line":45,"column":146}},"21":{"start":{"line":46,"column":26},"end":{"line":48,"column":6}},"22":{"start":{"line":49,"column":4},"end":{"line":49,"column":40}},"23":{"start":{"line":51,"column":4},"end":{"line":51,"column":25}},"24":{"start":{"line":55,"column":30},"end":{"line":62,"column":1}},"25":{"start":{"line":55,"column":40},"end":{"line":62,"column":1}},"26":{"start":{"line":56,"column":2},"end":{"line":61,"column":3}},"27":{"start":{"line":57,"column":4},"end":{"line":57,"column":48}},"28":{"start":{"line":58,"column":4},"end":{"line":58,"column":32}},"29":{"start":{"line":60,"column":4},"end":{"line":60,"column":25}}},"fnMap":{"0":{"name":"(anonymous_0)","decl":{"start":{"line":20,"column":16},"end":{"line":20,"column":17}},"loc":{"start":{"line":20,"column":35},"end":{"line":22,"column":5}},"line":20},"1":{"name":"(anonymous_1)","decl":{"start":{"line":28,"column":31},"end":{"line":28,"column":32}},"loc":{"start":{"line":28,"column":37},"end":{"line":53,"column":1}},"line":28},"2":{"name":"(anonymous_2)","decl":{"start":{"line":28,"column":37},"end":{"line":28,"column":38}},"loc":{"start":{"line":28,"column":67},"end":{"line":53,"column":1}},"line":28},"3":{"name":"(anonymous_3)","decl":{"start":{"line":35,"column":6},"end":{"line":35,"column":7}},"loc":{"start":{"line":35,"column":25},"end":{"line":35,"column":55}},"line":35},"4":{"name":"(anonymous_4)","decl":{"start":{"line":40,"column":14},"end":{"line":40,"column":15}},"loc":{"start":{"line":40,"column":37},"end":{"line":40,"column":70}},"line":40},"5":{"name":"(anonymous_5)","decl":{"start":{"line":42,"column":14},"end":{"line":42,"column":15}},"loc":{"start":{"line":42,"column":30},"end":{"line":42,"column":49}},"line":42},"6":{"name":"(anonymous_6)","decl":{"start":{"line":55,"column":30},"end":{"line":55,"column":31}},"loc":{"start":{"line":55,"column":40},"end":{"line":62,"column":1}},"line":55},"7":{"name":"(anonymous_7)","decl":{"start":{"line":55,"column":40},"end":{"line":55,"column":41}},"loc":{"start":{"line":55,"column":60},"end":{"line":62,"column":1}},"line":55}},"branchMap":{},"s":{"0":1,"1":1,"2":1,"3":1,"4":1,"5":1,"6":1,"7":1,"8":1,"9":1,"10":1,"11":1,"12":1,"13":1,"14":1,"15":1,"16":5,"17":1,"18":5,"19":1,"20":1,"21":1,"22":1,"23":0,"24":1,"25":0,"26":0,"27":0,"28":0,"29":0},"f":{"0":1,"1":1,"2":1,"3":1,"4":5,"5":5,"6":0,"7":0},"b":{},"_coverageSchema":"1a1c01bbd47fc00a2c39e90264f33305004495a9","hash":"f12beeb0d26f10cf17ccfcd18fdd67b4a072fc2c"}
,"/Users/admin/HackReactor/Front-End-Capstone/Atelier/client/src/reducers/sortSlice.js": {"path":"/Users/admin/HackReactor/Front-End-Capstone/Atelier/client/src/reducers/sortSlice.js","statementMap":{"0":{"start":{"line":6,"column":25},"end":{"line":16,"column":2}},"1":{"start":{"line":13,"column":6},"end":{"line":13,"column":38}},"2":{"start":{"line":18,"column":26},"end":{"line":21,"column":1}},"3":{"start":{"line":18,"column":40},"end":{"line":21,"column":1}},"4":{"start":{"line":19,"column":2},"end":{"line":19,"column":47}},"5":{"start":{"line":20,"column":2},"end":{"line":20,"column":30}},"6":{"start":{"line":24,"column":26},"end":{"line":24,"column":43}}},"fnMap":{"0":{"name":"(anonymous_0)","decl":{"start":{"line":12,"column":12},"end":{"line":12,"column":13}},"loc":{"start":{"line":12,"column":31},"end":{"line":14,"column":5}},"line":12},"1":{"name":"(anonymous_1)","decl":{"start":{"line":18,"column":26},"end":{"line":18,"column":27}},"loc":{"start":{"line":18,"column":40},"end":{"line":21,"column":1}},"line":18},"2":{"name":"(anonymous_2)","decl":{"start":{"line":18,"column":40},"end":{"line":18,"column":41}},"loc":{"start":{"line":18,"column":60},"end":{"line":21,"column":1}},"line":18}},"branchMap":{},"s":{"0":1,"1":0,"2":1,"3":0,"4":0,"5":0,"6":1},"f":{"0":0,"1":0,"2":0},"b":{},"_coverageSchema":"1a1c01bbd47fc00a2c39e90264f33305004495a9","hash":"f143c7da5918a36301dc8d50f73cdac58d09ebbb"}
,"/Users/admin/HackReactor/Front-End-Capstone/Atelier/client/src/reducers/themeSlice.js": {"path":"/Users/admin/HackReactor/Front-End-Capstone/Atelier/client/src/reducers/themeSlice.js","statementMap":{"0":{"start":{"line":3,"column":26},"end":{"line":13,"column":2}},"1":{"start":{"line":10,"column":6},"end":{"line":10,"column":45}},"2":{"start":{"line":16,"column":26},"end":{"line":16,"column":44}}},"fnMap":{"0":{"name":"(anonymous_0)","decl":{"start":{"line":9,"column":12},"end":{"line":9,"column":13}},"loc":{"start":{"line":9,"column":23},"end":{"line":11,"column":5}},"line":9}},"branchMap":{},"s":{"0":1,"1":0,"2":1},"f":{"0":0},"b":{},"_coverageSchema":"1a1c01bbd47fc00a2c39e90264f33305004495a9","hash":"ac02caba1a0b0243c2d7c6eeeb2e1f8de2c30407"}
,"/Users/admin/HackReactor/Front-End-Capstone/Atelier/client/src/reducers/scripts/addCartData.js": {"path":"/Users/admin/HackReactor/Front-End-Capstone/Atelier/client/src/reducers/scripts/addCartData.js","statementMap":{"0":{"start":{"line":3,"column":19},"end":{"line":7,"column":1}},"1":{"start":{"line":10,"column":2},"end":{"line":10,"column":63}}},"fnMap":{"0":{"name":"addCartData","decl":{"start":{"line":9,"column":15},"end":{"line":9,"column":26}},"loc":{"start":{"line":9,"column":48},"end":{"line":11,"column":1}},"line":9}},"branchMap":{},"s":{"0":1,"1":0},"f":{"0":0},"b":{},"_coverageSchema":"1a1c01bbd47fc00a2c39e90264f33305004495a9","hash":"116b39ed7cab412a86e73fd60a26fa9f18fd52bf"}
,"/Users/admin/HackReactor/Front-End-Capstone/Atelier/client/src/reducers/scripts/getCartData.js": {"path":"/Users/admin/HackReactor/Front-End-Capstone/Atelier/client/src/reducers/scripts/getCartData.js","statementMap":{"0":{"start":{"line":3,"column":18},"end":{"line":7,"column":1}},"1":{"start":{"line":10,"column":19},"end":{"line":10,"column":66}},"2":{"start":{"line":11,"column":2},"end":{"line":11,"column":23}}},"fnMap":{"0":{"name":"getCartData","decl":{"start":{"line":9,"column":15},"end":{"line":9,"column":26}},"loc":{"start":{"line":9,"column":38},"end":{"line":12,"column":1}},"line":9}},"branchMap":{},"s":{"0":1,"1":1,"2":0},"f":{"0":1},"b":{},"_coverageSchema":"1a1c01bbd47fc00a2c39e90264f33305004495a9","hash":"ba6800bda87ad981dd05ae27f8b951300bb71564"}
,"/Users/admin/HackReactor/Front-End-Capstone/Atelier/client/src/reducers/scripts/getProductDetails.js": {"path":"/Users/admin/HackReactor/Front-End-Capstone/Atelier/client/src/reducers/scripts/getProductDetails.js","statementMap":{"0":{"start":{"line":3,"column":18},"end":{"line":7,"column":1}},"1":{"start":{"line":10,"column":17},"end":{"line":10,"column":19}},"2":{"start":{"line":11,"column":2},"end":{"line":13,"column":5}},"3":{"start":{"line":12,"column":4},"end":{"line":12,"column":28}},"4":{"start":{"line":14,"column":2},"end":{"line":14,"column":16}},"5":{"start":{"line":18,"column":19},"end":{"line":18,"column":83}},"6":{"start":{"line":19,"column":2},"end":{"line":25,"column":4}},"7":{"start":{"line":29,"column":19},"end":{"line":29,"column":90}},"8":{"start":{"line":30,"column":2},"end":{"line":33,"column":4}},"9":{"start":{"line":37,"column":2},"end":{"line":41,"column":41}},"10":{"start":{"line":38,"column":22},"end":{"line":38,"column":81}},"11":{"start":{"line":39,"column":4},"end":{"line":39,"column":86}},"12":{"start":{"line":40,"column":4},"end":{"line":40,"column":23}},"13":{"start":{"line":41,"column":18},"end":{"line":41,"column":39}}},"fnMap":{"0":{"name":"objectDeconstructor","decl":{"start":{"line":9,"column":9},"end":{"line":9,"column":28}},"loc":{"start":{"line":9,"column":41},"end":{"line":15,"column":1}},"line":9},"1":{"name":"(anonymous_1)","decl":{"start":{"line":11,"column":15},"end":{"line":11,"column":16}},"loc":{"start":{"line":11,"column":24},"end":{"line":13,"column":3}},"line":11},"2":{"name":"appendProductPrimaryDetails","decl":{"start":{"line":17,"column":15},"end":{"line":17,"column":42}},"loc":{"start":{"line":17,"column":79},"end":{"line":26,"column":1}},"line":17},"3":{"name":"appendProductStylesDetails","decl":{"start":{"line":28,"column":15},"end":{"line":28,"column":41}},"loc":{"start":{"line":28,"column":78},"end":{"line":34,"column":1}},"line":28},"4":{"name":"getProductDetails","decl":{"start":{"line":36,"column":15},"end":{"line":36,"column":32}},"loc":{"start":{"line":36,"column":55},"end":{"line":42,"column":1}},"line":36}},"branchMap":{},"s":{"0":1,"1":8,"2":8,"3":32,"4":8,"5":4,"6":4,"7":4,"8":4,"9":4,"10":4,"11":4,"12":4,"13":0},"f":{"0":8,"1":32,"2":4,"3":4,"4":4},"b":{},"_coverageSchema":"1a1c01bbd47fc00a2c39e90264f33305004495a9","hash":"eac053f32146b1fb0de7b03488f46bbf135c7b41"}
,"/Users/admin/HackReactor/Front-End-Capstone/Atelier/client/src/reducers/scripts/getProductList.js": {"path":"/Users/admin/HackReactor/Front-End-Capstone/Atelier/client/src/reducers/scripts/getProductList.js","statementMap":{"0":{"start":{"line":3,"column":18},"end":{"line":7,"column":1}},"1":{"start":{"line":10,"column":19},"end":{"line":10,"column":71}},"2":{"start":{"line":11,"column":2},"end":{"line":11,"column":23}}},"fnMap":{"0":{"name":"getProductList","decl":{"start":{"line":9,"column":15},"end":{"line":9,"column":29}},"loc":{"start":{"line":9,"column":41},"end":{"line":12,"column":1}},"line":9}},"branchMap":{},"s":{"0":1,"1":2,"2":2},"f":{"0":2},"b":{},"_coverageSchema":"1a1c01bbd47fc00a2c39e90264f33305004495a9","hash":"baeb04fc3e08694f42570d28bbdc8938419a276c"}
,"/Users/admin/HackReactor/Front-End-Capstone/Atelier/client/src/store/store.js": {"path":"/Users/admin/HackReactor/Front-End-Capstone/Atelier/client/src/store/store.js","statementMap":{"0":{"start":{"line":10,"column":14},"end":{"line":20,"column":2}}},"fnMap":{},"branchMap":{},"s":{"0":1},"f":{},"b":{},"_coverageSchema":"1a1c01bbd47fc00a2c39e90264f33305004495a9","hash":"52a2123c448eb7654ba8232d2fc0d69b1028dcc2"}
}
