{"/Users/Jessica/Documents/HackReactor/SEI/Git/FEC/Atelier/client/src/components/questionsAnswers/index.jsx": {"path":"/Users/Jessica/Documents/HackReactor/SEI/Git/FEC/Atelier/client/src/components/questionsAnswers/index.jsx","statementMap":{"0":{"start":{"line":9,"column":14},"end":{"line":9,"column":30}},"1":{"start":{"line":12,"column":19},"end":{"line":12,"column":32}},"2":{"start":{"line":13,"column":17},"end":{"line":13,"column":54}},"3":{"start":{"line":13,"column":40},"end":{"line":13,"column":53}},"4":{"start":{"line":14,"column":22},"end":{"line":18,"column":3}},"5":{"start":{"line":15,"column":4},"end":{"line":15,"column":32}},"6":{"start":{"line":16,"column":4},"end":{"line":16,"column":46}},"7":{"start":{"line":17,"column":4},"end":{"line":17,"column":23}},"8":{"start":{"line":20,"column":18},"end":{"line":20,"column":85}},"9":{"start":{"line":21,"column":21},"end":{"line":30,"column":3}},"10":{"start":{"line":32,"column":2},"end":{"line":40,"column":9}},"11":{"start":{"line":33,"column":4},"end":{"line":39,"column":9}},"12":{"start":{"line":35,"column":8},"end":{"line":35,"column":43}},"13":{"start":{"line":38,"column":8},"end":{"line":38,"column":40}},"14":{"start":{"line":42,"column":2},"end":{"line":52,"column":4}}},"fnMap":{"0":{"name":"QuestionsAnswers","decl":{"start":{"line":11,"column":9},"end":{"line":11,"column":25}},"loc":{"start":{"line":11,"column":28},"end":{"line":53,"column":1}},"line":11},"1":{"name":"(anonymous_1)","decl":{"start":{"line":13,"column":29},"end":{"line":13,"column":30}},"loc":{"start":{"line":13,"column":40},"end":{"line":13,"column":53}},"line":13},"2":{"name":"(anonymous_2)","decl":{"start":{"line":14,"column":22},"end":{"line":14,"column":23}},"loc":{"start":{"line":14,"column":28},"end":{"line":18,"column":3}},"line":14},"3":{"name":"(anonymous_3)","decl":{"start":{"line":32,"column":12},"end":{"line":32,"column":13}},"loc":{"start":{"line":32,"column":18},"end":{"line":40,"column":3}},"line":32},"4":{"name":"(anonymous_4)","decl":{"start":{"line":34,"column":12},"end":{"line":34,"column":13}},"loc":{"start":{"line":34,"column":21},"end":{"line":36,"column":7}},"line":34},"5":{"name":"(anonymous_5)","decl":{"start":{"line":37,"column":13},"end":{"line":37,"column":14}},"loc":{"start":{"line":37,"column":22},"end":{"line":39,"column":7}},"line":37}},"branchMap":{},"s":{"0":1,"1":1,"2":1,"3":1,"4":1,"5":0,"6":0,"7":0,"8":1,"9":1,"10":1,"11":1,"12":1,"13":1,"14":1},"f":{"0":1,"1":1,"2":0,"3":1,"4":1,"5":1},"b":{},"_coverageSchema":"1a1c01bbd47fc00a2c39e90264f33305004495a9","hash":"ae66cebea2ed95e6d16b607c99bfda31a3da3b2e"}
,"/Users/Jessica/Documents/HackReactor/SEI/Git/FEC/Atelier/client/src/components/questionsAnswers/subComponents/AnswerEntry.jsx": {"path":"/Users/Jessica/Documents/HackReactor/SEI/Git/FEC/Atelier/client/src/components/questionsAnswers/subComponents/AnswerEntry.jsx","statementMap":{"0":{"start":{"line":5,"column":23},"end":{"line":7,"column":71}},"1":{"start":{"line":9,"column":15},"end":{"line":9,"column":40}},"2":{"start":{"line":10,"column":24},"end":{"line":10,"column":119}},"3":{"start":{"line":12,"column":22},"end":{"line":14,"column":3}},"4":{"start":{"line":16,"column":23},"end":{"line":18,"column":3}},"5":{"start":{"line":20,"column":2},"end":{"line":50,"column":4}},"6":{"start":{"line":53,"column":0},"end":{"line":61,"column":2}}},"fnMap":{"0":{"name":"AnswerEntry","decl":{"start":{"line":4,"column":9},"end":{"line":4,"column":20}},"loc":{"start":{"line":4,"column":37},"end":{"line":51,"column":1}},"line":4},"1":{"name":"(anonymous_1)","decl":{"start":{"line":12,"column":22},"end":{"line":12,"column":23}},"loc":{"start":{"line":12,"column":28},"end":{"line":14,"column":3}},"line":12},"2":{"name":"(anonymous_2)","decl":{"start":{"line":16,"column":23},"end":{"line":16,"column":24}},"loc":{"start":{"line":16,"column":29},"end":{"line":18,"column":3}},"line":16}},"branchMap":{"0":{"loc":{"start":{"line":5,"column":23},"end":{"line":7,"column":71}},"type":"cond-expr","locations":[{"start":{"line":6,"column":6},"end":{"line":6,"column":67}},{"start":{"line":7,"column":6},"end":{"line":7,"column":71}}],"line":5}},"s":{"0":2,"1":2,"2":2,"3":2,"4":2,"5":2,"6":1},"f":{"0":2,"1":0,"2":0},"b":{"0":[0,2]},"_coverageSchema":"1a1c01bbd47fc00a2c39e90264f33305004495a9","hash":"aa09929920f347f8ad05a4af8e4df0ce8a9b5635"}
,"/Users/Jessica/Documents/HackReactor/SEI/Git/FEC/Atelier/client/src/components/questionsAnswers/subComponents/AnswersList.jsx": {"path":"/Users/Jessica/Documents/HackReactor/SEI/Git/FEC/Atelier/client/src/components/questionsAnswers/subComponents/AnswersList.jsx","statementMap":{"0":{"start":{"line":8,"column":28},"end":{"line":8,"column":61}},"1":{"start":{"line":8,"column":51},"end":{"line":8,"column":60}},"2":{"start":{"line":9,"column":19},"end":{"line":9,"column":32}},"3":{"start":{"line":11,"column":15},"end":{"line":11,"column":42}},"4":{"start":{"line":12,"column":21},"end":{"line":12,"column":82}},"5":{"start":{"line":14,"column":21},"end":{"line":14,"column":44}},"6":{"start":{"line":15,"column":21},"end":{"line":15,"column":23}},"7":{"start":{"line":16,"column":2},"end":{"line":18,"column":3}},"8":{"start":{"line":16,"column":15},"end":{"line":16,"column":16}},"9":{"start":{"line":17,"column":4},"end":{"line":17,"column":47}},"10":{"start":{"line":19,"column":24},"end":{"line":23,"column":4}},"11":{"start":{"line":20,"column":4},"end":{"line":20,"column":112}},"12":{"start":{"line":20,"column":100},"end":{"line":20,"column":110}},"13":{"start":{"line":21,"column":4},"end":{"line":21,"column":111}},"14":{"start":{"line":21,"column":100},"end":{"line":21,"column":109}},"15":{"start":{"line":22,"column":4},"end":{"line":22,"column":41}},"16":{"start":{"line":25,"column":22},"end":{"line":25,"column":24}},"17":{"start":{"line":26,"column":2},"end":{"line":34,"column":3}},"18":{"start":{"line":27,"column":22},"end":{"line":27,"column":23}},"19":{"start":{"line":28,"column":4},"end":{"line":30,"column":5}},"20":{"start":{"line":29,"column":6},"end":{"line":29,"column":51}},"21":{"start":{"line":31,"column":4},"end":{"line":33,"column":5}},"22":{"start":{"line":31,"column":17},"end":{"line":31,"column":18}},"23":{"start":{"line":32,"column":6},"end":{"line":32,"column":41}},"24":{"start":{"line":37,"column":4},"end":{"line":37,"column":23}},"25":{"start":{"line":38,"column":4},"end":{"line":38,"column":23}},"26":{"start":{"line":39,"column":20},"end":{"line":42,"column":5}},"27":{"start":{"line":43,"column":4},"end":{"line":43,"column":37}},"28":{"start":{"line":46,"column":2},"end":{"line":53,"column":4}},"29":{"start":{"line":49,"column":32},"end":{"line":49,"column":97}},"30":{"start":{"line":56,"column":0},"end":{"line":65,"column":2}}},"fnMap":{"0":{"name":"AnswersList","decl":{"start":{"line":7,"column":9},"end":{"line":7,"column":20}},"loc":{"start":{"line":7,"column":42},"end":{"line":54,"column":1}},"line":7},"1":{"name":"(anonymous_1)","decl":{"start":{"line":8,"column":40},"end":{"line":8,"column":41}},"loc":{"start":{"line":8,"column":51},"end":{"line":8,"column":60}},"line":8},"2":{"name":"(anonymous_2)","decl":{"start":{"line":19,"column":40},"end":{"line":19,"column":41}},"loc":{"start":{"line":19,"column":50},"end":{"line":23,"column":3}},"line":19},"3":{"name":"handleClick","decl":{"start":{"line":36,"column":11},"end":{"line":36,"column":22}},"loc":{"start":{"line":36,"column":26},"end":{"line":44,"column":3}},"line":36},"4":{"name":"(anonymous_4)","decl":{"start":{"line":49,"column":25},"end":{"line":49,"column":26}},"loc":{"start":{"line":49,"column":32},"end":{"line":49,"column":97}},"line":49}},"branchMap":{"0":{"loc":{"start":{"line":11,"column":15},"end":{"line":11,"column":42}},"type":"binary-expr","locations":[{"start":{"line":11,"column":15},"end":{"line":11,"column":33}},{"start":{"line":11,"column":37},"end":{"line":11,"column":42}}],"line":11},"1":{"loc":{"start":{"line":12,"column":21},"end":{"line":12,"column":82}},"type":"cond-expr","locations":[{"start":{"line":12,"column":42},"end":{"line":12,"column":60}},{"start":{"line":12,"column":63},"end":{"line":12,"column":82}}],"line":12},"2":{"loc":{"start":{"line":20,"column":4},"end":{"line":20,"column":112}},"type":"if","locations":[{"start":{"line":20,"column":4},"end":{"line":20,"column":112}},{"start":{},"end":{}}],"line":20},"3":{"loc":{"start":{"line":20,"column":8},"end":{"line":20,"column":96}},"type":"binary-expr","locations":[{"start":{"line":20,"column":8},"end":{"line":20,"column":50}},{"start":{"line":20,"column":54},"end":{"line":20,"column":96}}],"line":20},"4":{"loc":{"start":{"line":21,"column":4},"end":{"line":21,"column":111}},"type":"if","locations":[{"start":{"line":21,"column":4},"end":{"line":21,"column":111}},{"start":{},"end":{}}],"line":21},"5":{"loc":{"start":{"line":21,"column":8},"end":{"line":21,"column":96}},"type":"binary-expr","locations":[{"start":{"line":21,"column":8},"end":{"line":21,"column":50}},{"start":{"line":21,"column":54},"end":{"line":21,"column":96}}],"line":21},"6":{"loc":{"start":{"line":26,"column":2},"end":{"line":34,"column":3}},"type":"if","locations":[{"start":{"line":26,"column":2},"end":{"line":34,"column":3}},{"start":{},"end":{}}],"line":26},"7":{"loc":{"start":{"line":28,"column":4},"end":{"line":30,"column":5}},"type":"if","locations":[{"start":{"line":28,"column":4},"end":{"line":30,"column":5}},{"start":{},"end":{}}],"line":28},"8":{"loc":{"start":{"line":29,"column":20},"end":{"line":29,"column":50}},"type":"cond-expr","locations":[{"start":{"line":29,"column":29},"end":{"line":29,"column":46}},{"start":{"line":29,"column":49},"end":{"line":29,"column":50}}],"line":29},"9":{"loc":{"start":{"line":51,"column":7},"end":{"line":51,"column":188}},"type":"cond-expr","locations":[{"start":{"line":51,"column":31},"end":{"line":51,"column":181}},{"start":{"line":51,"column":184},"end":{"line":51,"column":188}}],"line":51}},"s":{"0":1,"1":1,"2":1,"3":1,"4":1,"5":1,"6":1,"7":1,"8":1,"9":17,"10":1,"11":46,"12":0,"13":46,"14":0,"15":46,"16":1,"17":1,"18":1,"19":1,"20":1,"21":1,"22":1,"23":2,"24":0,"25":0,"26":0,"27":0,"28":1,"29":2,"30":1},"f":{"0":1,"1":1,"2":46,"3":0,"4":2},"b":{"0":[1,1],"1":[0,1],"2":[0,46],"3":[46,0],"4":[0,46],"5":[46,0],"6":[1,0],"7":[1,0],"8":[0,1],"9":[1,0]},"_coverageSchema":"1a1c01bbd47fc00a2c39e90264f33305004495a9","hash":"9292667e510e42ffc5cc9a6a13368014986a965b"}
,"/Users/Jessica/Documents/HackReactor/SEI/Git/FEC/Atelier/client/src/components/questionsAnswers/subComponents/MoreAnsweredQuestions.jsx": {"path":"/Users/Jessica/Documents/HackReactor/SEI/Git/FEC/Atelier/client/src/components/questionsAnswers/subComponents/MoreAnsweredQuestions.jsx","statementMap":{"0":{"start":{"line":6,"column":42},"end":{"line":6,"column":75}},"1":{"start":{"line":6,"column":65},"end":{"line":6,"column":74}},"2":{"start":{"line":7,"column":19},"end":{"line":7,"column":32}},"3":{"start":{"line":9,"column":22},"end":{"line":12,"column":3}},"4":{"start":{"line":10,"column":4},"end":{"line":10,"column":23}},"5":{"start":{"line":11,"column":4},"end":{"line":11,"column":34}},"6":{"start":{"line":14,"column":2},"end":{"line":20,"column":4}}},"fnMap":{"0":{"name":"MoreAnsweredQuestions","decl":{"start":{"line":5,"column":9},"end":{"line":5,"column":30}},"loc":{"start":{"line":5,"column":33},"end":{"line":21,"column":1}},"line":5},"1":{"name":"(anonymous_1)","decl":{"start":{"line":6,"column":54},"end":{"line":6,"column":55}},"loc":{"start":{"line":6,"column":65},"end":{"line":6,"column":74}},"line":6},"2":{"name":"(anonymous_2)","decl":{"start":{"line":9,"column":22},"end":{"line":9,"column":23}},"loc":{"start":{"line":9,"column":29},"end":{"line":12,"column":3}},"line":9}},"branchMap":{"0":{"loc":{"start":{"line":16,"column":7},"end":{"line":18,"column":14}},"type":"cond-expr","locations":[{"start":{"line":17,"column":10},"end":{"line":17,"column":219}},{"start":{"line":18,"column":10},"end":{"line":18,"column":14}}],"line":16}},"s":{"0":2,"1":2,"2":2,"3":2,"4":0,"5":0,"6":2},"f":{"0":2,"1":2,"2":0},"b":{"0":[0,2]},"_coverageSchema":"1a1c01bbd47fc00a2c39e90264f33305004495a9","hash":"ba6fa59dcccca1cb8ded5af2b18fd31cf58c2a53"}
,"/Users/Jessica/Documents/HackReactor/SEI/Git/FEC/Atelier/client/src/components/questionsAnswers/subComponents/QuestionEntry.jsx": {"path":"/Users/Jessica/Documents/HackReactor/SEI/Git/FEC/Atelier/client/src/components/questionsAnswers/subComponents/QuestionEntry.jsx","statementMap":{"0":{"start":{"line":7,"column":14},"end":{"line":7,"column":30}},"1":{"start":{"line":10,"column":18},"end":{"line":10,"column":105}},"2":{"start":{"line":11,"column":21},"end":{"line":18,"column":3}},"3":{"start":{"line":21,"column":22},"end":{"line":29,"column":3}},"4":{"start":{"line":31,"column":18},"end":{"line":34,"column":3}},"5":{"start":{"line":36,"column":19},"end":{"line":36,"column":32}},"6":{"start":{"line":37,"column":22},"end":{"line":41,"column":3}},"7":{"start":{"line":38,"column":4},"end":{"line":38,"column":41}},"8":{"start":{"line":39,"column":4},"end":{"line":39,"column":44}},"9":{"start":{"line":40,"column":4},"end":{"line":40,"column":23}},"10":{"start":{"line":43,"column":2},"end":{"line":73,"column":4}},"11":{"start":{"line":76,"column":0},"end":{"line":91,"column":2}}},"fnMap":{"0":{"name":"QuestionEntry","decl":{"start":{"line":9,"column":9},"end":{"line":9,"column":22}},"loc":{"start":{"line":9,"column":30},"end":{"line":74,"column":1}},"line":9},"1":{"name":"(anonymous_1)","decl":{"start":{"line":21,"column":22},"end":{"line":21,"column":23}},"loc":{"start":{"line":21,"column":28},"end":{"line":29,"column":3}},"line":21},"2":{"name":"(anonymous_2)","decl":{"start":{"line":37,"column":22},"end":{"line":37,"column":23}},"loc":{"start":{"line":37,"column":28},"end":{"line":41,"column":3}},"line":37}},"branchMap":{},"s":{"0":1,"1":1,"2":1,"3":1,"4":1,"5":1,"6":1,"7":0,"8":0,"9":0,"10":1,"11":1},"f":{"0":1,"1":0,"2":0},"b":{},"_coverageSchema":"1a1c01bbd47fc00a2c39e90264f33305004495a9","hash":"7feac91209c9504a00a8ef2cb3dacfb43e6d98d4"}
,"/Users/Jessica/Documents/HackReactor/SEI/Git/FEC/Atelier/client/src/components/questionsAnswers/subComponents/QuestionsList.jsx": {"path":"/Users/Jessica/Documents/HackReactor/SEI/Git/FEC/Atelier/client/src/components/questionsAnswers/subComponents/QuestionsList.jsx","statementMap":{"0":{"start":{"line":6,"column":28},"end":{"line":6,"column":61}},"1":{"start":{"line":6,"column":51},"end":{"line":6,"column":60}},"2":{"start":{"line":8,"column":2},"end":{"line":24,"column":4}},"3":{"start":{"line":19,"column":14},"end":{"line":19,"column":57}}},"fnMap":{"0":{"name":"QuestionsList","decl":{"start":{"line":5,"column":9},"end":{"line":5,"column":22}},"loc":{"start":{"line":5,"column":25},"end":{"line":25,"column":1}},"line":5},"1":{"name":"(anonymous_1)","decl":{"start":{"line":6,"column":40},"end":{"line":6,"column":41}},"loc":{"start":{"line":6,"column":51},"end":{"line":6,"column":60}},"line":6},"2":{"name":"(anonymous_2)","decl":{"start":{"line":18,"column":31},"end":{"line":18,"column":32}},"loc":{"start":{"line":19,"column":14},"end":{"line":19,"column":57}},"line":19}},"branchMap":{"0":{"loc":{"start":{"line":10,"column":7},"end":{"line":22,"column":9}},"type":"cond-expr","locations":[{"start":{"line":12,"column":10},"end":{"line":14,"column":16}},{"start":{"line":17,"column":10},"end":{"line":21,"column":16}}],"line":10}},"s":{"0":2,"1":2,"2":2,"3":0},"f":{"0":2,"1":2,"2":0},"b":{"0":[2,0]},"_coverageSchema":"1a1c01bbd47fc00a2c39e90264f33305004495a9","hash":"922bad9fa6866a8eb8618059e06e6ae99edc312c"}
,"/Users/Jessica/Documents/HackReactor/SEI/Git/FEC/Atelier/client/src/components/questionsAnswers/subComponents/Search.jsx": {"path":"/Users/Jessica/Documents/HackReactor/SEI/Git/FEC/Atelier/client/src/components/questionsAnswers/subComponents/Search.jsx","statementMap":{"0":{"start":{"line":6,"column":19},"end":{"line":6,"column":32}},"1":{"start":{"line":8,"column":23},"end":{"line":11,"column":3}},"2":{"start":{"line":9,"column":4},"end":{"line":9,"column":23}},"3":{"start":{"line":10,"column":4},"end":{"line":10,"column":37}},"4":{"start":{"line":13,"column":2},"end":{"line":22,"column":4}}},"fnMap":{"0":{"name":"Search","decl":{"start":{"line":5,"column":9},"end":{"line":5,"column":15}},"loc":{"start":{"line":5,"column":18},"end":{"line":23,"column":1}},"line":5},"1":{"name":"(anonymous_1)","decl":{"start":{"line":8,"column":23},"end":{"line":8,"column":24}},"loc":{"start":{"line":8,"column":30},"end":{"line":11,"column":3}},"line":8}},"branchMap":{},"s":{"0":2,"1":2,"2":0,"3":0,"4":2},"f":{"0":2,"1":0},"b":{},"_coverageSchema":"1a1c01bbd47fc00a2c39e90264f33305004495a9","hash":"2dd4d5ab0ce4af213087acfab3a4fed3896c6b51"}
,"/Users/Jessica/Documents/HackReactor/SEI/Git/FEC/Atelier/client/src/reducers/modalSlice.js": {"path":"/Users/Jessica/Documents/HackReactor/SEI/Git/FEC/Atelier/client/src/reducers/modalSlice.js","statementMap":{"0":{"start":{"line":3,"column":26},"end":{"line":21,"column":2}},"1":{"start":{"line":12,"column":6},"end":{"line":12,"column":41}},"2":{"start":{"line":15,"column":6},"end":{"line":15,"column":43}},"3":{"start":{"line":18,"column":6},"end":{"line":18,"column":44}},"4":{"start":{"line":23,"column":55},"end":{"line":23,"column":73}}},"fnMap":{"0":{"name":"(anonymous_0)","decl":{"start":{"line":11,"column":12},"end":{"line":11,"column":13}},"loc":{"start":{"line":11,"column":23},"end":{"line":13,"column":5}},"line":11},"1":{"name":"(anonymous_1)","decl":{"start":{"line":14,"column":18},"end":{"line":14,"column":19}},"loc":{"start":{"line":14,"column":37},"end":{"line":16,"column":5}},"line":14},"2":{"name":"(anonymous_2)","decl":{"start":{"line":17,"column":19},"end":{"line":17,"column":20}},"loc":{"start":{"line":17,"column":38},"end":{"line":19,"column":5}},"line":17}},"branchMap":{},"s":{"0":1,"1":0,"2":0,"3":0,"4":1},"f":{"0":0,"1":0,"2":0},"b":{},"_coverageSchema":"1a1c01bbd47fc00a2c39e90264f33305004495a9","hash":"8b2d4e7c33b84ac0b4a3c4ed298d7ca8af990d03"}
,"/Users/Jessica/Documents/HackReactor/SEI/Git/FEC/Atelier/client/src/reducers/productSlice.js": {"path":"/Users/Jessica/Documents/HackReactor/SEI/Git/FEC/Atelier/client/src/reducers/productSlice.js","statementMap":{"0":{"start":{"line":4,"column":16},"end":{"line":4,"column":69}},"1":{"start":{"line":6,"column":21},"end":{"line":66,"column":2}},"2":{"start":{"line":26,"column":6},"end":{"line":26,"column":35}},"3":{"start":{"line":27,"column":6},"end":{"line":27,"column":43}},"4":{"start":{"line":28,"column":6},"end":{"line":28,"column":39}},"5":{"start":{"line":29,"column":6},"end":{"line":29,"column":47}},"6":{"start":{"line":30,"column":6},"end":{"line":30,"column":57}},"7":{"start":{"line":31,"column":6},"end":{"line":31,"column":43}},"8":{"start":{"line":32,"column":6},"end":{"line":32,"column":53}},"9":{"start":{"line":33,"column":6},"end":{"line":33,"column":47}},"10":{"start":{"line":34,"column":6},"end":{"line":34,"column":44}},"11":{"start":{"line":35,"column":6},"end":{"line":35,"column":55}},"12":{"start":{"line":36,"column":6},"end":{"line":36,"column":63}},"13":{"start":{"line":37,"column":20},"end":{"line":37,"column":45}},"14":{"start":{"line":38,"column":6},"end":{"line":38,"column":87}},"15":{"start":{"line":41,"column":28},"end":{"line":42,"column":66}},"16":{"start":{"line":42,"column":25},"end":{"line":42,"column":65}},"17":{"start":{"line":44,"column":27},"end":{"line":44,"column":69}},"18":{"start":{"line":46,"column":6},"end":{"line":46,"column":45}},"19":{"start":{"line":47,"column":24},"end":{"line":48,"column":66}},"20":{"start":{"line":48,"column":25},"end":{"line":48,"column":65}},"21":{"start":{"line":49,"column":6},"end":{"line":51,"column":42}},"22":{"start":{"line":50,"column":23},"end":{"line":50,"column":64}},"23":{"start":{"line":54,"column":6},"end":{"line":54,"column":41}},"24":{"start":{"line":57,"column":6},"end":{"line":57,"column":43}},"25":{"start":{"line":60,"column":6},"end":{"line":60,"column":51}},"26":{"start":{"line":63,"column":6},"end":{"line":63,"column":45}},"27":{"start":{"line":68,"column":38},"end":{"line":71,"column":1}},"28":{"start":{"line":68,"column":53},"end":{"line":71,"column":1}},"29":{"start":{"line":69,"column":23},"end":{"line":69,"column":66}},"30":{"start":{"line":70,"column":2},"end":{"line":70,"column":58}},"31":{"start":{"line":81,"column":4},"end":{"line":81,"column":24}}},"fnMap":{"0":{"name":"(anonymous_0)","decl":{"start":{"line":25,"column":4},"end":{"line":25,"column":5}},"loc":{"start":{"line":25,"column":30},"end":{"line":39,"column":5}},"line":25},"1":{"name":"(anonymous_1)","decl":{"start":{"line":40,"column":4},"end":{"line":40,"column":5}},"loc":{"start":{"line":40,"column":31},"end":{"line":52,"column":5}},"line":40},"2":{"name":"(anonymous_2)","decl":{"start":{"line":42,"column":14},"end":{"line":42,"column":15}},"loc":{"start":{"line":42,"column":25},"end":{"line":42,"column":65}},"line":42},"3":{"name":"(anonymous_3)","decl":{"start":{"line":48,"column":14},"end":{"line":48,"column":15}},"loc":{"start":{"line":48,"column":25},"end":{"line":48,"column":65}},"line":48},"4":{"name":"(anonymous_4)","decl":{"start":{"line":50,"column":14},"end":{"line":50,"column":15}},"loc":{"start":{"line":50,"column":23},"end":{"line":50,"column":64}},"line":50},"5":{"name":"(anonymous_5)","decl":{"start":{"line":53,"column":4},"end":{"line":53,"column":5}},"loc":{"start":{"line":53,"column":30},"end":{"line":55,"column":5}},"line":53},"6":{"name":"(anonymous_6)","decl":{"start":{"line":56,"column":4},"end":{"line":56,"column":5}},"loc":{"start":{"line":56,"column":31},"end":{"line":58,"column":5}},"line":56},"7":{"name":"(anonymous_7)","decl":{"start":{"line":59,"column":4},"end":{"line":59,"column":5}},"loc":{"start":{"line":59,"column":27},"end":{"line":61,"column":5}},"line":59},"8":{"name":"(anonymous_8)","decl":{"start":{"line":62,"column":4},"end":{"line":62,"column":5}},"loc":{"start":{"line":62,"column":26},"end":{"line":64,"column":5}},"line":62},"9":{"name":"(anonymous_9)","decl":{"start":{"line":68,"column":38},"end":{"line":68,"column":39}},"loc":{"start":{"line":68,"column":53},"end":{"line":71,"column":1}},"line":68},"10":{"name":"(anonymous_10)","decl":{"start":{"line":68,"column":53},"end":{"line":68,"column":54}},"loc":{"start":{"line":68,"column":73},"end":{"line":71,"column":1}},"line":68}},"branchMap":{"0":{"loc":{"start":{"line":49,"column":26},"end":{"line":51,"column":41}},"type":"binary-expr","locations":[{"start":{"line":49,"column":26},"end":{"line":50,"column":65}},{"start":{"line":51,"column":11},"end":{"line":51,"column":41}}],"line":49}},"s":{"0":1,"1":1,"2":0,"3":0,"4":0,"5":0,"6":0,"7":0,"8":0,"9":0,"10":0,"11":0,"12":0,"13":0,"14":0,"15":0,"16":0,"17":0,"18":0,"19":0,"20":0,"21":0,"22":0,"23":0,"24":0,"25":0,"26":0,"27":1,"28":0,"29":0,"30":0,"31":1},"f":{"0":0,"1":0,"2":0,"3":0,"4":0,"5":0,"6":0,"7":0,"8":0,"9":0,"10":0},"b":{"0":[0,0]},"_coverageSchema":"1a1c01bbd47fc00a2c39e90264f33305004495a9","hash":"9cf37e3a8362a9599f174da3dc9159c805c2f857"}
,"/Users/Jessica/Documents/HackReactor/SEI/Git/FEC/Atelier/client/src/reducers/qnaSlice.js": {"path":"/Users/Jessica/Documents/HackReactor/SEI/Git/FEC/Atelier/client/src/reducers/qnaSlice.js","statementMap":{"0":{"start":{"line":3,"column":21},"end":{"line":11,"column":1}},"1":{"start":{"line":13,"column":24},"end":{"line":51,"column":2}},"2":{"start":{"line":18,"column":19},"end":{"line":18,"column":33}},"3":{"start":{"line":19,"column":6},"end":{"line":19,"column":43}},"4":{"start":{"line":20,"column":6},"end":{"line":20,"column":40}},"5":{"start":{"line":22,"column":30},"end":{"line":24,"column":7}},"6":{"start":{"line":23,"column":18},"end":{"line":23,"column":65}},"7":{"start":{"line":26,"column":6},"end":{"line":26,"column":72}},"8":{"start":{"line":29,"column":20},"end":{"line":29,"column":48}},"9":{"start":{"line":30,"column":6},"end":{"line":36,"column":7}},"10":{"start":{"line":31,"column":8},"end":{"line":31,"column":77}},"11":{"start":{"line":33,"column":8},"end":{"line":35,"column":10}},"12":{"start":{"line":34,"column":17},"end":{"line":34,"column":64}},"13":{"start":{"line":39,"column":6},"end":{"line":39,"column":29}},"14":{"start":{"line":40,"column":6},"end":{"line":40,"column":75}},"15":{"start":{"line":43,"column":6},"end":{"line":43,"column":70}},"16":{"start":{"line":46,"column":6},"end":{"line":46,"column":47}},"17":{"start":{"line":47,"column":6},"end":{"line":47,"column":72}},"18":{"start":{"line":48,"column":6},"end":{"line":48,"column":56}},"19":{"start":{"line":56,"column":4},"end":{"line":56,"column":20}}},"fnMap":{"0":{"name":"(anonymous_0)","decl":{"start":{"line":17,"column":20},"end":{"line":17,"column":21}},"loc":{"start":{"line":17,"column":39},"end":{"line":27,"column":5}},"line":17},"1":{"name":"(anonymous_1)","decl":{"start":{"line":23,"column":8},"end":{"line":23,"column":9}},"loc":{"start":{"line":23,"column":18},"end":{"line":23,"column":65}},"line":23},"2":{"name":"(anonymous_2)","decl":{"start":{"line":28,"column":12},"end":{"line":28,"column":13}},"loc":{"start":{"line":28,"column":31},"end":{"line":37,"column":5}},"line":28},"3":{"name":"(anonymous_3)","decl":{"start":{"line":34,"column":10},"end":{"line":34,"column":11}},"loc":{"start":{"line":34,"column":17},"end":{"line":34,"column":64}},"line":34},"4":{"name":"(anonymous_4)","decl":{"start":{"line":38,"column":23},"end":{"line":38,"column":24}},"loc":{"start":{"line":38,"column":34},"end":{"line":41,"column":5}},"line":38},"5":{"name":"(anonymous_5)","decl":{"start":{"line":42,"column":19},"end":{"line":42,"column":20}},"loc":{"start":{"line":42,"column":38},"end":{"line":44,"column":5}},"line":42},"6":{"name":"(anonymous_6)","decl":{"start":{"line":45,"column":17},"end":{"line":45,"column":18}},"loc":{"start":{"line":45,"column":36},"end":{"line":49,"column":5}},"line":45}},"branchMap":{"0":{"loc":{"start":{"line":30,"column":6},"end":{"line":36,"column":7}},"type":"if","locations":[{"start":{"line":30,"column":6},"end":{"line":36,"column":7}},{"start":{"line":32,"column":13},"end":{"line":36,"column":7}}],"line":30}},"s":{"0":1,"1":1,"2":1,"3":1,"4":1,"5":1,"6":0,"7":0,"8":0,"9":0,"10":0,"11":0,"12":0,"13":0,"14":0,"15":0,"16":0,"17":0,"18":0,"19":1},"f":{"0":1,"1":0,"2":0,"3":0,"4":0,"5":0,"6":0},"b":{"0":[0,0]},"_coverageSchema":"1a1c01bbd47fc00a2c39e90264f33305004495a9","hash":"380f7d38f84bfeba41ec5ac5ebc3205d99f81f9b"}
,"/Users/Jessica/Documents/HackReactor/SEI/Git/FEC/Atelier/client/src/reducers/reviewSlice.js": {"path":"/Users/Jessica/Documents/HackReactor/SEI/Git/FEC/Atelier/client/src/reducers/reviewSlice.js","statementMap":{"0":{"start":{"line":4,"column":14},"end":{"line":4,"column":30}},"1":{"start":{"line":6,"column":16},"end":{"line":6,"column":77}},"2":{"start":{"line":7,"column":19},"end":{"line":11,"column":1}},"3":{"start":{"line":13,"column":27},"end":{"line":24,"column":2}},"4":{"start":{"line":21,"column":6},"end":{"line":21,"column":52}},"5":{"start":{"line":26,"column":30},"end":{"line":26,"column":49}},"6":{"start":{"line":28,"column":31},"end":{"line":46,"column":1}},"7":{"start":{"line":28,"column":37},"end":{"line":46,"column":1}},"8":{"start":{"line":29,"column":2},"end":{"line":45,"column":3}},"9":{"start":{"line":30,"column":18},"end":{"line":30,"column":28}},"10":{"start":{"line":31,"column":19},"end":{"line":31,"column":24}},"11":{"start":{"line":33,"column":25},"end":{"line":33,"column":94}},"12":{"start":{"line":34,"column":24},"end":{"line":36,"column":5}},"13":{"start":{"line":35,"column":25},"end":{"line":35,"column":55}},"14":{"start":{"line":37,"column":54},"end":{"line":37,"column":66}},"15":{"start":{"line":39,"column":27},"end":{"line":39,"column":146}},"16":{"start":{"line":40,"column":26},"end":{"line":40,"column":98}},"17":{"start":{"line":41,"column":4},"end":{"line":41,"column":40}},"18":{"start":{"line":43,"column":4},"end":{"line":43,"column":23}},"19":{"start":{"line":44,"column":4},"end":{"line":44,"column":25}},"20":{"start":{"line":48,"column":30},"end":{"line":56,"column":1}},"21":{"start":{"line":48,"column":40},"end":{"line":56,"column":1}},"22":{"start":{"line":49,"column":2},"end":{"line":55,"column":3}},"23":{"start":{"line":50,"column":4},"end":{"line":50,"column":48}},"24":{"start":{"line":51,"column":4},"end":{"line":51,"column":32}},"25":{"start":{"line":53,"column":4},"end":{"line":53,"column":23}},"26":{"start":{"line":54,"column":4},"end":{"line":54,"column":25}}},"fnMap":{"0":{"name":"(anonymous_0)","decl":{"start":{"line":20,"column":16},"end":{"line":20,"column":17}},"loc":{"start":{"line":20,"column":35},"end":{"line":22,"column":5}},"line":20},"1":{"name":"(anonymous_1)","decl":{"start":{"line":28,"column":31},"end":{"line":28,"column":32}},"loc":{"start":{"line":28,"column":37},"end":{"line":46,"column":1}},"line":28},"2":{"name":"(anonymous_2)","decl":{"start":{"line":28,"column":37},"end":{"line":28,"column":38}},"loc":{"start":{"line":28,"column":67},"end":{"line":46,"column":1}},"line":28},"3":{"name":"(anonymous_3)","decl":{"start":{"line":35,"column":6},"end":{"line":35,"column":7}},"loc":{"start":{"line":35,"column":25},"end":{"line":35,"column":55}},"line":35},"4":{"name":"(anonymous_4)","decl":{"start":{"line":48,"column":30},"end":{"line":48,"column":31}},"loc":{"start":{"line":48,"column":40},"end":{"line":56,"column":1}},"line":48},"5":{"name":"(anonymous_5)","decl":{"start":{"line":48,"column":40},"end":{"line":48,"column":41}},"loc":{"start":{"line":48,"column":60},"end":{"line":56,"column":1}},"line":48}},"branchMap":{},"s":{"0":1,"1":1,"2":1,"3":1,"4":0,"5":1,"6":1,"7":0,"8":0,"9":0,"10":0,"11":0,"12":0,"13":0,"14":0,"15":0,"16":0,"17":0,"18":0,"19":0,"20":1,"21":0,"22":0,"23":0,"24":0,"25":0,"26":0},"f":{"0":0,"1":0,"2":0,"3":0,"4":0,"5":0},"b":{},"_coverageSchema":"1a1c01bbd47fc00a2c39e90264f33305004495a9","hash":"188d11ea5a2c449277d10afa9c6516a970f32855"}
,"/Users/Jessica/Documents/HackReactor/SEI/Git/FEC/Atelier/client/src/reducers/sortSlice.js": {"path":"/Users/Jessica/Documents/HackReactor/SEI/Git/FEC/Atelier/client/src/reducers/sortSlice.js","statementMap":{"0":{"start":{"line":6,"column":25},"end":{"line":16,"column":2}},"1":{"start":{"line":13,"column":6},"end":{"line":13,"column":38}},"2":{"start":{"line":18,"column":26},"end":{"line":21,"column":1}},"3":{"start":{"line":18,"column":40},"end":{"line":21,"column":1}},"4":{"start":{"line":19,"column":2},"end":{"line":19,"column":47}},"5":{"start":{"line":20,"column":2},"end":{"line":20,"column":30}},"6":{"start":{"line":24,"column":26},"end":{"line":24,"column":43}}},"fnMap":{"0":{"name":"(anonymous_0)","decl":{"start":{"line":12,"column":12},"end":{"line":12,"column":13}},"loc":{"start":{"line":12,"column":31},"end":{"line":14,"column":5}},"line":12},"1":{"name":"(anonymous_1)","decl":{"start":{"line":18,"column":26},"end":{"line":18,"column":27}},"loc":{"start":{"line":18,"column":40},"end":{"line":21,"column":1}},"line":18},"2":{"name":"(anonymous_2)","decl":{"start":{"line":18,"column":40},"end":{"line":18,"column":41}},"loc":{"start":{"line":18,"column":60},"end":{"line":21,"column":1}},"line":18}},"branchMap":{},"s":{"0":1,"1":0,"2":1,"3":0,"4":0,"5":0,"6":1},"f":{"0":0,"1":0,"2":0},"b":{},"_coverageSchema":"1a1c01bbd47fc00a2c39e90264f33305004495a9","hash":"894c895b51d931f77fdc53eea8a568b9c21d62ff"}
,"/Users/Jessica/Documents/HackReactor/SEI/Git/FEC/Atelier/client/src/reducers/themeSlice.js": {"path":"/Users/Jessica/Documents/HackReactor/SEI/Git/FEC/Atelier/client/src/reducers/themeSlice.js","statementMap":{"0":{"start":{"line":3,"column":26},"end":{"line":13,"column":2}},"1":{"start":{"line":10,"column":6},"end":{"line":10,"column":45}},"2":{"start":{"line":16,"column":26},"end":{"line":16,"column":44}}},"fnMap":{"0":{"name":"(anonymous_0)","decl":{"start":{"line":9,"column":12},"end":{"line":9,"column":13}},"loc":{"start":{"line":9,"column":23},"end":{"line":11,"column":5}},"line":9}},"branchMap":{},"s":{"0":1,"1":0,"2":1},"f":{"0":0},"b":{},"_coverageSchema":"1a1c01bbd47fc00a2c39e90264f33305004495a9","hash":"6180e6d3c0ee3550828b32dfbff1c097c9bba481"}
,"/Users/Jessica/Documents/HackReactor/SEI/Git/FEC/Atelier/client/src/reducers/scripts/getProductDetails.js": {"path":"/Users/Jessica/Documents/HackReactor/SEI/Git/FEC/Atelier/client/src/reducers/scripts/getProductDetails.js","statementMap":{"0":{"start":{"line":3,"column":18},"end":{"line":7,"column":1}},"1":{"start":{"line":10,"column":17},"end":{"line":10,"column":19}},"2":{"start":{"line":11,"column":2},"end":{"line":13,"column":5}},"3":{"start":{"line":12,"column":4},"end":{"line":12,"column":28}},"4":{"start":{"line":14,"column":2},"end":{"line":14,"column":16}},"5":{"start":{"line":18,"column":19},"end":{"line":18,"column":83}},"6":{"start":{"line":19,"column":2},"end":{"line":25,"column":4}},"7":{"start":{"line":29,"column":19},"end":{"line":29,"column":90}},"8":{"start":{"line":30,"column":2},"end":{"line":33,"column":4}},"9":{"start":{"line":37,"column":2},"end":{"line":41,"column":41}},"10":{"start":{"line":38,"column":22},"end":{"line":38,"column":81}},"11":{"start":{"line":39,"column":4},"end":{"line":39,"column":86}},"12":{"start":{"line":40,"column":4},"end":{"line":40,"column":23}},"13":{"start":{"line":41,"column":18},"end":{"line":41,"column":39}}},"fnMap":{"0":{"name":"objectDeconstructor","decl":{"start":{"line":9,"column":9},"end":{"line":9,"column":28}},"loc":{"start":{"line":9,"column":41},"end":{"line":15,"column":1}},"line":9},"1":{"name":"(anonymous_1)","decl":{"start":{"line":11,"column":15},"end":{"line":11,"column":16}},"loc":{"start":{"line":11,"column":24},"end":{"line":13,"column":3}},"line":11},"2":{"name":"appendProductPrimaryDetails","decl":{"start":{"line":17,"column":15},"end":{"line":17,"column":42}},"loc":{"start":{"line":17,"column":79},"end":{"line":26,"column":1}},"line":17},"3":{"name":"appendProductStylesDetails","decl":{"start":{"line":28,"column":15},"end":{"line":28,"column":41}},"loc":{"start":{"line":28,"column":78},"end":{"line":34,"column":1}},"line":28},"4":{"name":"getProductDetails","decl":{"start":{"line":36,"column":15},"end":{"line":36,"column":32}},"loc":{"start":{"line":36,"column":55},"end":{"line":42,"column":1}},"line":36}},"branchMap":{},"s":{"0":1,"1":0,"2":0,"3":0,"4":0,"5":0,"6":0,"7":0,"8":0,"9":0,"10":0,"11":0,"12":0,"13":0},"f":{"0":0,"1":0,"2":0,"3":0,"4":0},"b":{},"_coverageSchema":"1a1c01bbd47fc00a2c39e90264f33305004495a9","hash":"90a8c50b3925af970d11261d654c5e8561def4d1"}
,"/Users/Jessica/Documents/HackReactor/SEI/Git/FEC/Atelier/client/src/store/store.js": {"path":"/Users/Jessica/Documents/HackReactor/SEI/Git/FEC/Atelier/client/src/store/store.js","statementMap":{"0":{"start":{"line":9,"column":14},"end":{"line":18,"column":2}}},"fnMap":{},"branchMap":{},"s":{"0":1},"f":{},"b":{},"_coverageSchema":"1a1c01bbd47fc00a2c39e90264f33305004495a9","hash":"9df22eb8307d2daea865fbde7d254e3dc855e396"}
}
