TN:
SF:client/src/components/App.jsx
FN:12,App
FN:13,(anonymous_1)
FNF:2
FNH:2
FNDA:1,App
FNDA:6,(anonymous_1)
DA:10,1
DA:13,6
DA:14,1
LF:3
LH:3
BRDA:50,0,0,0
BRDA:50,0,1,1
BRF:2
BRH:1
end_of_record
TN:
SF:client/src/components/headerBar/index.jsx
FN:15,HeaderBar
FN:17,(anonymous_1)
FN:19,(anonymous_2)
FN:26,productChangeHandler
FN:30,renderProductList
FN:31,(anonymous_5)
FNF:6
FNH:5
FNDA:2,HeaderBar
FNDA:7,(anonymous_1)
FNDA:1,(anonymous_2)
FNDA:0,productChangeHandler
FNDA:2,renderProductList
FNDA:3,(anonymous_5)
DA:16,2
DA:17,7
DA:19,2
DA:20,1
DA:21,1
DA:22,1
DA:23,1
DA:27,0
DA:31,2
DA:32,3
DA:34,2
DA:39,2
DA:43,2
DA:50,2
LF:14
LH:13
BRF:0
BRH:0
end_of_record
TN:
SF:client/src/components/headerBar/subComponents/cartDisplay.jsx
FN:5,CartDisplay
FN:6,(anonymous_1)
FN:7,(anonymous_2)
FN:9,(anonymous_3)
FNF:4
FNH:3
FNDA:2,CartDisplay
FNDA:7,(anonymous_1)
FNDA:7,(anonymous_2)
FNDA:0,(anonymous_3)
DA:6,7
DA:7,7
DA:9,2
DA:10,0
DA:11,0
DA:12,0
DA:13,0
DA:14,0
DA:15,0
DA:17,0
DA:20,2
LF:11
LH:4
BRDA:14,0,0,0
BRDA:14,0,1,0
BRF:2
BRH:0
end_of_record
TN:
SF:client/src/components/headerBar/subComponents/cartItem.jsx
FN:10,CartItem
FNF:1
FNH:0
FNDA:0,CartItem
DA:4,1
DA:11,0
DA:14,0
DA:34,1
LF:4
LH:2
BRDA:12,0,0,0
BRDA:12,0,1,0
BRF:2
BRH:0
end_of_record
TN:
SF:client/src/components/productOverview/index.jsx
FN:13,ProductOverview
FN:15,(anonymous_1)
FN:18,(anonymous_2)
FNF:3
FNH:3
FNDA:1,ProductOverview
FNDA:6,(anonymous_1)
FNDA:1,(anonymous_2)
DA:11,1
DA:14,1
DA:15,6
DA:18,1
DA:19,1
DA:22,1
LF:6
LH:6
BRF:0
BRH:0
end_of_record
TN:
SF:client/src/components/productOverview/scripts/checkExpandedView.js
FN:3,checkExpandedView
FN:4,(anonymous_1)
FNF:2
FNH:2
FNDA:2,checkExpandedView
FNDA:7,(anonymous_1)
DA:4,7
DA:6,2
DA:7,1
DA:8,1
DA:9,0
DA:10,0
LF:6
LH:4
BRDA:6,0,0,1
BRDA:6,0,1,1
BRDA:8,1,0,0
BRDA:8,1,1,1
BRF:4
BRH:3
end_of_record
TN:
SF:client/src/components/productOverview/scripts/checkValidImage.js
FN:1,checkImage
FN:3,(anonymous_1)
FN:8,(anonymous_2)
FNF:3
FNH:1
FNDA:2,checkImage
FNDA:0,(anonymous_1)
FNDA:0,(anonymous_2)
DA:2,2
DA:3,2
DA:4,0
DA:5,0
DA:8,2
DA:9,0
DA:11,2
LF:7
LH:4
BRDA:4,0,0,0
BRDA:4,0,1,0
BRF:2
BRH:0
end_of_record
TN:
SF:client/src/components/productOverview/scripts/redirectionLink.js
FN:1,redirectionLink
FNF:1
FNH:0
FNDA:0,redirectionLink
DA:2,0
DA:3,0
DA:4,0
DA:5,0
LF:4
LH:0
BRF:0
BRH:0
end_of_record
TN:
SF:client/src/components/productOverview/scripts/scrollCarousel.js
FN:1,scrollCarousel
FNF:1
FNH:1
FNDA:1,scrollCarousel
DA:2,1
DA:3,1
DA:5,1
DA:6,1
DA:7,1
DA:8,0
DA:10,1
DA:11,1
DA:14,1
LF:9
LH:8
BRDA:5,0,0,1
BRDA:5,0,1,0
BRDA:7,1,0,0
BRDA:7,1,1,1
BRDA:10,2,0,1
BRDA:10,2,1,0
BRF:6
BRH:3
end_of_record
TN:
SF:client/src/components/productOverview/scripts/zoomPanning.js
FN:1,ZoomPanning
FN:6,getPhotoDimensions
FN:8,(anonymous_2)
FN:9,(anonymous_3)
FN:13,boundScroll
FN:21,(anonymous_5)
FNF:6
FNH:0
FNDA:0,ZoomPanning
FNDA:0,getPhotoDimensions
FNDA:0,(anonymous_2)
FNDA:0,(anonymous_3)
FNDA:0,boundScroll
FNDA:0,(anonymous_5)
DA:2,0
DA:3,0
DA:4,0
DA:7,0
DA:8,0
DA:9,0
DA:10,0
DA:14,0
DA:15,0
DA:16,0
DA:17,0
DA:18,0
DA:21,0
DA:22,0
DA:23,0
DA:28,0
DA:33,0
DA:38,0
DA:43,0
DA:49,0
LF:20
LH:0
BRDA:22,0,0,0
BRDA:22,0,1,0
BRF:2
BRH:0
end_of_record
TN:
SF:client/src/components/productOverview/subComponents/addToCart.jsx
FN:9,AddToCart
FN:11,(anonymous_1)
FN:12,(anonymous_2)
FN:13,(anonymous_3)
FN:14,(anonymous_4)
FN:15,(anonymous_5)
FN:16,(anonymous_6)
FN:22,(anonymous_7)
FN:25,sizeChangeHandler
FN:28,addToCartHandler
FN:35,favoriteHandler
FN:51,(anonymous_11)
FN:64,(anonymous_12)
FNF:13
FNH:10
FNDA:2,AddToCart
FNDA:7,(anonymous_1)
FNDA:7,(anonymous_2)
FNDA:7,(anonymous_3)
FNDA:7,(anonymous_4)
FNDA:7,(anonymous_5)
FNDA:1,(anonymous_6)
FNDA:8,(anonymous_7)
FNDA:0,sizeChangeHandler
FNDA:0,addToCartHandler
FNDA:0,favoriteHandler
FNDA:3,(anonymous_11)
FNDA:8,(anonymous_12)
DA:7,1
DA:10,2
DA:11,7
DA:12,7
DA:13,7
DA:14,7
DA:15,7
DA:16,2
DA:18,2
DA:19,2
DA:20,2
DA:21,1
DA:22,8
DA:26,0
DA:29,0
DA:30,0
DA:31,0
DA:32,0
DA:33,0
DA:36,0
DA:39,2
DA:40,2
DA:41,2
DA:42,0
DA:43,0
DA:47,2
DA:52,3
DA:60,2
DA:65,8
DA:72,2
LF:30
LH:21
BRDA:20,0,0,1
BRDA:20,0,1,1
BRDA:41,1,0,0
BRDA:41,1,1,2
BRF:4
BRH:3
end_of_record
TN:
SF:client/src/components/productOverview/subComponents/imageGallery.jsx
FN:14,ImageGallery
FN:18,(anonymous_1)
FN:22,viewStateHandler
FN:25,zoomHandler
FN:43,(anonymous_4)
FN:56,(anonymous_5)
FNF:6
FNH:3
FNDA:2,ImageGallery
FNDA:7,(anonymous_1)
FNDA:0,viewStateHandler
FNDA:0,zoomHandler
FNDA:0,(anonymous_4)
FNDA:2,(anonymous_5)
DA:11,1
DA:12,1
DA:15,2
DA:16,2
DA:18,2
DA:19,7
DA:20,3
DA:23,0
DA:26,0
DA:27,0
DA:28,0
DA:30,0
DA:31,0
DA:33,0
DA:34,0
DA:35,0
DA:38,0
DA:42,2
DA:43,2
DA:44,0
DA:45,0
DA:46,0
DA:51,2
DA:56,2
DA:57,2
DA:58,0
DA:62,2
DA:64,2
LF:28
LH:14
BRDA:19,0,0,4
BRDA:19,0,1,3
BRDA:26,1,0,0
BRDA:26,1,1,0
BRDA:30,2,0,0
BRDA:30,2,1,0
BRDA:33,3,0,0
BRDA:33,3,1,0
BRDA:34,4,0,0
BRDA:34,4,1,0
BRDA:44,5,0,0
BRDA:44,5,1,0
BRDA:45,6,0,0
BRDA:45,6,1,0
BRDA:57,7,0,0
BRDA:57,7,1,2
BRF:16
BRH:3
end_of_record
TN:
SF:client/src/components/productOverview/subComponents/productDetails.jsx
FN:7,ProductDetails
FN:8,(anonymous_1)
FN:9,(anonymous_2)
FN:10,(anonymous_3)
FN:11,(anonymous_4)
FNF:5
FNH:5
FNDA:2,ProductDetails
FNDA:7,(anonymous_1)
FNDA:7,(anonymous_2)
FNDA:7,(anonymous_3)
FNDA:2,(anonymous_4)
DA:5,1
DA:8,7
DA:9,7
DA:10,7
DA:11,2
DA:12,2
DA:15,2
LF:7
LH:7
BRF:0
BRH:0
end_of_record
TN:
SF:client/src/components/productOverview/subComponents/productFeature.jsx
FN:6,ProductFeatures
FNF:1
FNH:1
FNDA:2,ProductFeatures
DA:4,1
DA:7,2
DA:9,2
DA:19,1
LF:4
LH:4
BRDA:7,0,0,2
BRDA:7,0,1,0
BRF:2
BRH:1
end_of_record
TN:
SF:client/src/components/productOverview/subComponents/productShopper.jsx
FN:16,ProductShopper
FN:19,(anonymous_1)
FN:20,(anonymous_2)
FN:21,(anonymous_3)
FN:22,(anonymous_4)
FN:23,(anonymous_5)
FN:24,(anonymous_6)
FN:27,(anonymous_7)
FNF:8
FNH:8
FNDA:2,ProductShopper
FNDA:7,(anonymous_1)
FNDA:7,(anonymous_2)
FNDA:7,(anonymous_3)
FNDA:7,(anonymous_4)
FNDA:7,(anonymous_5)
FNDA:7,(anonymous_6)
FNDA:2,(anonymous_7)
DA:8,1
DA:14,1
DA:19,7
DA:20,7
DA:21,7
DA:22,7
DA:23,7
DA:24,7
DA:25,2
DA:27,2
DA:28,2
DA:29,1
DA:31,2
DA:34,2
DA:35,2
DA:37,2
DA:38,1
DA:39,1
DA:43,2
DA:50,2
LF:20
LH:20
BRDA:28,0,0,1
BRDA:28,0,1,1
BRDA:37,1,0,1
BRDA:37,1,1,1
BRDA:58,2,0,2
BRDA:58,2,1,0
BRF:6
BRH:5
end_of_record
TN:
SF:client/src/components/productOverview/subComponents/socialMedia.jsx
FN:4,SocialMedia
FN:19,(anonymous_1)
FN:20,(anonymous_2)
FN:21,(anonymous_3)
FNF:4
FNH:1
FNDA:2,SocialMedia
FNDA:0,(anonymous_1)
FNDA:0,(anonymous_2)
FNDA:0,(anonymous_3)
DA:5,2
DA:6,2
DA:8,2
DA:9,2
DA:13,2
DA:17,2
DA:19,0
DA:20,0
DA:21,0
LF:9
LH:6
BRF:0
BRH:0
end_of_record
TN:
SF:client/src/components/productOverview/subComponents/styleSelector.jsx
FN:6,StyleSelector
FN:8,(anonymous_1)
FN:18,selectStyleHandler
FNF:3
FNH:2
FNDA:2,StyleSelector
FNDA:2,(anonymous_1)
FNDA:0,selectStyleHandler
DA:7,2
DA:8,2
DA:9,2
DA:10,2
DA:11,2
DA:13,2
DA:14,1
DA:15,1
DA:19,0
DA:20,0
DA:28,2
DA:30,2
DA:42,1
LF:13
LH:11
BRDA:13,0,0,1
BRDA:13,0,1,1
BRF:2
BRH:2
end_of_record
TN:
SF:client/src/components/productOverview/subComponents/thumbnailCard.jsx
FN:7,ThumbnailCard
FN:10,(anonymous_1)
FN:20,selectImageHandler
FNF:3
FNH:2
FNDA:3,ThumbnailCard
FNDA:3,(anonymous_1)
FNDA:0,selectImageHandler
DA:8,3
DA:9,3
DA:10,3
DA:12,3
DA:13,3
DA:14,1
DA:15,1
DA:18,3
DA:21,0
DA:24,3
DA:35,1
LF:11
LH:10
BRDA:13,0,0,1
BRDA:13,0,1,2
BRDA:13,1,0,3
BRDA:13,1,1,2
BRF:4
BRH:4
end_of_record
TN:
SF:client/src/components/productOverview/subComponents/thumbnailCarousel.jsx
FN:6,ThumbnailCarousel
FN:9,(anonymous_1)
FN:9,(anonymous_2)
FN:10,(anonymous_3)
FN:15,scrollUpHandler
FN:16,scrollDownHandler
FN:19,(anonymous_6)
FNF:7
FNH:5
FNDA:2,ThumbnailCarousel
FNDA:7,(anonymous_1)
FNDA:2,(anonymous_2)
FNDA:3,(anonymous_3)
FNDA:0,scrollUpHandler
FNDA:0,scrollDownHandler
FNDA:3,(anonymous_6)
DA:7,2
DA:8,2
DA:9,7
DA:10,2
DA:11,3
DA:13,2
DA:15,0
DA:16,0
DA:18,2
DA:20,3
DA:21,3
DA:30,2
LF:12
LH:10
BRDA:32,0,0,0
BRDA:32,0,1,2
BRDA:36,1,0,0
BRDA:36,1,1,2
BRF:4
BRH:2
end_of_record
TN:
SF:client/src/components/questionsAnswers/index.jsx
FN:11,QuestionsAnswers
FN:13,(anonymous_1)
FN:14,(anonymous_2)
FN:32,(anonymous_3)
FN:34,(anonymous_4)
FN:37,(anonymous_5)
FNF:6
FNH:4
FNDA:2,QuestionsAnswers
FNDA:7,(anonymous_1)
FNDA:0,(anonymous_2)
FNDA:1,(anonymous_3)
FNDA:1,(anonymous_4)
FNDA:0,(anonymous_5)
DA:9,1
DA:12,2
DA:13,7
DA:14,2
DA:15,0
DA:16,0
DA:17,0
DA:20,2
DA:21,2
DA:32,2
DA:33,1
DA:35,1
DA:38,0
DA:42,2
LF:14
LH:10
BRF:0
BRH:0
end_of_record
TN:
SF:client/src/components/questionsAnswers/subComponents/AddAnswerForm.jsx
FN:8,AddAnswerForm
FN:9,(anonymous_1)
FN:13,(anonymous_2)
FN:17,(anonymous_3)
FN:43,(anonymous_4)
FN:48,(anonymous_5)
FNF:6
FNH:0
FNDA:0,AddAnswerForm
FNDA:0,(anonymous_1)
FNDA:0,(anonymous_2)
FNDA:0,(anonymous_3)
FNDA:0,(anonymous_4)
FNDA:0,(anonymous_5)
DA:6,1
DA:9,0
DA:10,0
DA:11,0
DA:13,0
DA:17,0
DA:18,0
DA:20,0
DA:21,0
DA:29,0
DA:36,0
DA:42,0
DA:44,0
DA:49,0
DA:53,0
DA:113,1
LF:16
LH:2
BRF:0
BRH:0
end_of_record
TN:
SF:client/src/components/questionsAnswers/subComponents/AddQuestionForm.jsx
FN:6,AddQuestionForm
FN:7,(anonymous_1)
FN:9,(anonymous_2)
FN:26,(anonymous_3)
FN:29,(anonymous_4)
FNF:5
FNH:0
FNDA:0,AddQuestionForm
FNDA:0,(anonymous_1)
FNDA:0,(anonymous_2)
FNDA:0,(anonymous_3)
FNDA:0,(anonymous_4)
DA:4,1
DA:7,0
DA:9,0
DA:10,0
DA:12,0
DA:13,0
DA:18,0
DA:25,0
DA:27,0
DA:30,0
DA:34,0
LF:11
LH:1
BRF:0
BRH:0
end_of_record
TN:
SF:client/src/components/questionsAnswers/subComponents/AnswerEntry.jsx
FN:4,AnswerEntry
FN:12,(anonymous_1)
FN:16,(anonymous_2)
FNF:3
FNH:1
FNDA:3,AnswerEntry
FNDA:0,(anonymous_1)
FNDA:0,(anonymous_2)
DA:5,3
DA:9,3
DA:10,3
DA:12,3
DA:16,3
DA:20,3
DA:53,1
LF:7
LH:7
BRDA:5,0,0,0
BRDA:5,0,1,3
BRF:2
BRH:1
end_of_record
TN:
SF:client/src/components/questionsAnswers/subComponents/AnswersList.jsx
FN:7,AnswersList
FN:8,(anonymous_1)
FN:19,(anonymous_2)
FN:36,handleClick
FN:49,(anonymous_4)
FNF:5
FNH:4
FNDA:2,AnswersList
FNDA:2,(anonymous_1)
FNDA:1,(anonymous_2)
FNDA:0,handleClick
FNDA:3,(anonymous_4)
DA:8,2
DA:9,2
DA:11,2
DA:12,2
DA:14,2
DA:15,2
DA:16,2
DA:17,3
DA:19,2
DA:20,1
DA:21,1
DA:22,1
DA:25,2
DA:26,2
DA:27,2
DA:28,2
DA:29,1
DA:31,2
DA:32,3
DA:37,0
DA:38,0
DA:39,0
DA:43,0
DA:46,2
DA:49,3
DA:56,1
LF:26
LH:22
BRDA:11,0,0,2
BRDA:11,0,1,2
BRDA:12,1,0,0
BRDA:12,1,1,2
BRDA:20,2,0,0
BRDA:20,2,1,1
BRDA:20,3,0,1
BRDA:20,3,1,0
BRDA:21,4,0,0
BRDA:21,4,1,1
BRDA:21,5,0,1
BRDA:21,5,1,0
BRDA:26,6,0,2
BRDA:26,6,1,0
BRDA:28,7,0,1
BRDA:28,7,1,1
BRDA:29,8,0,0
BRDA:29,8,1,1
BRDA:51,9,0,0
BRDA:51,9,1,2
BRF:20
BRH:12
end_of_record
TN:
SF:client/src/components/questionsAnswers/subComponents/MoreAnsweredQuestions.jsx
FN:5,MoreAnsweredQuestions
FN:6,(anonymous_1)
FN:9,(anonymous_2)
FNF:3
FNH:2
FNDA:2,MoreAnsweredQuestions
FNDA:7,(anonymous_1)
FNDA:0,(anonymous_2)
DA:6,7
DA:7,2
DA:9,2
DA:10,0
DA:11,0
DA:14,2
DA:15,0
LF:7
LH:4
BRDA:14,0,0,0
BRDA:14,0,1,2
BRF:2
BRH:1
end_of_record
TN:
SF:client/src/components/questionsAnswers/subComponents/QuestionEntry.jsx
FN:9,QuestionEntry
FN:21,(anonymous_1)
FN:37,(anonymous_2)
FNF:3
FNH:1
FNDA:2,QuestionEntry
FNDA:0,(anonymous_1)
FNDA:0,(anonymous_2)
DA:7,1
DA:10,2
DA:11,2
DA:21,2
DA:31,2
DA:36,2
DA:37,2
DA:38,0
DA:39,0
DA:40,0
DA:43,2
DA:76,1
LF:12
LH:9
BRF:0
BRH:0
end_of_record
TN:
SF:client/src/components/questionsAnswers/subComponents/QuestionsList.jsx
FN:5,QuestionsList
FN:6,(anonymous_1)
FN:18,(anonymous_2)
FNF:3
FNH:3
FNDA:2,QuestionsList
FNDA:7,(anonymous_1)
FNDA:2,(anonymous_2)
DA:6,7
DA:8,2
DA:19,2
LF:3
LH:3
BRDA:10,0,0,1
BRDA:10,0,1,1
BRF:2
BRH:2
end_of_record
TN:
SF:client/src/components/questionsAnswers/subComponents/Search.jsx
FN:5,Search
FN:8,(anonymous_1)
FNF:2
FNH:1
FNDA:2,Search
FNDA:0,(anonymous_1)
DA:6,2
DA:8,2
DA:9,0
DA:10,0
DA:13,2
LF:5
LH:3
BRF:0
BRH:0
end_of_record
TN:
SF:client/src/components/ratingsReviews/index.jsx
FN:9,RatingsReviews
FN:11,(anonymous_1)
FNF:2
FNH:2
FNDA:1,RatingsReviews
FNDA:1,(anonymous_1)
DA:10,1
DA:11,1
DA:12,1
DA:15,1
LF:4
LH:4
BRF:0
BRH:0
end_of_record
TN:
SF:client/src/components/ratingsReviews/scripts/API_Helper.js
FN:10,markAsHelpful
FN:15,postReview
FNF:2
FNH:0
FNDA:0,markAsHelpful
FNDA:0,postReview
DA:1,1
DA:3,1
DA:4,1
DA:11,0
DA:12,0
DA:16,0
DA:17,0
LF:7
LH:3
BRF:0
BRH:0
end_of_record
TN:
SF:client/src/components/ratingsReviews/scripts/characteristicsMeaning.js
FNF:0
FNH:0
DA:1,1
LF:1
LH:1
BRF:0
BRH:0
end_of_record
TN:
SF:client/src/components/ratingsReviews/subComponents/NewReviewModal.jsx
FN:15,NewReviewModal
FN:16,(anonymous_1)
FN:17,(anonymous_2)
FN:18,(anonymous_3)
FN:28,(anonymous_4)
FN:35,(anonymous_5)
FN:43,(anonymous_6)
FN:46,(anonymous_7)
FN:47,(anonymous_8)
FN:53,(anonymous_9)
FN:55,(anonymous_10)
FN:57,(anonymous_11)
FN:59,(anonymous_12)
FN:65,(anonymous_13)
FN:69,(anonymous_14)
FN:88,(anonymous_15)
FN:115,(anonymous_16)
FN:126,(anonymous_17)
FN:146,(anonymous_18)
FN:153,(anonymous_19)
FN:161,(anonymous_20)
FN:167,(anonymous_21)
FN:190,(anonymous_22)
FN:215,(anonymous_23)
FN:228,(anonymous_24)
FN:229,(anonymous_25)
FN:247,(anonymous_26)
FN:271,(anonymous_27)
FNF:28
FNH:0
FNDA:0,NewReviewModal
FNDA:0,(anonymous_1)
FNDA:0,(anonymous_2)
FNDA:0,(anonymous_3)
FNDA:0,(anonymous_4)
FNDA:0,(anonymous_5)
FNDA:0,(anonymous_6)
FNDA:0,(anonymous_7)
FNDA:0,(anonymous_8)
FNDA:0,(anonymous_9)
FNDA:0,(anonymous_10)
FNDA:0,(anonymous_11)
FNDA:0,(anonymous_12)
FNDA:0,(anonymous_13)
FNDA:0,(anonymous_14)
FNDA:0,(anonymous_15)
FNDA:0,(anonymous_16)
FNDA:0,(anonymous_17)
FNDA:0,(anonymous_18)
FNDA:0,(anonymous_19)
FNDA:0,(anonymous_20)
FNDA:0,(anonymous_21)
FNDA:0,(anonymous_22)
FNDA:0,(anonymous_23)
FNDA:0,(anonymous_24)
FNDA:0,(anonymous_25)
FNDA:0,(anonymous_26)
FNDA:0,(anonymous_27)
DA:16,0
DA:17,0
DA:18,0
DA:19,0
DA:20,0
DA:21,0
DA:22,0
DA:23,0
DA:24,0
DA:25,0
DA:26,0
DA:28,0
DA:29,0
DA:35,0
DA:36,0
DA:37,0
DA:38,0
DA:39,0
DA:43,0
DA:45,0
DA:46,0
DA:47,0
DA:48,0
DA:53,0
DA:54,0
DA:55,0
DA:56,0
DA:57,0
DA:59,0
DA:62,0
DA:65,0
DA:66,0
DA:69,0
DA:70,0
DA:72,0
DA:74,0
DA:76,0
DA:78,0
DA:80,0
DA:82,0
DA:86,0
DA:88,0
DA:115,0
DA:126,0
DA:147,0
DA:154,0
DA:161,0
DA:168,0
DA:191,0
DA:216,0
DA:229,0
DA:248,0
DA:272,0
LF:53
LH:0
BRDA:38,0,0,0
BRDA:38,0,1,0
BRDA:56,1,0,0
BRDA:56,1,1,0
BRDA:70,2,0,0
BRDA:70,2,1,0
BRDA:70,2,2,0
BRDA:70,2,3,0
BRDA:70,2,4,0
BRDA:70,2,5,0
BRDA:151,3,0,0
BRDA:151,3,1,0
BRDA:169,4,0,0
BRDA:169,4,1,0
BRDA:169,4,2,0
BRDA:219,5,0,0
BRDA:219,5,1,0
BRDA:232,6,0,0
BRDA:232,6,1,0
BRF:19
BRH:0
end_of_record
TN:
SF:client/src/components/ratingsReviews/subComponents/ProductBreakdown.jsx
FN:3,(anonymous_0)
FNF:1
FNH:1
FNDA:1,(anonymous_0)
DA:3,1
DA:4,1
LF:2
LH:2
BRF:0
BRH:0
end_of_record
TN:
SF:client/src/components/ratingsReviews/subComponents/RatingsBreakdown.jsx
FN:3,(anonymous_0)
FNF:1
FNH:1
FNDA:1,(anonymous_0)
DA:3,1
DA:4,1
LF:2
LH:2
BRF:0
BRH:0
end_of_record
TN:
SF:client/src/components/ratingsReviews/subComponents/ReviewList.jsx
FN:8,ReviewList
FN:11,(anonymous_1)
FN:13,(anonymous_2)
FN:15,(anonymous_3)
FN:18,(anonymous_4)
FN:22,(anonymous_5)
FN:30,(anonymous_6)
FN:39,(anonymous_7)
FN:45,(anonymous_8)
FN:54,(anonymous_9)
FN:74,(anonymous_10)
FN:95,(anonymous_11)
FNF:12
FNH:7
FNDA:4,ReviewList
FNDA:9,(anonymous_1)
FNDA:9,(anonymous_2)
FNDA:9,(anonymous_3)
FNDA:1,(anonymous_4)
FNDA:2,(anonymous_5)
FNDA:0,(anonymous_6)
FNDA:0,(anonymous_7)
FNDA:0,(anonymous_8)
FNDA:0,(anonymous_9)
FNDA:2,(anonymous_10)
FNDA:0,(anonymous_11)
DA:9,4
DA:10,4
DA:11,9
DA:12,4
DA:13,9
DA:14,4
DA:15,9
DA:16,4
DA:18,4
DA:22,4
DA:23,2
DA:24,2
DA:25,0
DA:26,0
DA:30,4
DA:31,0
DA:32,0
DA:33,0
DA:39,4
DA:40,0
DA:41,0
DA:42,0
DA:45,4
DA:46,0
DA:48,0
DA:49,0
DA:50,0
DA:51,0
DA:53,0
DA:54,0
DA:55,0
DA:56,0
DA:62,4
DA:75,2
DA:96,0
DA:97,0
DA:98,0
DA:99,0
DA:100,0
DA:101,0
LF:40
LH:17
BRDA:23,0,0,2
BRDA:23,0,1,0
BRDA:25,1,0,0
BRDA:25,1,1,0
BRDA:34,2,0,0
BRDA:34,2,1,0
BRDA:48,3,0,0
BRDA:48,3,1,0
BRDA:53,4,0,0
BRDA:53,4,1,0
BRDA:55,5,0,0
BRDA:55,5,1,0
BRDA:76,6,0,0
BRDA:76,6,1,2
BRDA:84,7,0,4
BRDA:84,7,1,0
BRDA:91,8,0,4
BRDA:91,8,1,4
BRDA:91,8,2,0
BRF:19
BRH:5
end_of_record
TN:
SF:client/src/components/ratingsReviews/subComponents/ReviewListTile.jsx
FN:12,ReviewListTile
FN:14,(anonymous_1)
FN:25,(anonymous_2)
FN:33,(anonymous_3)
FN:37,(anonymous_4)
FN:48,(anonymous_5)
FN:83,(anonymous_6)
FN:84,(anonymous_7)
FN:95,(anonymous_8)
FN:102,(anonymous_9)
FN:103,(anonymous_10)
FN:147,(anonymous_11)
FN:148,(anonymous_12)
FN:201,(anonymous_13)
FN:206,(anonymous_14)
FN:213,(anonymous_15)
FN:231,(anonymous_16)
FN:236,(anonymous_17)
FN:243,(anonymous_18)
FNF:19
FNH:3
FNDA:2,ReviewListTile
FNDA:0,(anonymous_1)
FNDA:0,(anonymous_2)
FNDA:0,(anonymous_3)
FNDA:6,(anonymous_4)
FNDA:0,(anonymous_5)
FNDA:0,(anonymous_6)
FNDA:0,(anonymous_7)
FNDA:1,(anonymous_8)
FNDA:0,(anonymous_9)
FNDA:0,(anonymous_10)
FNDA:0,(anonymous_11)
FNDA:0,(anonymous_12)
FNDA:0,(anonymous_13)
FNDA:0,(anonymous_14)
FNDA:0,(anonymous_15)
FNDA:0,(anonymous_16)
FNDA:0,(anonymous_17)
FNDA:0,(anonymous_18)
DA:13,2
DA:14,2
DA:15,0
DA:16,0
DA:17,0
DA:19,2
DA:20,2
DA:21,2
DA:22,2
DA:23,2
DA:25,2
DA:26,0
DA:27,0
DA:28,0
DA:29,0
DA:33,2
DA:34,0
DA:37,2
DA:38,6
DA:39,6
DA:47,6
DA:48,6
DA:51,2
DA:83,0
DA:85,0
DA:86,0
DA:96,1
DA:102,0
DA:104,0
DA:105,0
DA:147,0
DA:149,0
DA:150,0
DA:202,0
DA:203,0
DA:207,0
DA:208,0
DA:210,0
DA:214,0
DA:215,0
DA:232,0
DA:233,0
DA:237,0
DA:238,0
DA:240,0
DA:244,0
DA:245,0
DA:255,1
LF:48
LH:17
BRDA:27,0,0,0
BRDA:27,0,1,0
BRDA:77,1,0,1
BRDA:77,1,1,1
BRDA:77,2,0,0
BRDA:77,2,1,1
BRDA:78,3,0,2
BRDA:78,3,1,1
BRDA:85,4,0,0
BRDA:85,4,1,0
BRDA:85,5,0,0
BRDA:85,5,1,0
BRDA:90,6,0,0
BRDA:90,6,1,1
BRDA:104,7,0,0
BRDA:104,7,1,0
BRDA:104,8,0,0
BRDA:104,8,1,0
BRDA:122,9,0,1
BRDA:122,9,1,1
BRDA:128,10,0,1
BRDA:128,10,1,0
BRDA:141,11,0,1
BRDA:141,11,1,0
BRDA:141,12,0,0
BRDA:141,12,1,0
BRDA:142,13,0,1
BRDA:142,13,1,0
BRDA:149,14,0,0
BRDA:149,14,1,0
BRDA:149,15,0,0
BRDA:149,15,1,0
BRDA:154,16,0,0
BRDA:154,16,1,0
BRDA:170,17,0,1
BRDA:170,17,1,1
BRDA:189,18,0,2
BRDA:189,18,1,2
BRDA:202,19,0,0
BRDA:202,19,1,0
BRDA:202,20,0,0
BRDA:202,20,1,0
BRDA:207,21,0,0
BRDA:207,21,1,0
BRDA:219,22,0,2
BRDA:219,22,1,2
BRDA:232,23,0,0
BRDA:232,23,1,0
BRDA:232,24,0,0
BRDA:232,24,1,0
BRDA:237,25,0,0
BRDA:237,25,1,0
BRF:52
BRH:17
end_of_record
TN:
SF:client/src/components/ratingsReviews/subComponents/SortOptions.jsx
FN:5,SortOptions
FN:7,(anonymous_1)
FN:13,(anonymous_2)
FN:21,(anonymous_3)
FNF:4
FNH:3
FNDA:1,SortOptions
FNDA:6,(anonymous_1)
FNDA:0,(anonymous_2)
FNDA:3,(anonymous_3)
DA:6,1
DA:7,6
DA:8,1
DA:13,1
DA:14,0
DA:16,1
DA:22,3
LF:7
LH:6
BRF:0
BRH:0
end_of_record
TN:
SF:client/src/components/relatedItems/index.jsx
FN:3,RelatedItems
FNF:1
FNH:1
FNDA:1,RelatedItems
DA:4,1
LF:1
LH:1
BRF:0
BRH:0
end_of_record
TN:
SF:client/src/lib/cartRender.js
FN:1,renderCart
FN:6,hideCart
FNF:2
FNH:1
FNDA:0,renderCart
FNDA:1,hideCart
DA:2,0
DA:3,0
DA:7,1
DA:8,1
LF:4
LH:2
BRF:0
BRH:0
end_of_record
TN:
SF:client/src/lib/checkMobileBrowser.js
FN:1,checkMobileBrowser
FNF:1
FNH:1
FNDA:2,checkMobileBrowser
DA:2,2
DA:3,0
DA:5,2
LF:3
LH:2
BRDA:2,0,0,0
BRDA:2,0,1,2
BRF:2
BRH:1
end_of_record
TN:
SF:client/src/modular/ImageTile.jsx
FN:4,ImageTile
FNF:1
FNH:0
FNDA:0,ImageTile
DA:5,0
DA:23,1
LF:2
LH:1
BRF:0
BRH:0
end_of_record
TN:
SF:client/src/modular/Modal.jsx
FN:35,Modal
FN:37,(anonymous_1)
FN:38,(anonymous_2)
FN:39,(anonymous_3)
FN:41,closeModal
FN:48,renderComponent
FN:81,(anonymous_6)
FN:85,(anonymous_7)
FNF:8
FNH:0
FNDA:0,Modal
FNDA:0,(anonymous_1)
FNDA:0,(anonymous_2)
FNDA:0,(anonymous_3)
FNDA:0,closeModal
FNDA:0,renderComponent
FNDA:0,(anonymous_6)
FNDA:0,(anonymous_7)
DA:11,1
DA:25,1
DA:36,0
DA:37,0
DA:38,0
DA:39,0
DA:42,0
DA:45,0
DA:46,0
DA:49,0
DA:50,0
DA:51,0
DA:52,0
DA:53,0
DA:56,0
DA:60,0
DA:82,0
DA:83,0
DA:86,0
DA:87,0
LF:20
LH:2
BRDA:45,0,0,0
BRDA:45,0,1,0
BRDA:49,1,0,0
BRDA:49,1,1,0
BRDA:49,1,2,0
BRDA:49,1,3,0
BRDA:49,1,4,0
BRF:7
BRH:0
end_of_record
TN:
SF:client/src/modular/StarRatingView.jsx
FN:4,StarRatingView
FN:10,(anonymous_1)
FNF:2
FNH:2
FNDA:4,StarRatingView
FNDA:20,(anonymous_1)
DA:5,4
DA:6,4
DA:8,4
DA:11,20
DA:12,20
DA:13,13
DA:14,7
DA:15,0
DA:17,20
DA:26,1
LF:10
LH:9
BRDA:12,0,0,13
BRDA:12,0,1,7
BRDA:14,1,0,0
BRDA:14,1,1,7
BRDA:14,2,0,7
BRDA:14,2,1,4
BRF:6
BRH:5
end_of_record
TN:
SF:client/src/reducers/cartSlice.js
FN:17,(anonymous_0)
FN:20,(anonymous_1)
FN:23,(anonymous_2)
FN:29,(anonymous_3)
FN:29,(anonymous_4)
FN:32,(anonymous_5)
FN:34,(anonymous_6)
FN:36,(anonymous_7)
FN:53,(anonymous_8)
FN:53,(anonymous_9)
FN:58,(anonymous_10)
FN:58,(anonymous_11)
FNF:12
FNH:8
FNDA:1,(anonymous_0)
FNDA:0,(anonymous_1)
FNDA:0,(anonymous_2)
FNDA:1,(anonymous_3)
FNDA:1,(anonymous_4)
FNDA:3,(anonymous_5)
FNDA:6,(anonymous_6)
FNDA:18,(anonymous_7)
FNDA:1,(anonymous_8)
FNDA:1,(anonymous_9)
FNDA:0,(anonymous_10)
FNDA:0,(anonymous_11)
DA:8,1
DA:10,1
DA:18,1
DA:21,0
DA:24,0
DA:29,1
DA:30,1
DA:31,1
DA:32,1
DA:33,3
DA:34,3
DA:35,6
DA:36,6
DA:37,18
DA:48,3
DA:50,1
DA:53,1
DA:54,1
DA:55,0
DA:58,1
DA:59,0
DA:60,0
DA:71,1
LF:23
LH:18
BRF:0
BRH:0
end_of_record
TN:
SF:client/src/reducers/modalSlice.js
FN:11,(anonymous_0)
FN:14,(anonymous_1)
FN:17,(anonymous_2)
FNF:3
FNH:0
FNDA:0,(anonymous_0)
FNDA:0,(anonymous_1)
FNDA:0,(anonymous_2)
DA:3,1
DA:12,0
DA:15,0
DA:18,0
DA:23,1
LF:5
LH:2
BRF:0
BRH:0
end_of_record
TN:
SF:client/src/reducers/productSlice.js
FN:27,(anonymous_0)
FN:30,(anonymous_1)
FN:45,(anonymous_2)
FN:47,(anonymous_3)
FN:52,(anonymous_4)
FN:54,(anonymous_5)
FN:58,(anonymous_6)
FN:61,(anonymous_7)
FN:64,(anonymous_8)
FN:67,(anonymous_9)
FN:73,(anonymous_10)
FN:73,(anonymous_11)
FN:78,(anonymous_12)
FN:78,(anonymous_13)
FNF:14
FNH:6
FNDA:1,(anonymous_0)
FNDA:1,(anonymous_1)
FNDA:0,(anonymous_2)
FNDA:0,(anonymous_3)
FNDA:0,(anonymous_4)
FNDA:0,(anonymous_5)
FNDA:0,(anonymous_6)
FNDA:0,(anonymous_7)
FNDA:0,(anonymous_8)
FNDA:0,(anonymous_9)
FNDA:1,(anonymous_10)
FNDA:1,(anonymous_11)
FNDA:1,(anonymous_12)
FNDA:1,(anonymous_13)
DA:5,1
DA:7,1
DA:28,1
DA:31,1
DA:32,1
DA:33,1
DA:34,1
DA:35,1
DA:36,1
DA:37,1
DA:38,1
DA:39,1
DA:40,1
DA:41,1
DA:42,1
DA:43,1
DA:46,0
DA:47,0
DA:49,0
DA:50,0
DA:51,0
DA:52,0
DA:53,0
DA:54,0
DA:56,0
DA:59,0
DA:62,0
DA:65,0
DA:68,0
DA:73,1
DA:74,1
DA:75,1
DA:78,1
DA:79,1
DA:80,1
DA:93,1
LF:36
LH:23
BRDA:53,0,0,0
BRDA:53,0,1,0
BRF:2
BRH:0
end_of_record
TN:
SF:client/src/reducers/qnaSlice.js
FN:17,(anonymous_0)
FN:23,(anonymous_1)
FN:28,(anonymous_2)
FN:34,(anonymous_3)
FN:38,(anonymous_4)
FN:42,(anonymous_5)
FN:45,(anonymous_6)
FNF:7
FNH:2
FNDA:1,(anonymous_0)
FNDA:1,(anonymous_1)
FNDA:0,(anonymous_2)
FNDA:0,(anonymous_3)
FNDA:0,(anonymous_4)
FNDA:0,(anonymous_5)
FNDA:0,(anonymous_6)
DA:3,1
DA:13,1
DA:18,1
DA:19,1
DA:20,1
DA:22,1
DA:23,1
DA:26,1
DA:29,0
DA:30,0
DA:31,0
DA:33,0
DA:34,0
DA:39,0
DA:40,0
DA:43,0
DA:46,0
DA:47,0
DA:48,0
DA:56,1
LF:20
LH:9
BRDA:30,0,0,0
BRDA:30,0,1,0
BRF:2
BRH:0
end_of_record
TN:
SF:client/src/reducers/reviewSlice.js
FN:20,(anonymous_0)
FN:28,(anonymous_1)
FN:28,(anonymous_2)
FN:35,(anonymous_3)
FN:40,(anonymous_4)
FN:42,(anonymous_5)
FN:55,(anonymous_6)
FN:55,(anonymous_7)
FNF:8
FNH:6
FNDA:1,(anonymous_0)
FNDA:1,(anonymous_1)
FNDA:1,(anonymous_2)
FNDA:1,(anonymous_3)
FNDA:5,(anonymous_4)
FNDA:5,(anonymous_5)
FNDA:0,(anonymous_6)
FNDA:0,(anonymous_7)
DA:4,1
DA:6,1
DA:7,1
DA:13,1
DA:21,1
DA:26,1
DA:28,1
DA:29,1
DA:30,1
DA:31,1
DA:33,1
DA:34,1
DA:35,1
DA:37,1
DA:39,1
DA:40,5
DA:41,1
DA:42,5
DA:43,1
DA:45,1
DA:46,1
DA:49,1
DA:51,0
DA:55,1
DA:56,0
DA:57,0
DA:58,0
DA:60,0
LF:28
LH:23
BRF:0
BRH:0
end_of_record
TN:
SF:client/src/reducers/sortSlice.js
FN:12,(anonymous_0)
FN:18,(anonymous_1)
FN:18,(anonymous_2)
FNF:3
FNH:0
FNDA:0,(anonymous_0)
FNDA:0,(anonymous_1)
FNDA:0,(anonymous_2)
DA:6,1
DA:13,0
DA:18,1
DA:19,0
DA:20,0
DA:24,1
LF:6
LH:3
BRF:0
BRH:0
end_of_record
TN:
SF:client/src/reducers/themeSlice.js
FN:9,(anonymous_0)
FNF:1
FNH:0
FNDA:0,(anonymous_0)
DA:3,1
DA:10,0
DA:16,1
LF:3
LH:2
BRF:0
BRH:0
end_of_record
TN:
SF:client/src/reducers/scripts/addCartData.js
FN:9,addCartData
FNF:1
FNH:0
FNDA:0,addCartData
DA:3,1
DA:10,0
LF:2
LH:1
BRF:0
BRH:0
end_of_record
TN:
SF:client/src/reducers/scripts/getCartData.js
FN:9,getCartData
FNF:1
FNH:1
FNDA:1,getCartData
DA:3,1
DA:10,1
DA:11,0
LF:3
LH:2
BRF:0
BRH:0
end_of_record
TN:
SF:client/src/reducers/scripts/getProductDetails.js
FN:9,objectDeconstructor
FN:11,(anonymous_1)
FN:17,appendProductPrimaryDetails
FN:28,appendProductStylesDetails
FN:36,getProductDetails
FNF:5
FNH:5
FNDA:8,objectDeconstructor
FNDA:32,(anonymous_1)
FNDA:4,appendProductPrimaryDetails
FNDA:4,appendProductStylesDetails
FNDA:4,getProductDetails
DA:3,1
DA:10,8
DA:11,8
DA:12,32
DA:14,8
DA:18,4
DA:19,4
DA:29,4
DA:30,4
DA:37,4
DA:38,4
DA:39,4
DA:40,4
DA:41,0
LF:14
LH:13
BRF:0
BRH:0
end_of_record
TN:
SF:client/src/reducers/scripts/getProductList.js
FN:9,getProductList
FNF:1
FNH:1
FNDA:2,getProductList
DA:3,1
DA:10,2
DA:11,2
LF:3
LH:3
BRF:0
BRH:0
end_of_record
TN:
SF:client/src/store/store.js
FNF:0
FNH:0
DA:10,1
LF:1
LH:1
BRF:0
BRH:0
end_of_record
