TN:
SF:client/src/components/productOverview/index.jsx
FN:13,ProductOverview
FN:15,(anonymous_1)
FN:18,(anonymous_2)
FNF:3
FNH:3
FNDA:1,ProductOverview
FNDA:2,(anonymous_1)
FNDA:1,(anonymous_2)
DA:11,1
DA:14,1
DA:15,2
DA:18,1
DA:19,1
DA:22,1
LF:6
LH:6
BRF:0
BRH:0
end_of_record
TN:
SF:client/src/components/productOverview/scripts/checkExpandedView.js
FN:3,checkExpandedView
FN:4,(anonymous_1)
FNF:2
FNH:2
FNDA:2,checkExpandedView
FNDA:3,(anonymous_1)
DA:4,3
DA:6,2
DA:7,0
DA:8,0
DA:9,0
DA:10,0
LF:6
LH:2
BRDA:6,0,0,0
BRDA:6,0,1,2
BRDA:8,1,0,0
BRDA:8,1,1,0
BRF:4
BRH:1
end_of_record
TN:
SF:client/src/components/productOverview/scripts/checkValidImage.js
FN:1,checkImage
FN:3,(anonymous_1)
FN:8,(anonymous_2)
FNF:3
FNH:1
FNDA:2,checkImage
FNDA:0,(anonymous_1)
FNDA:0,(anonymous_2)
DA:2,2
DA:3,2
DA:4,0
DA:5,0
DA:8,2
DA:9,0
DA:11,2
LF:7
LH:4
BRDA:4,0,0,0
BRDA:4,0,1,0
BRF:2
BRH:0
end_of_record
TN:
SF:client/src/components/productOverview/scripts/redirectionLink.js
FN:1,redirectionLink
FNF:1
FNH:0
FNDA:0,redirectionLink
DA:2,0
DA:3,0
DA:4,0
DA:5,0
LF:4
LH:0
BRF:0
BRH:0
end_of_record
TN:
SF:client/src/components/productOverview/scripts/scrollCarousel.js
FN:1,scrollCarousel
FNF:1
FNH:1
FNDA:1,scrollCarousel
DA:2,1
DA:3,1
DA:5,1
DA:6,1
DA:7,1
DA:8,0
DA:10,1
DA:11,1
DA:14,1
LF:9
LH:8
BRDA:5,0,0,1
BRDA:5,0,1,0
BRDA:7,1,0,0
BRDA:7,1,1,1
BRDA:10,2,0,1
BRDA:10,2,1,0
BRF:6
BRH:3
end_of_record
TN:
SF:client/src/components/productOverview/scripts/zoomPanning.js
FN:1,ZoomPanning
FN:6,getPhotoDimensions
FN:8,(anonymous_2)
FN:9,(anonymous_3)
FN:13,boundScroll
FN:21,(anonymous_5)
FNF:6
FNH:0
FNDA:0,ZoomPanning
FNDA:0,getPhotoDimensions
FNDA:0,(anonymous_2)
FNDA:0,(anonymous_3)
FNDA:0,boundScroll
FNDA:0,(anonymous_5)
DA:2,0
DA:3,0
DA:4,0
DA:7,0
DA:8,0
DA:9,0
DA:10,0
DA:14,0
DA:15,0
DA:16,0
DA:17,0
DA:18,0
DA:21,0
DA:22,0
DA:23,0
DA:28,0
DA:33,0
DA:38,0
DA:43,0
DA:49,0
LF:20
LH:0
BRDA:22,0,0,0
BRDA:22,0,1,0
BRF:2
BRH:0
end_of_record
TN:
SF:client/src/components/productOverview/subComponents/addToCart.jsx
FN:8,AddToCart
FN:10,(anonymous_1)
FN:11,(anonymous_2)
FN:12,(anonymous_3)
FN:13,(anonymous_4)
FN:14,(anonymous_5)
FN:15,(anonymous_6)
FN:21,(anonymous_7)
FN:24,sizeChangeHandler
FN:27,addToCartHandler
FN:31,favoriteHandler
FN:47,(anonymous_11)
FN:60,(anonymous_12)
FNF:13
FNH:10
FNDA:2,AddToCart
FNDA:3,(anonymous_1)
FNDA:3,(anonymous_2)
FNDA:3,(anonymous_3)
FNDA:3,(anonymous_4)
FNDA:3,(anonymous_5)
FNDA:1,(anonymous_6)
FNDA:8,(anonymous_7)
FNDA:0,sizeChangeHandler
FNDA:0,addToCartHandler
FNDA:0,favoriteHandler
FNDA:6,(anonymous_11)
FNDA:8,(anonymous_12)
DA:6,1
DA:9,2
DA:10,3
DA:11,3
DA:12,3
DA:13,3
DA:14,3
DA:15,2
DA:17,2
DA:18,2
DA:19,2
DA:20,1
DA:21,8
DA:25,0
DA:28,0
DA:29,0
DA:32,0
DA:35,2
DA:36,2
DA:37,2
DA:38,0
DA:39,0
DA:43,2
DA:48,6
DA:56,2
DA:61,8
DA:68,2
LF:27
LH:21
BRDA:19,0,0,1
BRDA:19,0,1,1
BRDA:37,1,0,0
BRDA:37,1,1,2
BRF:4
BRH:3
end_of_record
TN:
SF:client/src/components/productOverview/subComponents/imageGallery.jsx
FN:14,ImageGallery
FN:18,(anonymous_1)
FN:22,viewStateHandler
FN:25,zoomHandler
FN:43,(anonymous_4)
FN:56,(anonymous_5)
FNF:6
FNH:3
FNDA:2,ImageGallery
FNDA:3,(anonymous_1)
FNDA:0,viewStateHandler
FNDA:0,zoomHandler
FNDA:0,(anonymous_4)
FNDA:2,(anonymous_5)
DA:11,1
DA:12,1
DA:15,2
DA:16,2
DA:18,2
DA:19,3
DA:20,2
DA:23,0
DA:26,0
DA:27,0
DA:28,0
DA:30,0
DA:31,0
DA:33,0
DA:34,0
DA:35,0
DA:38,0
DA:42,2
DA:43,2
DA:44,0
DA:45,0
DA:46,0
DA:51,2
DA:56,2
DA:57,2
DA:58,0
DA:62,2
DA:64,2
LF:28
LH:14
BRDA:19,0,0,1
BRDA:19,0,1,2
BRDA:26,1,0,0
BRDA:26,1,1,0
BRDA:30,2,0,0
BRDA:30,2,1,0
BRDA:33,3,0,0
BRDA:33,3,1,0
BRDA:34,4,0,0
BRDA:34,4,1,0
BRDA:44,5,0,0
BRDA:44,5,1,0
BRDA:45,6,0,0
BRDA:45,6,1,0
BRDA:57,7,0,0
BRDA:57,7,1,2
BRF:16
BRH:3
end_of_record
TN:
SF:client/src/components/productOverview/subComponents/productDetails.jsx
FN:7,ProductDetails
FN:8,(anonymous_1)
FN:9,(anonymous_2)
FN:10,(anonymous_3)
FN:11,(anonymous_4)
FNF:5
FNH:5
FNDA:2,ProductDetails
FNDA:3,(anonymous_1)
FNDA:3,(anonymous_2)
FNDA:3,(anonymous_3)
FNDA:2,(anonymous_4)
DA:5,1
DA:8,3
DA:9,3
DA:10,3
DA:11,2
DA:12,2
DA:15,2
LF:7
LH:7
BRF:0
BRH:0
end_of_record
TN:
SF:client/src/components/productOverview/subComponents/productFeature.jsx
FN:6,ProductFeatures
FNF:1
FNH:1
FNDA:2,ProductFeatures
DA:4,1
DA:7,2
DA:9,2
DA:19,1
LF:4
LH:4
BRDA:7,0,0,2
BRDA:7,0,1,0
BRF:2
BRH:1
end_of_record
TN:
SF:client/src/components/productOverview/subComponents/productShopper.jsx
FN:16,ProductShopper
FN:19,(anonymous_1)
FN:20,(anonymous_2)
FN:21,(anonymous_3)
FN:22,(anonymous_4)
FN:23,(anonymous_5)
FN:24,(anonymous_6)
FN:27,(anonymous_7)
FNF:8
FNH:8
FNDA:2,ProductShopper
FNDA:3,(anonymous_1)
FNDA:3,(anonymous_2)
FNDA:3,(anonymous_3)
FNDA:3,(anonymous_4)
FNDA:3,(anonymous_5)
FNDA:3,(anonymous_6)
FNDA:6,(anonymous_7)
DA:8,1
DA:14,1
DA:19,3
DA:20,3
DA:21,3
DA:22,3
DA:23,3
DA:24,3
DA:25,2
DA:27,2
DA:28,6
DA:29,1
DA:31,6
DA:34,2
DA:35,2
DA:37,2
DA:38,0
DA:39,0
DA:43,2
DA:50,2
LF:20
LH:18
BRDA:28,0,0,1
BRDA:28,0,1,5
BRDA:37,1,0,0
BRDA:37,1,1,2
BRDA:58,2,0,2
BRDA:58,2,1,0
BRF:6
BRH:4
end_of_record
TN:
SF:client/src/components/productOverview/subComponents/socialMedia.jsx
FN:4,SocialMedia
FN:19,(anonymous_1)
FN:20,(anonymous_2)
FN:21,(anonymous_3)
FNF:4
FNH:1
FNDA:2,SocialMedia
FNDA:0,(anonymous_1)
FNDA:0,(anonymous_2)
FNDA:0,(anonymous_3)
DA:5,2
DA:6,2
DA:8,2
DA:9,2
DA:13,2
DA:17,2
DA:19,0
DA:20,0
DA:21,0
LF:9
LH:6
BRF:0
BRH:0
end_of_record
TN:
SF:client/src/components/productOverview/subComponents/styleSelector.jsx
FN:6,StyleSelector
FN:8,(anonymous_1)
FN:18,selectStyleHandler
FNF:3
FNH:2
FNDA:6,StyleSelector
FNDA:6,(anonymous_1)
FNDA:0,selectStyleHandler
DA:7,6
DA:8,6
DA:9,6
DA:10,6
DA:11,6
DA:13,6
DA:14,1
DA:15,1
DA:19,0
DA:20,0
DA:28,6
DA:30,6
DA:42,1
LF:13
LH:11
BRDA:13,0,0,1
BRDA:13,0,1,5
BRF:2
BRH:2
end_of_record
TN:
SF:client/src/components/productOverview/subComponents/thumbnailCard.jsx
FN:7,ThumbnailCard
FN:10,(anonymous_1)
FN:20,selectImageHandler
FNF:3
FNH:2
FNDA:36,ThumbnailCard
FNDA:36,(anonymous_1)
FNDA:0,selectImageHandler
DA:8,36
DA:9,36
DA:10,36
DA:12,36
DA:13,36
DA:14,1
DA:15,1
DA:18,36
DA:21,0
DA:24,36
DA:35,1
LF:11
LH:10
BRDA:13,0,0,1
BRDA:13,0,1,35
BRDA:13,1,0,36
BRDA:13,1,1,6
BRF:4
BRH:4
end_of_record
TN:
SF:client/src/components/productOverview/subComponents/thumbnailCarousel.jsx
FN:6,ThumbnailCarousel
FN:9,(anonymous_1)
FN:9,(anonymous_2)
FN:10,(anonymous_3)
FN:15,scrollUpHandler
FN:16,scrollDownHandler
FN:19,(anonymous_6)
FNF:7
FNH:5
FNDA:2,ThumbnailCarousel
FNDA:3,(anonymous_1)
FNDA:6,(anonymous_2)
FNDA:36,(anonymous_3)
FNDA:0,scrollUpHandler
FNDA:0,scrollDownHandler
FNDA:36,(anonymous_6)
DA:7,2
DA:8,2
DA:9,3
DA:10,6
DA:11,36
DA:13,2
DA:15,0
DA:16,0
DA:18,2
DA:20,36
DA:21,36
DA:30,2
LF:12
LH:10
BRDA:32,0,0,1
BRDA:32,0,1,1
BRDA:36,1,0,1
BRDA:36,1,1,1
BRF:4
BRH:4
end_of_record
TN:
SF:client/src/lib/checkMobileBrowser.js
FN:1,checkMobileBrowser
FNF:1
FNH:1
FNDA:2,checkMobileBrowser
DA:2,2
DA:3,0
DA:5,2
LF:3
LH:2
BRDA:2,0,0,0
BRDA:2,0,1,2
BRF:2
BRH:1
end_of_record
TN:
SF:client/src/modular/StarRatingView.jsx
FN:4,StarRatingView
FN:10,(anonymous_1)
FNF:2
FNH:2
FNDA:2,StarRatingView
FNDA:10,(anonymous_1)
DA:5,2
DA:6,2
DA:8,2
DA:11,10
DA:12,10
DA:13,8
DA:14,2
DA:15,0
DA:17,10
DA:26,1
LF:10
LH:9
BRDA:12,0,0,8
BRDA:12,0,1,2
BRDA:14,1,0,0
BRDA:14,1,1,2
BRDA:14,2,0,2
BRDA:14,2,1,2
BRF:6
BRH:5
end_of_record
TN:
SF:client/src/reducers/cartSlice.js
FN:14,(anonymous_0)
FN:17,(anonymous_1)
FN:23,(anonymous_2)
FN:23,(anonymous_3)
FN:29,(anonymous_4)
FN:29,(anonymous_5)
FN:33,(anonymous_6)
FN:38,(anonymous_7)
FN:38,(anonymous_8)
FNF:9
FNH:0
FNDA:0,(anonymous_0)
FNDA:0,(anonymous_1)
FNDA:0,(anonymous_2)
FNDA:0,(anonymous_3)
FNDA:0,(anonymous_4)
FNDA:0,(anonymous_5)
FNDA:0,(anonymous_6)
FNDA:0,(anonymous_7)
FNDA:0,(anonymous_8)
DA:6,1
DA:8,1
DA:15,0
DA:18,0
DA:23,1
DA:24,0
DA:26,0
DA:29,1
DA:30,0
DA:31,0
DA:32,0
DA:33,0
DA:34,0
DA:38,1
DA:39,0
DA:41,0
DA:47,0
DA:54,1
LF:18
LH:6
BRF:0
BRH:0
end_of_record
TN:
SF:client/src/reducers/modalSlice.js
FN:11,(anonymous_0)
FN:14,(anonymous_1)
FN:17,(anonymous_2)
FNF:3
FNH:0
FNDA:0,(anonymous_0)
FNDA:0,(anonymous_1)
FNDA:0,(anonymous_2)
DA:3,1
DA:12,0
DA:15,0
DA:18,0
DA:23,1
LF:5
LH:2
BRF:0
BRH:0
end_of_record
TN:
SF:client/src/reducers/productSlice.js
FN:27,(anonymous_0)
FN:30,(anonymous_1)
FN:45,(anonymous_2)
FN:47,(anonymous_3)
FN:52,(anonymous_4)
FN:54,(anonymous_5)
FN:58,(anonymous_6)
FN:61,(anonymous_7)
FN:64,(anonymous_8)
FN:67,(anonymous_9)
FN:73,(anonymous_10)
FN:73,(anonymous_11)
FN:78,(anonymous_12)
FN:78,(anonymous_13)
FNF:14
FNH:3
FNDA:0,(anonymous_0)
FNDA:1,(anonymous_1)
FNDA:0,(anonymous_2)
FNDA:0,(anonymous_3)
FNDA:0,(anonymous_4)
FNDA:0,(anonymous_5)
FNDA:0,(anonymous_6)
FNDA:0,(anonymous_7)
FNDA:0,(anonymous_8)
FNDA:0,(anonymous_9)
FNDA:1,(anonymous_10)
FNDA:1,(anonymous_11)
FNDA:0,(anonymous_12)
FNDA:0,(anonymous_13)
DA:5,1
DA:7,1
DA:28,0
DA:31,1
DA:32,1
DA:33,1
DA:34,1
DA:35,1
DA:36,1
DA:37,1
DA:38,1
DA:39,1
DA:40,1
DA:41,1
DA:42,1
DA:43,1
DA:46,0
DA:47,0
DA:49,0
DA:50,0
DA:51,0
DA:52,0
DA:53,0
DA:54,0
DA:56,0
DA:59,0
DA:62,0
DA:65,0
DA:68,0
DA:73,1
DA:74,1
DA:75,1
DA:78,1
DA:79,0
DA:80,0
DA:93,1
LF:36
LH:20
BRDA:53,0,0,0
BRDA:53,0,1,0
BRF:2
BRH:0
end_of_record
TN:
SF:client/src/reducers/qnaSlice.js
FN:17,(anonymous_0)
FN:23,(anonymous_1)
FN:28,(anonymous_2)
FN:34,(anonymous_3)
FN:38,(anonymous_4)
FN:42,(anonymous_5)
FN:45,(anonymous_6)
FNF:7
FNH:0
FNDA:0,(anonymous_0)
FNDA:0,(anonymous_1)
FNDA:0,(anonymous_2)
FNDA:0,(anonymous_3)
FNDA:0,(anonymous_4)
FNDA:0,(anonymous_5)
FNDA:0,(anonymous_6)
DA:3,1
DA:13,1
DA:18,0
DA:19,0
DA:20,0
DA:22,0
DA:23,0
DA:26,0
DA:29,0
DA:30,0
DA:31,0
DA:33,0
DA:34,0
DA:39,0
DA:40,0
DA:43,0
DA:46,0
DA:47,0
DA:48,0
DA:56,1
LF:20
LH:3
BRDA:30,0,0,0
BRDA:30,0,1,0
BRF:2
BRH:0
end_of_record
TN:
SF:client/src/reducers/reviewSlice.js
FN:20,(anonymous_0)
FN:28,(anonymous_1)
FN:28,(anonymous_2)
FN:35,(anonymous_3)
FN:48,(anonymous_4)
FN:48,(anonymous_5)
FNF:6
FNH:0
FNDA:0,(anonymous_0)
FNDA:0,(anonymous_1)
FNDA:0,(anonymous_2)
FNDA:0,(anonymous_3)
FNDA:0,(anonymous_4)
FNDA:0,(anonymous_5)
DA:4,1
DA:6,1
DA:7,1
DA:13,1
DA:21,0
DA:26,1
DA:28,1
DA:29,0
DA:30,0
DA:31,0
DA:33,0
DA:34,0
DA:35,0
DA:37,0
DA:39,0
DA:40,0
DA:41,0
DA:43,0
DA:44,0
DA:48,1
DA:49,0
DA:50,0
DA:51,0
DA:53,0
DA:54,0
LF:25
LH:7
BRF:0
BRH:0
end_of_record
TN:
SF:client/src/reducers/sortSlice.js
FN:12,(anonymous_0)
FN:18,(anonymous_1)
FN:18,(anonymous_2)
FNF:3
FNH:0
FNDA:0,(anonymous_0)
FNDA:0,(anonymous_1)
FNDA:0,(anonymous_2)
DA:6,1
DA:13,0
DA:18,1
DA:19,0
DA:20,0
DA:24,1
LF:6
LH:3
BRF:0
BRH:0
end_of_record
TN:
SF:client/src/reducers/themeSlice.js
FN:9,(anonymous_0)
FNF:1
FNH:0
FNDA:0,(anonymous_0)
DA:3,1
DA:10,0
DA:16,1
LF:3
LH:2
BRF:0
BRH:0
end_of_record
TN:
SF:client/src/reducers/scripts/addCartData.js
FN:9,addCartData
FNF:1
FNH:0
FNDA:0,addCartData
DA:3,1
DA:10,0
LF:2
LH:1
BRF:0
BRH:0
end_of_record
TN:
SF:client/src/reducers/scripts/getCartData.js
FN:9,getCartData
FNF:1
FNH:0
FNDA:0,getCartData
DA:3,1
DA:10,0
DA:11,0
LF:3
LH:1
BRF:0
BRH:0
end_of_record
TN:
SF:client/src/reducers/scripts/getProductDetails.js
FN:9,objectDeconstructor
FN:11,(anonymous_1)
FN:17,appendProductPrimaryDetails
FN:28,appendProductStylesDetails
FN:36,getProductDetails
FNF:5
FNH:5
FNDA:2,objectDeconstructor
FNDA:8,(anonymous_1)
FNDA:1,appendProductPrimaryDetails
FNDA:1,appendProductStylesDetails
FNDA:1,getProductDetails
DA:3,1
DA:10,2
DA:11,2
DA:12,8
DA:14,2
DA:18,1
DA:19,1
DA:29,1
DA:30,1
DA:37,1
DA:38,1
DA:39,1
DA:40,1
DA:41,0
LF:14
LH:13
BRF:0
BRH:0
end_of_record
TN:
SF:client/src/reducers/scripts/getProductList.js
FN:9,getProductList
FNF:1
FNH:0
FNDA:0,getProductList
DA:3,1
DA:10,0
DA:11,0
LF:3
LH:1
BRF:0
BRH:0
end_of_record
TN:
SF:client/src/store/store.js
FNF:0
FNH:0
DA:10,1
LF:1
LH:1
BRF:0
BRH:0
end_of_record
